mode: atomic
github.com/XinFinOrg/XDPoSChain/accounts/errors.go:59.46,63.2 1 0
github.com/XinFinOrg/XDPoSChain/accounts/errors.go:66.44,68.2 1 0
github.com/XinFinOrg/XDPoSChain/accounts/hd.go:67.63,72.9 3 29
github.com/XinFinOrg/XDPoSChain/accounts/hd.go:86.2,86.26 1 27
github.com/XinFinOrg/XDPoSChain/accounts/hd.go:89.2,89.39 1 26
github.com/XinFinOrg/XDPoSChain/accounts/hd.go:116.2,116.20 1 23
github.com/XinFinOrg/XDPoSChain/accounts/hd.go:73.28,74.50 1 0
github.com/XinFinOrg/XDPoSChain/accounts/hd.go:76.46,77.116 1 2
github.com/XinFinOrg/XDPoSChain/accounts/hd.go:79.47,80.30 1 17
github.com/XinFinOrg/XDPoSChain/accounts/hd.go:82.10,83.56 1 10
github.com/XinFinOrg/XDPoSChain/accounts/hd.go:86.26,88.3 1 1
github.com/XinFinOrg/XDPoSChain/accounts/hd.go:89.39,95.40 3 65
github.com/XinFinOrg/XDPoSChain/accounts/hd.go:100.3,101.10 2 65
github.com/XinFinOrg/XDPoSChain/accounts/hd.go:104.3,105.66 2 64
github.com/XinFinOrg/XDPoSChain/accounts/hd.go:111.3,114.33 2 62
github.com/XinFinOrg/XDPoSChain/accounts/hd.go:95.40,98.4 2 37
github.com/XinFinOrg/XDPoSChain/accounts/hd.go:101.10,103.4 1 1
github.com/XinFinOrg/XDPoSChain/accounts/hd.go:105.66,106.18 1 2
github.com/XinFinOrg/XDPoSChain/accounts/hd.go:109.4,109.93 1 2
github.com/XinFinOrg/XDPoSChain/accounts/hd.go:106.18,108.5 1 0
github.com/XinFinOrg/XDPoSChain/accounts/hd.go:121.44,123.33 2 0
github.com/XinFinOrg/XDPoSChain/accounts/hd.go:134.2,134.15 1 0
github.com/XinFinOrg/XDPoSChain/accounts/hd.go:123.33,125.30 2 0
github.com/XinFinOrg/XDPoSChain/accounts/hd.go:129.3,130.15 2 0
github.com/XinFinOrg/XDPoSChain/accounts/hd.go:125.30,128.4 2 0
github.com/XinFinOrg/XDPoSChain/accounts/hd.go:130.15,132.4 1 0
github.com/XinFinOrg/XDPoSChain/accounts/manager.go:43.47,46.35 2 0
github.com/XinFinOrg/XDPoSChain/accounts/manager.go:50.2,53.35 3 0
github.com/XinFinOrg/XDPoSChain/accounts/manager.go:57.2,64.35 2 0
github.com/XinFinOrg/XDPoSChain/accounts/manager.go:68.2,70.11 2 0
github.com/XinFinOrg/XDPoSChain/accounts/manager.go:46.35,48.3 1 0
github.com/XinFinOrg/XDPoSChain/accounts/manager.go:53.35,55.3 1 0
github.com/XinFinOrg/XDPoSChain/accounts/manager.go:64.35,67.3 2 0
github.com/XinFinOrg/XDPoSChain/accounts/manager.go:74.34,78.2 3 0
github.com/XinFinOrg/XDPoSChain/accounts/manager.go:82.29,84.15 1 0
github.com/XinFinOrg/XDPoSChain/accounts/manager.go:94.2,94.6 1 0
github.com/XinFinOrg/XDPoSChain/accounts/manager.go:84.15,86.35 2 0
github.com/XinFinOrg/XDPoSChain/accounts/manager.go:89.3,90.19 2 0
github.com/XinFinOrg/XDPoSChain/accounts/manager.go:86.35,88.4 1 0
github.com/XinFinOrg/XDPoSChain/accounts/manager.go:94.6,95.10 1 0
github.com/XinFinOrg/XDPoSChain/accounts/manager.go:96.30,99.22 2 0
github.com/XinFinOrg/XDPoSChain/accounts/manager.go:105.4,108.23 2 0
github.com/XinFinOrg/XDPoSChain/accounts/manager.go:110.26,113.10 2 0
github.com/XinFinOrg/XDPoSChain/accounts/manager.go:100.23,101.49 1 0
github.com/XinFinOrg/XDPoSChain/accounts/manager.go:102.23,103.48 1 0
github.com/XinFinOrg/XDPoSChain/accounts/manager.go:119.58,121.2 1 0
github.com/XinFinOrg/XDPoSChain/accounts/manager.go:124.39,131.2 5 0
github.com/XinFinOrg/XDPoSChain/accounts/manager.go:134.55,139.16 4 0
github.com/XinFinOrg/XDPoSChain/accounts/manager.go:142.2,142.38 1 0
github.com/XinFinOrg/XDPoSChain/accounts/manager.go:147.2,147.30 1 0
github.com/XinFinOrg/XDPoSChain/accounts/manager.go:139.16,141.3 1 0
github.com/XinFinOrg/XDPoSChain/accounts/manager.go:142.38,143.29 1 0
github.com/XinFinOrg/XDPoSChain/accounts/manager.go:143.29,145.4 1 0
github.com/XinFinOrg/XDPoSChain/accounts/manager.go:153.58,157.36 3 0
github.com/XinFinOrg/XDPoSChain/accounts/manager.go:162.2,162.31 1 0
github.com/XinFinOrg/XDPoSChain/accounts/manager.go:157.36,158.31 1 0
github.com/XinFinOrg/XDPoSChain/accounts/manager.go:158.31,160.4 1 0
github.com/XinFinOrg/XDPoSChain/accounts/manager.go:167.74,169.2 1 0
github.com/XinFinOrg/XDPoSChain/accounts/manager.go:175.56,176.33 1 0
github.com/XinFinOrg/XDPoSChain/accounts/manager.go:184.2,184.14 1 0
github.com/XinFinOrg/XDPoSChain/accounts/manager.go:176.33,177.49 1 0
github.com/XinFinOrg/XDPoSChain/accounts/manager.go:178.3,178.22 1 0
github.com/XinFinOrg/XDPoSChain/accounts/manager.go:182.3,182.71 1 0
github.com/XinFinOrg/XDPoSChain/accounts/manager.go:177.49,177.97 1 0
github.com/XinFinOrg/XDPoSChain/accounts/manager.go:178.22,180.12 2 0
github.com/XinFinOrg/XDPoSChain/accounts/manager.go:189.55,190.33 1 0
github.com/XinFinOrg/XDPoSChain/accounts/manager.go:198.2,198.14 1 0
github.com/XinFinOrg/XDPoSChain/accounts/manager.go:190.33,191.49 1 0
github.com/XinFinOrg/XDPoSChain/accounts/manager.go:192.3,192.22 1 0
github.com/XinFinOrg/XDPoSChain/accounts/manager.go:196.3,196.44 1 0
github.com/XinFinOrg/XDPoSChain/accounts/manager.go:191.49,191.97 1 0
github.com/XinFinOrg/XDPoSChain/accounts/manager.go:192.22,194.12 1 0
github.com/XinFinOrg/XDPoSChain/accounts/url.go:44.40,46.39 2 0
github.com/XinFinOrg/XDPoSChain/accounts/url.go:49.2,52.8 1 0
github.com/XinFinOrg/XDPoSChain/accounts/url.go:46.39,48.3 1 0
github.com/XinFinOrg/XDPoSChain/accounts/url.go:56.30,57.20 1 0
github.com/XinFinOrg/XDPoSChain/accounts/url.go:60.2,60.15 1 0
github.com/XinFinOrg/XDPoSChain/accounts/url.go:57.20,59.3 1 0
github.com/XinFinOrg/XDPoSChain/accounts/url.go:64.38,66.19 2 0
github.com/XinFinOrg/XDPoSChain/accounts/url.go:69.2,69.12 1 0
github.com/XinFinOrg/XDPoSChain/accounts/url.go:66.19,68.3 1 0
github.com/XinFinOrg/XDPoSChain/accounts/url.go:73.44,75.2 1 0
github.com/XinFinOrg/XDPoSChain/accounts/url.go:83.31,84.28 1 0
github.com/XinFinOrg/XDPoSChain/accounts/url.go:87.2,87.46 1 0
github.com/XinFinOrg/XDPoSChain/accounts/url.go:84.28,86.3 1 0
github.com/XinFinOrg/XDPoSChain/accounts/abi/method.go:48.35,51.38 3 225
github.com/XinFinOrg/XDPoSChain/accounts/abi/method.go:55.2,55.69 1 225
github.com/XinFinOrg/XDPoSChain/accounts/abi/method.go:51.38,54.3 2 348
github.com/XinFinOrg/XDPoSChain/accounts/abi/method.go:58.38,60.38 2 40
github.com/XinFinOrg/XDPoSChain/accounts/abi/method.go:63.2,64.40 2 40
github.com/XinFinOrg/XDPoSChain/accounts/abi/method.go:70.2,71.18 2 40
github.com/XinFinOrg/XDPoSChain/accounts/abi/method.go:74.2,74.133 1 40
github.com/XinFinOrg/XDPoSChain/accounts/abi/method.go:60.38,62.3 1 60
github.com/XinFinOrg/XDPoSChain/accounts/abi/method.go:64.40,65.27 1 0
github.com/XinFinOrg/XDPoSChain/accounts/abi/method.go:68.3,68.37 1 0
github.com/XinFinOrg/XDPoSChain/accounts/abi/method.go:65.27,67.4 1 0
github.com/XinFinOrg/XDPoSChain/accounts/abi/method.go:71.18,73.3 1 12
github.com/XinFinOrg/XDPoSChain/accounts/abi/method.go:77.34,79.2 1 223
github.com/XinFinOrg/XDPoSChain/accounts/abi/pack.go:29.49,32.2 2 33
github.com/XinFinOrg/XDPoSChain/accounts/abi/pack.go:36.61,37.13 1 148
github.com/XinFinOrg/XDPoSChain/accounts/abi/pack.go:38.21,39.31 1 87
github.com/XinFinOrg/XDPoSChain/accounts/abi/pack.go:40.16,41.75 1 13
github.com/XinFinOrg/XDPoSChain/accounts/abi/pack.go:42.17,43.43 1 9
github.com/XinFinOrg/XDPoSChain/accounts/abi/pack.go:47.3,47.55 1 9
github.com/XinFinOrg/XDPoSChain/accounts/abi/pack.go:48.14,49.26 1 1
github.com/XinFinOrg/XDPoSChain/accounts/abi/pack.go:52.3,52.46 1 0
github.com/XinFinOrg/XDPoSChain/accounts/abi/pack.go:53.15,54.43 1 2
github.com/XinFinOrg/XDPoSChain/accounts/abi/pack.go:57.3,57.66 1 2
github.com/XinFinOrg/XDPoSChain/accounts/abi/pack.go:58.32,59.43 1 36
github.com/XinFinOrg/XDPoSChain/accounts/abi/pack.go:62.3,62.56 1 36
github.com/XinFinOrg/XDPoSChain/accounts/abi/pack.go:63.10,64.28 1 0
github.com/XinFinOrg/XDPoSChain/accounts/abi/pack.go:43.43,45.4 1 9
github.com/XinFinOrg/XDPoSChain/accounts/abi/pack.go:49.26,51.4 1 1
github.com/XinFinOrg/XDPoSChain/accounts/abi/pack.go:54.43,56.4 1 0
github.com/XinFinOrg/XDPoSChain/accounts/abi/pack.go:59.43,61.4 1 36
github.com/XinFinOrg/XDPoSChain/accounts/abi/pack.go:69.42,70.36 1 161
github.com/XinFinOrg/XDPoSChain/accounts/abi/pack.go:71.83,72.52 1 53
github.com/XinFinOrg/XDPoSChain/accounts/abi/pack.go:73.78,74.39 1 78
github.com/XinFinOrg/XDPoSChain/accounts/abi/pack.go:75.19,76.44 1 30
github.com/XinFinOrg/XDPoSChain/accounts/abi/pack.go:77.10,78.28 1 0
github.com/XinFinOrg/XDPoSChain/accounts/abi/reflect.go:26.46,27.62 1 195
github.com/XinFinOrg/XDPoSChain/accounts/abi/reflect.go:30.2,30.10 1 194
github.com/XinFinOrg/XDPoSChain/accounts/abi/reflect.go:27.62,29.3 1 1
github.com/XinFinOrg/XDPoSChain/accounts/abi/reflect.go:35.82,36.14 1 298
github.com/XinFinOrg/XDPoSChain/accounts/abi/reflect.go:58.2,58.27 1 142
github.com/XinFinOrg/XDPoSChain/accounts/abi/reflect.go:37.9,38.15 1 40
github.com/XinFinOrg/XDPoSChain/accounts/abi/reflect.go:41.3,41.30 1 8
github.com/XinFinOrg/XDPoSChain/accounts/abi/reflect.go:42.10,43.15 1 32
github.com/XinFinOrg/XDPoSChain/accounts/abi/reflect.go:46.3,46.32 1 8
github.com/XinFinOrg/XDPoSChain/accounts/abi/reflect.go:47.10,48.15 1 50
github.com/XinFinOrg/XDPoSChain/accounts/abi/reflect.go:51.3,51.32 1 10
github.com/XinFinOrg/XDPoSChain/accounts/abi/reflect.go:52.10,53.15 1 34
github.com/XinFinOrg/XDPoSChain/accounts/abi/reflect.go:56.3,56.32 1 8
github.com/XinFinOrg/XDPoSChain/accounts/abi/reflect.go:38.15,40.4 1 32
github.com/XinFinOrg/XDPoSChain/accounts/abi/reflect.go:43.15,45.4 1 24
github.com/XinFinOrg/XDPoSChain/accounts/abi/reflect.go:48.15,50.4 1 40
github.com/XinFinOrg/XDPoSChain/accounts/abi/reflect.go:53.15,55.4 1 26
github.com/XinFinOrg/XDPoSChain/accounts/abi/reflect.go:63.62,67.2 3 45
github.com/XinFinOrg/XDPoSChain/accounts/abi/reflect.go:73.57,76.9 3 107
github.com/XinFinOrg/XDPoSChain/accounts/abi/reflect.go:86.2,86.12 1 79
github.com/XinFinOrg/XDPoSChain/accounts/abi/reflect.go:77.37,78.15 1 79
github.com/XinFinOrg/XDPoSChain/accounts/abi/reflect.go:79.43,80.15 1 0
github.com/XinFinOrg/XDPoSChain/accounts/abi/reflect.go:81.37,82.38 1 19
github.com/XinFinOrg/XDPoSChain/accounts/abi/reflect.go:83.10,84.81 1 9
github.com/XinFinOrg/XDPoSChain/accounts/abi/reflect.go:90.54,91.66 1 20
github.com/XinFinOrg/XDPoSChain/accounts/abi/reflect.go:94.2,94.12 1 19
github.com/XinFinOrg/XDPoSChain/accounts/abi/reflect.go:91.66,93.3 1 1
github.com/XinFinOrg/XDPoSChain/accounts/abi/reflect.go:99.24,101.11 1 29
github.com/XinFinOrg/XDPoSChain/accounts/abi/reflect.go:111.2,111.12 1 26
github.com/XinFinOrg/XDPoSChain/accounts/abi/reflect.go:102.22,102.22 0 15
github.com/XinFinOrg/XDPoSChain/accounts/abi/reflect.go:103.36,104.58 1 13
github.com/XinFinOrg/XDPoSChain/accounts/abi/reflect.go:108.10,109.62 1 1
github.com/XinFinOrg/XDPoSChain/accounts/abi/reflect.go:104.58,107.4 1 2
github.com/XinFinOrg/XDPoSChain/accounts/abi/reflect.go:115.58,117.27 2 16
github.com/XinFinOrg/XDPoSChain/accounts/abi/reflect.go:127.2,127.12 1 12
github.com/XinFinOrg/XDPoSChain/accounts/abi/reflect.go:117.27,119.18 2 35
github.com/XinFinOrg/XDPoSChain/accounts/abi/reflect.go:122.3,122.20 1 34
github.com/XinFinOrg/XDPoSChain/accounts/abi/reflect.go:125.3,125.23 1 31
github.com/XinFinOrg/XDPoSChain/accounts/abi/reflect.go:119.18,121.4 1 1
github.com/XinFinOrg/XDPoSChain/accounts/abi/reflect.go:122.20,124.4 1 3
github.com/XinFinOrg/XDPoSChain/accounts/abi/abi.go:36.42,40.41 3 75
github.com/XinFinOrg/XDPoSChain/accounts/abi/abi.go:44.2,44.17 1 75
github.com/XinFinOrg/XDPoSChain/accounts/abi/abi.go:40.41,42.3 1 0
github.com/XinFinOrg/XDPoSChain/accounts/abi/abi.go:52.71,54.16 1 27
github.com/XinFinOrg/XDPoSChain/accounts/abi/abi.go:63.2,64.12 2 27
github.com/XinFinOrg/XDPoSChain/accounts/abi/abi.go:68.2,69.16 2 25
github.com/XinFinOrg/XDPoSChain/accounts/abi/abi.go:73.2,73.47 1 23
github.com/XinFinOrg/XDPoSChain/accounts/abi/abi.go:54.16,57.17 2 0
github.com/XinFinOrg/XDPoSChain/accounts/abi/abi.go:60.3,60.24 1 0
github.com/XinFinOrg/XDPoSChain/accounts/abi/abi.go:57.17,59.4 1 0
github.com/XinFinOrg/XDPoSChain/accounts/abi/abi.go:64.12,66.3 1 2
github.com/XinFinOrg/XDPoSChain/accounts/abi/abi.go:69.16,71.3 1 2
github.com/XinFinOrg/XDPoSChain/accounts/abi/abi.go:77.78,78.22 1 83
github.com/XinFinOrg/XDPoSChain/accounts/abi/abi.go:83.2,83.41 1 82
github.com/XinFinOrg/XDPoSChain/accounts/abi/abi.go:91.2,91.66 1 0
github.com/XinFinOrg/XDPoSChain/accounts/abi/abi.go:78.22,80.3 1 1
github.com/XinFinOrg/XDPoSChain/accounts/abi/abi.go:83.41,84.26 1 68
github.com/XinFinOrg/XDPoSChain/accounts/abi/abi.go:87.3,87.42 1 68
github.com/XinFinOrg/XDPoSChain/accounts/abi/abi.go:84.26,86.4 1 0
github.com/XinFinOrg/XDPoSChain/accounts/abi/abi.go:88.8,88.46 1 14
github.com/XinFinOrg/XDPoSChain/accounts/abi/abi.go:88.46,90.3 1 14
github.com/XinFinOrg/XDPoSChain/accounts/abi/abi.go:95.50,105.54 2 75
github.com/XinFinOrg/XDPoSChain/accounts/abi/abi.go:109.2,111.31 3 75
github.com/XinFinOrg/XDPoSChain/accounts/abi/abi.go:134.2,134.12 1 75
github.com/XinFinOrg/XDPoSChain/accounts/abi/abi.go:105.54,107.3 1 0
github.com/XinFinOrg/XDPoSChain/accounts/abi/abi.go:111.31,112.21 1 193
github.com/XinFinOrg/XDPoSChain/accounts/abi/abi.go:113.22,116.5 1 0
github.com/XinFinOrg/XDPoSChain/accounts/abi/abi.go:118.23,124.5 1 182
github.com/XinFinOrg/XDPoSChain/accounts/abi/abi.go:125.16,130.5 1 11
github.com/XinFinOrg/XDPoSChain/accounts/abi/abi.go:139.61,140.37 1 20
github.com/XinFinOrg/XDPoSChain/accounts/abi/abi.go:145.2,145.63 1 0
github.com/XinFinOrg/XDPoSChain/accounts/abi/abi.go:140.37,141.44 1 175
github.com/XinFinOrg/XDPoSChain/accounts/abi/abi.go:141.44,143.4 1 20
github.com/XinFinOrg/XDPoSChain/accounts/abi/error.go:31.65,32.21 1 8
github.com/XinFinOrg/XDPoSChain/accounts/abi/error.go:35.2,35.47 1 8
github.com/XinFinOrg/XDPoSChain/accounts/abi/error.go:32.21,34.3 1 0
github.com/XinFinOrg/XDPoSChain/accounts/abi/error.go:40.54,41.64 1 76
github.com/XinFinOrg/XDPoSChain/accounts/abi/error.go:45.2,45.43 1 76
github.com/XinFinOrg/XDPoSChain/accounts/abi/error.go:49.2,49.25 1 73
github.com/XinFinOrg/XDPoSChain/accounts/abi/error.go:57.2,57.67 1 59
github.com/XinFinOrg/XDPoSChain/accounts/abi/error.go:60.2,60.12 1 57
github.com/XinFinOrg/XDPoSChain/accounts/abi/error.go:41.64,43.3 1 0
github.com/XinFinOrg/XDPoSChain/accounts/abi/error.go:45.43,47.3 1 3
github.com/XinFinOrg/XDPoSChain/accounts/abi/error.go:49.25,50.20 1 5
github.com/XinFinOrg/XDPoSChain/accounts/abi/error.go:50.20,52.4 1 4
github.com/XinFinOrg/XDPoSChain/accounts/abi/error.go:53.8,53.32 1 68
github.com/XinFinOrg/XDPoSChain/accounts/abi/error.go:53.32,55.3 1 10
github.com/XinFinOrg/XDPoSChain/accounts/abi/error.go:57.67,59.3 1 2
github.com/XinFinOrg/XDPoSChain/accounts/abi/error.go:65.51,66.38 1 331
github.com/XinFinOrg/XDPoSChain/accounts/abi/error.go:71.2,71.28 1 269
github.com/XinFinOrg/XDPoSChain/accounts/abi/error.go:66.38,68.3 1 62
github.com/XinFinOrg/XDPoSChain/accounts/abi/error.go:71.28,73.3 1 13
github.com/XinFinOrg/XDPoSChain/accounts/abi/error.go:73.8,73.57 1 256
github.com/XinFinOrg/XDPoSChain/accounts/abi/error.go:73.57,75.3 1 3
github.com/XinFinOrg/XDPoSChain/accounts/abi/error.go:75.8,77.3 1 253
github.com/XinFinOrg/XDPoSChain/accounts/abi/error.go:82.47,84.2 1 21
github.com/XinFinOrg/XDPoSChain/accounts/abi/event.go:36.36,38.37 2 0
github.com/XinFinOrg/XDPoSChain/accounts/abi/event.go:44.2,44.76 1 0
github.com/XinFinOrg/XDPoSChain/accounts/abi/event.go:38.37,40.20 2 0
github.com/XinFinOrg/XDPoSChain/accounts/abi/event.go:40.20,42.4 1 0
github.com/XinFinOrg/XDPoSChain/accounts/abi/event.go:49.33,52.33 3 2
github.com/XinFinOrg/XDPoSChain/accounts/abi/event.go:56.2,56.110 1 2
github.com/XinFinOrg/XDPoSChain/accounts/abi/event.go:52.33,55.3 2 3
github.com/XinFinOrg/XDPoSChain/accounts/abi/numbers.go:48.30,50.2 1 163
github.com/XinFinOrg/XDPoSChain/accounts/abi/numbers.go:53.37,54.18 1 2
github.com/XinFinOrg/XDPoSChain/accounts/abi/numbers.go:58.2,58.14 1 1
github.com/XinFinOrg/XDPoSChain/accounts/abi/numbers.go:55.95,56.14 1 1
github.com/XinFinOrg/XDPoSChain/accounts/abi/type.go:61.46,63.52 1 723
github.com/XinFinOrg/XDPoSChain/accounts/abi/type.go:67.2,71.32 2 723
github.com/XinFinOrg/XDPoSChain/accounts/abi/type.go:106.2,109.28 3 517
github.com/XinFinOrg/XDPoSChain/accounts/abi/type.go:123.2,123.43 1 515
github.com/XinFinOrg/XDPoSChain/accounts/abi/type.go:165.2,165.8 1 515
github.com/XinFinOrg/XDPoSChain/accounts/abi/type.go:63.52,65.3 1 0
github.com/XinFinOrg/XDPoSChain/accounts/abi/type.go:71.32,75.17 3 206
github.com/XinFinOrg/XDPoSChain/accounts/abi/type.go:79.3,84.21 4 206
github.com/XinFinOrg/XDPoSChain/accounts/abi/type.go:103.3,103.18 1 206
github.com/XinFinOrg/XDPoSChain/accounts/abi/type.go:75.17,77.4 1 0
github.com/XinFinOrg/XDPoSChain/accounts/abi/type.go:84.21,90.4 4 106
github.com/XinFinOrg/XDPoSChain/accounts/abi/type.go:90.9,90.28 1 100
github.com/XinFinOrg/XDPoSChain/accounts/abi/type.go:90.28,96.18 5 100
github.com/XinFinOrg/XDPoSChain/accounts/abi/type.go:99.4,99.59 1 100
github.com/XinFinOrg/XDPoSChain/accounts/abi/type.go:96.18,98.5 1 0
github.com/XinFinOrg/XDPoSChain/accounts/abi/type.go:100.9,102.4 1 0
github.com/XinFinOrg/XDPoSChain/accounts/abi/type.go:109.28,112.17 3 385
github.com/XinFinOrg/XDPoSChain/accounts/abi/type.go:112.17,114.4 1 0
github.com/XinFinOrg/XDPoSChain/accounts/abi/type.go:115.8,116.56 1 132
github.com/XinFinOrg/XDPoSChain/accounts/abi/type.go:116.56,120.4 1 2
github.com/XinFinOrg/XDPoSChain/accounts/abi/type.go:124.13,127.16 3 81
github.com/XinFinOrg/XDPoSChain/accounts/abi/type.go:128.14,131.17 3 217
github.com/XinFinOrg/XDPoSChain/accounts/abi/type.go:132.14,135.41 3 21
github.com/XinFinOrg/XDPoSChain/accounts/abi/type.go:136.17,140.20 4 60
github.com/XinFinOrg/XDPoSChain/accounts/abi/type.go:141.16,144.19 3 28
github.com/XinFinOrg/XDPoSChain/accounts/abi/type.go:145.15,146.19 1 105
github.com/XinFinOrg/XDPoSChain/accounts/abi/type.go:156.18,160.58 4 3
github.com/XinFinOrg/XDPoSChain/accounts/abi/type.go:161.10,162.59 1 0
github.com/XinFinOrg/XDPoSChain/accounts/abi/type.go:146.19,150.4 3 18
github.com/XinFinOrg/XDPoSChain/accounts/abi/type.go:150.9,155.4 4 87
github.com/XinFinOrg/XDPoSChain/accounts/abi/type.go:169.37,171.2 1 411
github.com/XinFinOrg/XDPoSChain/accounts/abi/type.go:173.53,177.40 2 194
github.com/XinFinOrg/XDPoSChain/accounts/abi/type.go:181.2,181.38 1 193
github.com/XinFinOrg/XDPoSChain/accounts/abi/type.go:197.2,197.31 1 148
github.com/XinFinOrg/XDPoSChain/accounts/abi/type.go:177.40,179.3 1 1
github.com/XinFinOrg/XDPoSChain/accounts/abi/type.go:181.38,184.32 2 45
github.com/XinFinOrg/XDPoSChain/accounts/abi/type.go:191.3,191.21 1 45
github.com/XinFinOrg/XDPoSChain/accounts/abi/type.go:184.32,186.18 2 99
github.com/XinFinOrg/XDPoSChain/accounts/abi/type.go:189.4,189.35 1 99
github.com/XinFinOrg/XDPoSChain/accounts/abi/type.go:186.18,188.5 1 0
github.com/XinFinOrg/XDPoSChain/accounts/abi/type.go:191.21,193.4 1 18
github.com/XinFinOrg/XDPoSChain/accounts/abi/type.go:193.9,193.28 1 27
github.com/XinFinOrg/XDPoSChain/accounts/abi/type.go:193.28,195.4 1 27
github.com/XinFinOrg/XDPoSChain/accounts/abi/type.go:202.43,204.2 1 307
github.com/XinFinOrg/XDPoSChain/accounts/abi/unpack.go:29.59,30.14 1 149
github.com/XinFinOrg/XDPoSChain/accounts/abi/unpack.go:31.21,32.21 1 20
github.com/XinFinOrg/XDPoSChain/accounts/abi/unpack.go:33.22,34.47 1 4
github.com/XinFinOrg/XDPoSChain/accounts/abi/unpack.go:35.22,36.47 1 30
github.com/XinFinOrg/XDPoSChain/accounts/abi/unpack.go:37.22,38.47 1 33
github.com/XinFinOrg/XDPoSChain/accounts/abi/unpack.go:39.20,40.27 1 4
github.com/XinFinOrg/XDPoSChain/accounts/abi/unpack.go:41.21,42.54 1 4
github.com/XinFinOrg/XDPoSChain/accounts/abi/unpack.go:43.21,44.54 1 6
github.com/XinFinOrg/XDPoSChain/accounts/abi/unpack.go:45.21,46.54 1 4
github.com/XinFinOrg/XDPoSChain/accounts/abi/unpack.go:47.10,48.34 1 44
github.com/XinFinOrg/XDPoSChain/accounts/abi/unpack.go:53.42,54.30 1 2
github.com/XinFinOrg/XDPoSChain/accounts/abi/unpack.go:59.2,59.18 1 2
github.com/XinFinOrg/XDPoSChain/accounts/abi/unpack.go:54.30,55.13 1 62
github.com/XinFinOrg/XDPoSChain/accounts/abi/unpack.go:55.13,57.4 1 0
github.com/XinFinOrg/XDPoSChain/accounts/abi/unpack.go:60.9,61.20 1 0
github.com/XinFinOrg/XDPoSChain/accounts/abi/unpack.go:62.9,63.19 1 2
github.com/XinFinOrg/XDPoSChain/accounts/abi/unpack.go:64.10,65.27 1 0
github.com/XinFinOrg/XDPoSChain/accounts/abi/unpack.go:71.73,72.23 1 1
github.com/XinFinOrg/XDPoSChain/accounts/abi/unpack.go:75.2,75.67 1 1
github.com/XinFinOrg/XDPoSChain/accounts/abi/unpack.go:80.2,80.8 1 1
github.com/XinFinOrg/XDPoSChain/accounts/abi/unpack.go:72.23,74.3 1 0
github.com/XinFinOrg/XDPoSChain/accounts/abi/unpack.go:75.67,77.3 1 0
github.com/XinFinOrg/XDPoSChain/accounts/abi/unpack.go:77.8,79.3 1 1
github.com/XinFinOrg/XDPoSChain/accounts/abi/unpack.go:84.63,85.25 1 12
github.com/XinFinOrg/XDPoSChain/accounts/abi/unpack.go:89.2,92.31 3 12
github.com/XinFinOrg/XDPoSChain/accounts/abi/unpack.go:85.25,87.3 1 0
github.com/XinFinOrg/XDPoSChain/accounts/abi/unpack.go:96.38,100.24 2 48
github.com/XinFinOrg/XDPoSChain/accounts/abi/unpack.go:104.2,104.13 1 48
github.com/XinFinOrg/XDPoSChain/accounts/abi/unpack.go:100.24,103.3 2 13
github.com/XinFinOrg/XDPoSChain/accounts/abi/unpack.go:108.81,109.14 1 68
github.com/XinFinOrg/XDPoSChain/accounts/abi/unpack.go:112.2,112.33 1 68
github.com/XinFinOrg/XDPoSChain/accounts/abi/unpack.go:117.2,119.20 2 67
github.com/XinFinOrg/XDPoSChain/accounts/abi/unpack.go:131.2,132.20 2 67
github.com/XinFinOrg/XDPoSChain/accounts/abi/unpack.go:136.2,136.57 1 67
github.com/XinFinOrg/XDPoSChain/accounts/abi/unpack.go:148.2,148.34 1 67
github.com/XinFinOrg/XDPoSChain/accounts/abi/unpack.go:109.14,111.3 1 0
github.com/XinFinOrg/XDPoSChain/accounts/abi/unpack.go:112.33,114.3 1 1
github.com/XinFinOrg/XDPoSChain/accounts/abi/unpack.go:119.20,122.3 1 19
github.com/XinFinOrg/XDPoSChain/accounts/abi/unpack.go:122.8,122.27 1 48
github.com/XinFinOrg/XDPoSChain/accounts/abi/unpack.go:122.27,125.3 1 48
github.com/XinFinOrg/XDPoSChain/accounts/abi/unpack.go:125.8,127.3 1 0
github.com/XinFinOrg/XDPoSChain/accounts/abi/unpack.go:132.20,134.3 1 48
github.com/XinFinOrg/XDPoSChain/accounts/abi/unpack.go:136.57,139.17 2 149
github.com/XinFinOrg/XDPoSChain/accounts/abi/unpack.go:144.3,144.48 1 149
github.com/XinFinOrg/XDPoSChain/accounts/abi/unpack.go:139.17,141.4 1 0
github.com/XinFinOrg/XDPoSChain/accounts/abi/unpack.go:153.70,154.28 1 271
github.com/XinFinOrg/XDPoSChain/accounts/abi/unpack.go:158.2,165.30 2 271
github.com/XinFinOrg/XDPoSChain/accounts/abi/unpack.go:174.2,174.13 1 263
github.com/XinFinOrg/XDPoSChain/accounts/abi/unpack.go:154.28,156.3 1 0
github.com/XinFinOrg/XDPoSChain/accounts/abi/unpack.go:165.30,167.17 2 45
github.com/XinFinOrg/XDPoSChain/accounts/abi/unpack.go:167.17,169.4 1 8
github.com/XinFinOrg/XDPoSChain/accounts/abi/unpack.go:170.8,172.3 1 226
github.com/XinFinOrg/XDPoSChain/accounts/abi/unpack.go:175.15,176.46 1 20
github.com/XinFinOrg/XDPoSChain/accounts/abi/unpack.go:177.15,178.49 1 48
github.com/XinFinOrg/XDPoSChain/accounts/abi/unpack.go:179.16,180.48 1 7
github.com/XinFinOrg/XDPoSChain/accounts/abi/unpack.go:181.21,182.48 1 149
github.com/XinFinOrg/XDPoSChain/accounts/abi/unpack.go:183.14,184.32 1 2
github.com/XinFinOrg/XDPoSChain/accounts/abi/unpack.go:185.17,186.50 1 14
github.com/XinFinOrg/XDPoSChain/accounts/abi/unpack.go:187.14,188.47 1 0
github.com/XinFinOrg/XDPoSChain/accounts/abi/unpack.go:189.15,190.40 1 10
github.com/XinFinOrg/XDPoSChain/accounts/abi/unpack.go:191.20,192.41 1 12
github.com/XinFinOrg/XDPoSChain/accounts/abi/unpack.go:193.18,194.43 1 1
github.com/XinFinOrg/XDPoSChain/accounts/abi/unpack.go:195.10,196.54 1 0
github.com/XinFinOrg/XDPoSChain/accounts/abi/unpack.go:201.88,206.40 4 45
github.com/XinFinOrg/XDPoSChain/accounts/abi/unpack.go:210.2,210.32 1 40
github.com/XinFinOrg/XDPoSChain/accounts/abi/unpack.go:214.2,220.29 6 40
github.com/XinFinOrg/XDPoSChain/accounts/abi/unpack.go:224.2,224.37 1 38
github.com/XinFinOrg/XDPoSChain/accounts/abi/unpack.go:227.2,229.8 3 37
github.com/XinFinOrg/XDPoSChain/accounts/abi/unpack.go:206.40,208.3 1 5
github.com/XinFinOrg/XDPoSChain/accounts/abi/unpack.go:210.32,212.3 1 0
github.com/XinFinOrg/XDPoSChain/accounts/abi/unpack.go:220.29,222.3 1 2
github.com/XinFinOrg/XDPoSChain/accounts/abi/unpack.go:224.37,226.3 1 1
github.com/XinFinOrg/XDPoSChain/accounts/abi/argument.go:37.60,44.16 3 263
github.com/XinFinOrg/XDPoSChain/accounts/abi/argument.go:48.2,49.16 2 263
github.com/XinFinOrg/XDPoSChain/accounts/abi/argument.go:52.2,55.12 3 263
github.com/XinFinOrg/XDPoSChain/accounts/abi/argument.go:44.16,46.3 1 0
github.com/XinFinOrg/XDPoSChain/accounts/abi/argument.go:49.16,51.3 1 0
github.com/XinFinOrg/XDPoSChain/accounts/abi/argument.go:60.51,62.32 2 102
github.com/XinFinOrg/XDPoSChain/accounts/abi/argument.go:67.2,67.12 1 102
github.com/XinFinOrg/XDPoSChain/accounts/abi/argument.go:62.32,63.19 1 159
github.com/XinFinOrg/XDPoSChain/accounts/abi/argument.go:63.19,65.4 1 151
github.com/XinFinOrg/XDPoSChain/accounts/abi/argument.go:71.51,73.32 2 161
github.com/XinFinOrg/XDPoSChain/accounts/abi/argument.go:78.2,78.12 1 161
github.com/XinFinOrg/XDPoSChain/accounts/abi/argument.go:73.32,74.19 1 230
github.com/XinFinOrg/XDPoSChain/accounts/abi/argument.go:74.19,76.4 1 218
github.com/XinFinOrg/XDPoSChain/accounts/abi/argument.go:82.43,84.2 1 80
github.com/XinFinOrg/XDPoSChain/accounts/abi/argument.go:87.69,90.46 1 82
github.com/XinFinOrg/XDPoSChain/accounts/abi/argument.go:93.2,94.16 2 82
github.com/XinFinOrg/XDPoSChain/accounts/abi/argument.go:97.2,97.25 1 80
github.com/XinFinOrg/XDPoSChain/accounts/abi/argument.go:100.2,100.52 1 51
github.com/XinFinOrg/XDPoSChain/accounts/abi/argument.go:90.46,92.3 1 0
github.com/XinFinOrg/XDPoSChain/accounts/abi/argument.go:94.16,96.3 1 2
github.com/XinFinOrg/XDPoSChain/accounts/abi/argument.go:97.25,99.3 1 29
github.com/XinFinOrg/XDPoSChain/accounts/abi/argument.go:103.93,111.71 2 29
github.com/XinFinOrg/XDPoSChain/accounts/abi/argument.go:115.2,115.28 1 26
github.com/XinFinOrg/XDPoSChain/accounts/abi/argument.go:120.2,120.45 1 22
github.com/XinFinOrg/XDPoSChain/accounts/abi/argument.go:146.2,146.12 1 18
github.com/XinFinOrg/XDPoSChain/accounts/abi/argument.go:111.71,113.3 1 3
github.com/XinFinOrg/XDPoSChain/accounts/abi/argument.go:115.28,116.66 1 15
github.com/XinFinOrg/XDPoSChain/accounts/abi/argument.go:116.66,118.4 1 4
github.com/XinFinOrg/XDPoSChain/accounts/abi/argument.go:120.45,124.15 2 40
github.com/XinFinOrg/XDPoSChain/accounts/abi/argument.go:125.23,127.18 2 20
github.com/XinFinOrg/XDPoSChain/accounts/abi/argument.go:130.37,131.23 1 20
github.com/XinFinOrg/XDPoSChain/accounts/abi/argument.go:134.4,135.61 2 20
github.com/XinFinOrg/XDPoSChain/accounts/abi/argument.go:139.4,139.59 1 19
github.com/XinFinOrg/XDPoSChain/accounts/abi/argument.go:142.11,143.69 1 0
github.com/XinFinOrg/XDPoSChain/accounts/abi/argument.go:127.18,129.5 1 1
github.com/XinFinOrg/XDPoSChain/accounts/abi/argument.go:131.23,133.5 1 0
github.com/XinFinOrg/XDPoSChain/accounts/abi/argument.go:135.61,137.5 1 1
github.com/XinFinOrg/XDPoSChain/accounts/abi/argument.go:139.59,141.5 1 2
github.com/XinFinOrg/XDPoSChain/accounts/abi/argument.go:150.94,151.32 1 51
github.com/XinFinOrg/XDPoSChain/accounts/abi/argument.go:154.2,158.28 4 51
github.com/XinFinOrg/XDPoSChain/accounts/abi/argument.go:167.2,167.59 1 50
github.com/XinFinOrg/XDPoSChain/accounts/abi/argument.go:151.32,153.3 1 0
github.com/XinFinOrg/XDPoSChain/accounts/abi/argument.go:158.28,160.66 1 1
github.com/XinFinOrg/XDPoSChain/accounts/abi/argument.go:164.3,164.56 1 1
github.com/XinFinOrg/XDPoSChain/accounts/abi/argument.go:160.66,162.4 1 0
github.com/XinFinOrg/XDPoSChain/accounts/abi/argument.go:173.34,177.23 3 17
github.com/XinFinOrg/XDPoSChain/accounts/abi/argument.go:183.2,183.13 1 17
github.com/XinFinOrg/XDPoSChain/accounts/abi/argument.go:177.23,181.3 2 5
github.com/XinFinOrg/XDPoSChain/accounts/abi/argument.go:189.77,192.49 3 89
github.com/XinFinOrg/XDPoSChain/accounts/abi/argument.go:212.2,212.20 1 80
github.com/XinFinOrg/XDPoSChain/accounts/abi/argument.go:192.49,194.28 2 122
github.com/XinFinOrg/XDPoSChain/accounts/abi/argument.go:207.3,207.17 1 122
github.com/XinFinOrg/XDPoSChain/accounts/abi/argument.go:210.3,210.43 1 113
github.com/XinFinOrg/XDPoSChain/accounts/abi/argument.go:194.28,206.4 1 17
github.com/XinFinOrg/XDPoSChain/accounts/abi/argument.go:207.17,209.4 1 9
github.com/XinFinOrg/XDPoSChain/accounts/abi/argument.go:217.75,219.2 1 0
github.com/XinFinOrg/XDPoSChain/accounts/abi/argument.go:222.70,225.31 2 25
github.com/XinFinOrg/XDPoSChain/accounts/abi/argument.go:230.2,234.33 3 24
github.com/XinFinOrg/XDPoSChain/accounts/abi/argument.go:241.2,242.25 2 24
github.com/XinFinOrg/XDPoSChain/accounts/abi/argument.go:264.2,266.17 2 23
github.com/XinFinOrg/XDPoSChain/accounts/abi/argument.go:225.31,227.3 1 1
github.com/XinFinOrg/XDPoSChain/accounts/abi/argument.go:234.33,235.31 1 37
github.com/XinFinOrg/XDPoSChain/accounts/abi/argument.go:235.31,237.4 1 10
github.com/XinFinOrg/XDPoSChain/accounts/abi/argument.go:237.9,239.4 1 27
github.com/XinFinOrg/XDPoSChain/accounts/abi/argument.go:242.25,246.17 3 37
github.com/XinFinOrg/XDPoSChain/accounts/abi/argument.go:250.3,250.40 1 36
github.com/XinFinOrg/XDPoSChain/accounts/abi/argument.go:246.17,248.4 1 1
github.com/XinFinOrg/XDPoSChain/accounts/abi/argument.go:250.40,258.4 3 20
github.com/XinFinOrg/XDPoSChain/accounts/abi/argument.go:258.9,261.4 1 16
github.com/XinFinOrg/XDPoSChain/accounts/abi/argument.go:271.38,272.40 1 56
github.com/XinFinOrg/XDPoSChain/accounts/abi/argument.go:275.2,275.21 1 56
github.com/XinFinOrg/XDPoSChain/accounts/abi/argument.go:278.2,278.47 1 55
github.com/XinFinOrg/XDPoSChain/accounts/abi/argument.go:272.40,274.3 1 3
github.com/XinFinOrg/XDPoSChain/accounts/abi/argument.go:275.21,277.3 1 1
github.com/XinFinOrg/XDPoSChain/accounts/abi/argument.go:282.74,285.38 3 21
github.com/XinFinOrg/XDPoSChain/accounts/abi/argument.go:293.2,293.12 1 20
github.com/XinFinOrg/XDPoSChain/accounts/abi/argument.go:285.38,287.32 1 45
github.com/XinFinOrg/XDPoSChain/accounts/abi/argument.go:287.32,288.65 1 19
github.com/XinFinOrg/XDPoSChain/accounts/abi/argument.go:288.65,290.5 1 1
github.com/XinFinOrg/XDPoSChain/accounts/abi/bind/base.go:88.156,96.2 1 0
github.com/XinFinOrg/XDPoSChain/accounts/abi/bind/base.go:100.179,105.16 3 0
github.com/XinFinOrg/XDPoSChain/accounts/abi/bind/base.go:108.2,109.16 2 0
github.com/XinFinOrg/XDPoSChain/accounts/abi/bind/base.go:112.2,113.30 2 0
github.com/XinFinOrg/XDPoSChain/accounts/abi/bind/base.go:105.16,107.3 1 0
github.com/XinFinOrg/XDPoSChain/accounts/abi/bind/base.go:109.16,111.3 1 0
github.com/XinFinOrg/XDPoSChain/accounts/abi/bind/base.go:120.110,122.17 1 0
github.com/XinFinOrg/XDPoSChain/accounts/abi/bind/base.go:126.2,127.16 2 0
github.com/XinFinOrg/XDPoSChain/accounts/abi/bind/base.go:130.2,136.18 2 0
github.com/XinFinOrg/XDPoSChain/accounts/abi/bind/base.go:161.2,161.16 1 0
github.com/XinFinOrg/XDPoSChain/accounts/abi/bind/base.go:164.2,164.45 1 0
github.com/XinFinOrg/XDPoSChain/accounts/abi/bind/base.go:122.17,124.3 1 0
github.com/XinFinOrg/XDPoSChain/accounts/abi/bind/base.go:127.16,129.3 1 0
github.com/XinFinOrg/XDPoSChain/accounts/abi/bind/base.go:136.18,138.10 2 0
github.com/XinFinOrg/XDPoSChain/accounts/abi/bind/base.go:141.3,142.37 2 0
github.com/XinFinOrg/XDPoSChain/accounts/abi/bind/base.go:138.10,140.4 1 0
github.com/XinFinOrg/XDPoSChain/accounts/abi/bind/base.go:142.37,144.64 1 0
github.com/XinFinOrg/XDPoSChain/accounts/abi/bind/base.go:144.64,146.5 1 0
github.com/XinFinOrg/XDPoSChain/accounts/abi/bind/base.go:146.10,146.29 1 0
github.com/XinFinOrg/XDPoSChain/accounts/abi/bind/base.go:146.29,148.5 1 0
github.com/XinFinOrg/XDPoSChain/accounts/abi/bind/base.go:150.8,152.37 2 0
github.com/XinFinOrg/XDPoSChain/accounts/abi/bind/base.go:152.37,154.68 1 0
github.com/XinFinOrg/XDPoSChain/accounts/abi/bind/base.go:154.68,156.5 1 0
github.com/XinFinOrg/XDPoSChain/accounts/abi/bind/base.go:156.10,156.29 1 0
github.com/XinFinOrg/XDPoSChain/accounts/abi/bind/base.go:156.29,158.5 1 0
github.com/XinFinOrg/XDPoSChain/accounts/abi/bind/base.go:161.16,163.3 1 0
github.com/XinFinOrg/XDPoSChain/accounts/abi/bind/base.go:168.120,171.16 2 0
github.com/XinFinOrg/XDPoSChain/accounts/abi/bind/base.go:174.2,174.44 1 0
github.com/XinFinOrg/XDPoSChain/accounts/abi/bind/base.go:171.16,173.3 1 0
github.com/XinFinOrg/XDPoSChain/accounts/abi/bind/base.go:179.82,181.2 1 0
github.com/XinFinOrg/XDPoSChain/accounts/abi/bind/base.go:185.122,190.18 3 0
github.com/XinFinOrg/XDPoSChain/accounts/abi/bind/base.go:193.2,194.23 2 0
github.com/XinFinOrg/XDPoSChain/accounts/abi/bind/base.go:203.2,204.21 2 0
github.com/XinFinOrg/XDPoSChain/accounts/abi/bind/base.go:210.2,211.19 2 0
github.com/XinFinOrg/XDPoSChain/accounts/abi/bind/base.go:228.2,229.21 2 0
github.com/XinFinOrg/XDPoSChain/accounts/abi/bind/base.go:234.2,234.24 1 0
github.com/XinFinOrg/XDPoSChain/accounts/abi/bind/base.go:237.2,238.16 2 0
github.com/XinFinOrg/XDPoSChain/accounts/abi/bind/base.go:241.2,241.92 1 0
github.com/XinFinOrg/XDPoSChain/accounts/abi/bind/base.go:244.2,244.22 1 0
github.com/XinFinOrg/XDPoSChain/accounts/abi/bind/base.go:190.18,192.3 1 0
github.com/XinFinOrg/XDPoSChain/accounts/abi/bind/base.go:194.23,196.17 2 0
github.com/XinFinOrg/XDPoSChain/accounts/abi/bind/base.go:196.17,198.4 1 0
github.com/XinFinOrg/XDPoSChain/accounts/abi/bind/base.go:199.8,201.3 1 0
github.com/XinFinOrg/XDPoSChain/accounts/abi/bind/base.go:204.21,206.17 2 0
github.com/XinFinOrg/XDPoSChain/accounts/abi/bind/base.go:206.17,208.4 1 0
github.com/XinFinOrg/XDPoSChain/accounts/abi/bind/base.go:211.19,213.22 1 0
github.com/XinFinOrg/XDPoSChain/accounts/abi/bind/base.go:221.3,223.17 3 0
github.com/XinFinOrg/XDPoSChain/accounts/abi/bind/base.go:213.22,214.99 1 0
github.com/XinFinOrg/XDPoSChain/accounts/abi/bind/base.go:214.99,216.5 1 0
github.com/XinFinOrg/XDPoSChain/accounts/abi/bind/base.go:216.10,216.29 1 0
github.com/XinFinOrg/XDPoSChain/accounts/abi/bind/base.go:216.29,218.5 1 0
github.com/XinFinOrg/XDPoSChain/accounts/abi/bind/base.go:223.17,225.4 1 0
github.com/XinFinOrg/XDPoSChain/accounts/abi/bind/base.go:229.21,231.3 1 0
github.com/XinFinOrg/XDPoSChain/accounts/abi/bind/base.go:231.8,233.3 1 0
github.com/XinFinOrg/XDPoSChain/accounts/abi/bind/base.go:234.24,236.3 1 0
github.com/XinFinOrg/XDPoSChain/accounts/abi/bind/base.go:238.16,240.3 1 0
github.com/XinFinOrg/XDPoSChain/accounts/abi/bind/base.go:241.92,243.3 1 0
github.com/XinFinOrg/XDPoSChain/accounts/abi/bind/base.go:249.135,251.17 1 0
github.com/XinFinOrg/XDPoSChain/accounts/abi/bind/base.go:255.2,258.16 3 0
github.com/XinFinOrg/XDPoSChain/accounts/abi/bind/base.go:262.2,269.21 3 0
github.com/XinFinOrg/XDPoSChain/accounts/abi/bind/base.go:275.2,276.16 2 0
github.com/XinFinOrg/XDPoSChain/accounts/abi/bind/base.go:279.2,279.69 1 0
github.com/XinFinOrg/XDPoSChain/accounts/abi/bind/base.go:290.2,290.16 1 0
github.com/XinFinOrg/XDPoSChain/accounts/abi/bind/base.go:293.2,293.23 1 0
github.com/XinFinOrg/XDPoSChain/accounts/abi/bind/base.go:251.17,253.3 1 0
github.com/XinFinOrg/XDPoSChain/accounts/abi/bind/base.go:258.16,260.3 1 0
github.com/XinFinOrg/XDPoSChain/accounts/abi/bind/base.go:269.21,271.3 1 0
github.com/XinFinOrg/XDPoSChain/accounts/abi/bind/base.go:276.16,278.3 1 0
github.com/XinFinOrg/XDPoSChain/accounts/abi/bind/base.go:279.69,280.28 1 0
github.com/XinFinOrg/XDPoSChain/accounts/abi/bind/base.go:287.3,287.13 1 0
github.com/XinFinOrg/XDPoSChain/accounts/abi/bind/base.go:280.28,281.11 1 0
github.com/XinFinOrg/XDPoSChain/accounts/abi/bind/base.go:282.21,282.21 0 0
github.com/XinFinOrg/XDPoSChain/accounts/abi/bind/base.go:283.16,284.15 1 0
github.com/XinFinOrg/XDPoSChain/accounts/abi/bind/base.go:290.16,292.3 1 0
github.com/XinFinOrg/XDPoSChain/accounts/abi/bind/base.go:298.133,300.17 1 0
github.com/XinFinOrg/XDPoSChain/accounts/abi/bind/base.go:304.2,307.16 3 0
github.com/XinFinOrg/XDPoSChain/accounts/abi/bind/base.go:311.2,317.23 3 0
github.com/XinFinOrg/XDPoSChain/accounts/abi/bind/base.go:320.2,321.16 2 0
github.com/XinFinOrg/XDPoSChain/accounts/abi/bind/base.go:324.2,324.23 1 0
github.com/XinFinOrg/XDPoSChain/accounts/abi/bind/base.go:300.17,302.3 1 0
github.com/XinFinOrg/XDPoSChain/accounts/abi/bind/base.go:307.16,309.3 1 0
github.com/XinFinOrg/XDPoSChain/accounts/abi/bind/base.go:317.23,319.3 1 0
github.com/XinFinOrg/XDPoSChain/accounts/abi/bind/base.go:321.16,323.3 1 0
github.com/XinFinOrg/XDPoSChain/accounts/abi/bind/base.go:328.87,329.23 1 0
github.com/XinFinOrg/XDPoSChain/accounts/abi/bind/base.go:334.2,335.49 2 0
github.com/XinFinOrg/XDPoSChain/accounts/abi/bind/base.go:340.2,340.50 1 0
github.com/XinFinOrg/XDPoSChain/accounts/abi/bind/base.go:329.23,330.60 1 0
github.com/XinFinOrg/XDPoSChain/accounts/abi/bind/base.go:330.60,332.4 1 0
github.com/XinFinOrg/XDPoSChain/accounts/abi/bind/base.go:335.49,336.18 1 0
github.com/XinFinOrg/XDPoSChain/accounts/abi/bind/base.go:336.18,338.4 1 0
github.com/XinFinOrg/XDPoSChain/accounts/abi/bind/base.go:345.57,346.16 1 0
github.com/XinFinOrg/XDPoSChain/accounts/abi/bind/base.go:349.2,349.12 1 0
github.com/XinFinOrg/XDPoSChain/accounts/abi/bind/base.go:346.16,348.3 1 0
github.com/XinFinOrg/XDPoSChain/accounts/abi/bind/bind.go:48.101,52.34 2 0
github.com/XinFinOrg/XDPoSChain/accounts/abi/bind/bind.go:131.2,145.51 5 0
github.com/XinFinOrg/XDPoSChain/accounts/abi/bind/bind.go:149.2,149.20 1 0
github.com/XinFinOrg/XDPoSChain/accounts/abi/bind/bind.go:157.2,157.29 1 0
github.com/XinFinOrg/XDPoSChain/accounts/abi/bind/bind.go:52.34,55.17 2 0
github.com/XinFinOrg/XDPoSChain/accounts/abi/bind/bind.go:59.3,59.48 1 0
github.com/XinFinOrg/XDPoSChain/accounts/abi/bind/bind.go:67.3,72.43 2 0
github.com/XinFinOrg/XDPoSChain/accounts/abi/bind/bind.go:98.3,98.42 1 0
github.com/XinFinOrg/XDPoSChain/accounts/abi/bind/bind.go:120.3,128.4 1 0
github.com/XinFinOrg/XDPoSChain/accounts/abi/bind/bind.go:55.17,57.4 1 0
github.com/XinFinOrg/XDPoSChain/accounts/abi/bind/bind.go:59.48,60.26 1 0
github.com/XinFinOrg/XDPoSChain/accounts/abi/bind/bind.go:63.4,63.12 1 0
github.com/XinFinOrg/XDPoSChain/accounts/abi/bind/bind.go:60.26,62.5 1 0
github.com/XinFinOrg/XDPoSChain/accounts/abi/bind/bind.go:72.43,79.44 5 0
github.com/XinFinOrg/XDPoSChain/accounts/abi/bind/bind.go:84.4,86.46 3 0
github.com/XinFinOrg/XDPoSChain/accounts/abi/bind/bind.go:92.4,92.22 1 0
github.com/XinFinOrg/XDPoSChain/accounts/abi/bind/bind.go:79.44,80.25 1 0
github.com/XinFinOrg/XDPoSChain/accounts/abi/bind/bind.go:80.25,82.6 1 0
github.com/XinFinOrg/XDPoSChain/accounts/abi/bind/bind.go:86.46,87.26 1 0
github.com/XinFinOrg/XDPoSChain/accounts/abi/bind/bind.go:87.26,89.6 1 0
github.com/XinFinOrg/XDPoSChain/accounts/abi/bind/bind.go:92.22,94.5 1 0
github.com/XinFinOrg/XDPoSChain/accounts/abi/bind/bind.go:94.10,96.5 1 0
github.com/XinFinOrg/XDPoSChain/accounts/abi/bind/bind.go:98.42,100.26 1 0
github.com/XinFinOrg/XDPoSChain/accounts/abi/bind/bind.go:104.4,109.44 5 0
github.com/XinFinOrg/XDPoSChain/accounts/abi/bind/bind.go:118.4,118.82 1 0
github.com/XinFinOrg/XDPoSChain/accounts/abi/bind/bind.go:100.26,101.13 1 0
github.com/XinFinOrg/XDPoSChain/accounts/abi/bind/bind.go:109.44,111.22 1 0
github.com/XinFinOrg/XDPoSChain/accounts/abi/bind/bind.go:111.22,112.26 1 0
github.com/XinFinOrg/XDPoSChain/accounts/abi/bind/bind.go:112.26,114.7 1 0
github.com/XinFinOrg/XDPoSChain/accounts/abi/bind/bind.go:145.51,147.3 1 0
github.com/XinFinOrg/XDPoSChain/accounts/abi/bind/bind.go:149.20,151.17 2 0
github.com/XinFinOrg/XDPoSChain/accounts/abi/bind/bind.go:154.3,154.27 1 0
github.com/XinFinOrg/XDPoSChain/accounts/abi/bind/bind.go:151.17,153.4 1 0
github.com/XinFinOrg/XDPoSChain/accounts/abi/bind/bind.go:175.89,180.32 4 0
github.com/XinFinOrg/XDPoSChain/accounts/abi/bind/bind.go:184.2,184.28 1 0
github.com/XinFinOrg/XDPoSChain/accounts/abi/bind/bind.go:180.32,183.3 1 0
github.com/XinFinOrg/XDPoSChain/accounts/abi/bind/bind.go:189.63,192.44 2 0
github.com/XinFinOrg/XDPoSChain/accounts/abi/bind/bind.go:195.2,196.12 2 0
github.com/XinFinOrg/XDPoSChain/accounts/abi/bind/bind.go:192.44,194.3 1 0
github.com/XinFinOrg/XDPoSChain/accounts/abi/bind/bind.go:202.39,206.2 3 0
github.com/XinFinOrg/XDPoSChain/accounts/abi/bind/bind.go:211.58,213.9 1 0
github.com/XinFinOrg/XDPoSChain/accounts/abi/bind/bind.go:214.48,215.42 1 0
github.com/XinFinOrg/XDPoSChain/accounts/abi/bind/bind.go:217.46,219.58 2 0
github.com/XinFinOrg/XDPoSChain/accounts/abi/bind/bind.go:221.85,223.19 2 0
github.com/XinFinOrg/XDPoSChain/accounts/abi/bind/bind.go:227.3,227.35 1 0
github.com/XinFinOrg/XDPoSChain/accounts/abi/bind/bind.go:229.45,230.29 1 0
github.com/XinFinOrg/XDPoSChain/accounts/abi/bind/bind.go:232.47,233.33 1 0
github.com/XinFinOrg/XDPoSChain/accounts/abi/bind/bind.go:235.10,236.37 1 0
github.com/XinFinOrg/XDPoSChain/accounts/abi/bind/bind.go:224.30,225.68 1 0
github.com/XinFinOrg/XDPoSChain/accounts/abi/bind/bind.go:242.65,245.2 1 0
github.com/XinFinOrg/XDPoSChain/accounts/abi/bind/bind.go:250.41,254.2 3 0
github.com/XinFinOrg/XDPoSChain/accounts/abi/bind/bind.go:259.60,261.9 1 0
github.com/XinFinOrg/XDPoSChain/accounts/abi/bind/bind.go:262.48,264.22 2 0
github.com/XinFinOrg/XDPoSChain/accounts/abi/bind/bind.go:267.3,267.21 1 0
github.com/XinFinOrg/XDPoSChain/accounts/abi/bind/bind.go:270.3,270.36 1 0
github.com/XinFinOrg/XDPoSChain/accounts/abi/bind/bind.go:272.46,274.22 2 0
github.com/XinFinOrg/XDPoSChain/accounts/abi/bind/bind.go:277.3,277.33 1 0
github.com/XinFinOrg/XDPoSChain/accounts/abi/bind/bind.go:279.85,283.22 2 0
github.com/XinFinOrg/XDPoSChain/accounts/abi/bind/bind.go:287.3,295.22 2 0
github.com/XinFinOrg/XDPoSChain/accounts/abi/bind/bind.go:298.3,298.34 1 0
github.com/XinFinOrg/XDPoSChain/accounts/abi/bind/bind.go:300.45,301.32 1 0
github.com/XinFinOrg/XDPoSChain/accounts/abi/bind/bind.go:303.47,304.33 1 0
github.com/XinFinOrg/XDPoSChain/accounts/abi/bind/bind.go:306.10,307.37 1 0
github.com/XinFinOrg/XDPoSChain/accounts/abi/bind/bind.go:264.22,266.4 1 0
github.com/XinFinOrg/XDPoSChain/accounts/abi/bind/bind.go:267.21,269.4 1 0
github.com/XinFinOrg/XDPoSChain/accounts/abi/bind/bind.go:274.22,276.4 1 0
github.com/XinFinOrg/XDPoSChain/accounts/abi/bind/bind.go:283.22,285.4 1 0
github.com/XinFinOrg/XDPoSChain/accounts/abi/bind/bind.go:295.22,297.4 1 0
github.com/XinFinOrg/XDPoSChain/accounts/abi/bind/bind.go:320.44,322.44 2 0
github.com/XinFinOrg/XDPoSChain/accounts/abi/bind/bind.go:325.2,325.14 1 0
github.com/XinFinOrg/XDPoSChain/accounts/abi/bind/bind.go:322.44,324.3 1 0
github.com/XinFinOrg/XDPoSChain/accounts/abi/bind/bind.go:330.46,332.43 2 0
github.com/XinFinOrg/XDPoSChain/accounts/abi/bind/bind.go:335.2,335.14 1 0
github.com/XinFinOrg/XDPoSChain/accounts/abi/bind/bind.go:332.43,334.3 1 0
github.com/XinFinOrg/XDPoSChain/accounts/abi/bind/bind.go:341.42,341.77 1 0
github.com/XinFinOrg/XDPoSChain/accounts/abi/bind/bind.go:347.62,348.18 1 0
github.com/XinFinOrg/XDPoSChain/accounts/abi/bind/bind.go:349.16,350.18 1 0
github.com/XinFinOrg/XDPoSChain/accounts/abi/bind/bind.go:351.18,352.20 1 0
github.com/XinFinOrg/XDPoSChain/accounts/abi/bind/bind.go:353.16,354.18 1 0
github.com/XinFinOrg/XDPoSChain/accounts/abi/bind/bind.go:355.18,356.19 1 0
github.com/XinFinOrg/XDPoSChain/accounts/abi/bind/bind.go:357.17,358.16 1 0
github.com/XinFinOrg/XDPoSChain/accounts/abi/bind/bind.go:359.19,360.17 1 0
github.com/XinFinOrg/XDPoSChain/accounts/abi/bind/bind.go:361.18,362.19 1 0
github.com/XinFinOrg/XDPoSChain/accounts/abi/bind/bind.go:363.10,365.22 2 0
github.com/XinFinOrg/XDPoSChain/accounts/abi/bind/bind.go:368.3,368.19 1 0
github.com/XinFinOrg/XDPoSChain/accounts/abi/bind/bind.go:365.22,367.4 1 0
github.com/XinFinOrg/XDPoSChain/accounts/abi/bind/bind.go:369.30,370.22 1 0
github.com/XinFinOrg/XDPoSChain/accounts/abi/bind/bind.go:373.4,373.66 1 0
github.com/XinFinOrg/XDPoSChain/accounts/abi/bind/bind.go:375.11,376.19 1 0
github.com/XinFinOrg/XDPoSChain/accounts/abi/bind/bind.go:370.22,372.5 1 0
github.com/XinFinOrg/XDPoSChain/accounts/abi/bind/bind.go:389.38,390.40 1 0
github.com/XinFinOrg/XDPoSChain/accounts/abi/bind/bind.go:393.2,393.21 1 0
github.com/XinFinOrg/XDPoSChain/accounts/abi/bind/bind.go:396.2,396.60 1 0
github.com/XinFinOrg/XDPoSChain/accounts/abi/bind/bind.go:390.40,392.3 1 0
github.com/XinFinOrg/XDPoSChain/accounts/abi/bind/bind.go:393.21,395.3 1 0
github.com/XinFinOrg/XDPoSChain/accounts/abi/bind/bind.go:400.40,401.40 1 0
github.com/XinFinOrg/XDPoSChain/accounts/abi/bind/bind.go:404.2,404.21 1 0
github.com/XinFinOrg/XDPoSChain/accounts/abi/bind/bind.go:407.2,407.60 1 0
github.com/XinFinOrg/XDPoSChain/accounts/abi/bind/bind.go:401.40,403.3 1 0
github.com/XinFinOrg/XDPoSChain/accounts/abi/bind/bind.go:404.21,406.3 1 0
github.com/XinFinOrg/XDPoSChain/accounts/abi/bind/bind.go:411.39,415.26 3 0
github.com/XinFinOrg/XDPoSChain/accounts/abi/bind/bind.go:431.2,431.15 1 0
github.com/XinFinOrg/XDPoSChain/accounts/abi/bind/bind.go:415.26,416.10 1 0
github.com/XinFinOrg/XDPoSChain/accounts/abi/bind/bind.go:417.15,418.46 1 0
github.com/XinFinOrg/XDPoSChain/accounts/abi/bind/bind.go:420.16,422.19 2 0
github.com/XinFinOrg/XDPoSChain/accounts/abi/bind/bind.go:424.17,425.18 1 0
github.com/XinFinOrg/XDPoSChain/accounts/abi/bind/bind.go:427.11,428.23 1 0
github.com/XinFinOrg/XDPoSChain/accounts/abi/bind/bind.go:436.42,437.19 1 0
github.com/XinFinOrg/XDPoSChain/accounts/abi/bind/bind.go:440.2,441.27 2 0
github.com/XinFinOrg/XDPoSChain/accounts/abi/bind/bind.go:454.2,454.13 1 0
github.com/XinFinOrg/XDPoSChain/accounts/abi/bind/bind.go:437.19,439.3 1 0
github.com/XinFinOrg/XDPoSChain/accounts/abi/bind/bind.go:441.27,443.21 1 0
github.com/XinFinOrg/XDPoSChain/accounts/abi/bind/bind.go:448.3,449.35 2 0
github.com/XinFinOrg/XDPoSChain/accounts/abi/bind/bind.go:452.3,452.23 1 0
github.com/XinFinOrg/XDPoSChain/accounts/abi/bind/bind.go:443.21,445.4 1 0
github.com/XinFinOrg/XDPoSChain/accounts/abi/bind/bind.go:449.35,451.4 1 0
github.com/XinFinOrg/XDPoSChain/accounts/abi/bind/topics.go:31.66,33.31 2 0
github.com/XinFinOrg/XDPoSChain/accounts/abi/bind/topics.go:96.2,96.20 1 0
github.com/XinFinOrg/XDPoSChain/accounts/abi/bind/topics.go:33.31,34.31 1 0
github.com/XinFinOrg/XDPoSChain/accounts/abi/bind/topics.go:34.31,38.31 2 0
github.com/XinFinOrg/XDPoSChain/accounts/abi/bind/topics.go:93.4,93.40 1 0
github.com/XinFinOrg/XDPoSChain/accounts/abi/bind/topics.go:39.21,40.28 1 0
github.com/XinFinOrg/XDPoSChain/accounts/abi/bind/topics.go:41.24,42.66 1 0
github.com/XinFinOrg/XDPoSChain/accounts/abi/bind/topics.go:43.18,45.52 2 0
github.com/XinFinOrg/XDPoSChain/accounts/abi/bind/topics.go:46.14,47.13 1 0
github.com/XinFinOrg/XDPoSChain/accounts/abi/bind/topics.go:50.14,52.52 2 0
github.com/XinFinOrg/XDPoSChain/accounts/abi/bind/topics.go:53.15,55.52 2 0
github.com/XinFinOrg/XDPoSChain/accounts/abi/bind/topics.go:56.15,58.52 2 0
github.com/XinFinOrg/XDPoSChain/accounts/abi/bind/topics.go:59.15,61.52 2 0
github.com/XinFinOrg/XDPoSChain/accounts/abi/bind/topics.go:62.15,64.52 2 0
github.com/XinFinOrg/XDPoSChain/accounts/abi/bind/topics.go:65.16,67.52 2 0
github.com/XinFinOrg/XDPoSChain/accounts/abi/bind/topics.go:68.16,70.52 2 0
github.com/XinFinOrg/XDPoSChain/accounts/abi/bind/topics.go:71.16,73.52 2 0
github.com/XinFinOrg/XDPoSChain/accounts/abi/bind/topics.go:74.16,76.28 2 0
github.com/XinFinOrg/XDPoSChain/accounts/abi/bind/topics.go:77.16,79.28 2 0
github.com/XinFinOrg/XDPoSChain/accounts/abi/bind/topics.go:81.12,85.12 2 0
github.com/XinFinOrg/XDPoSChain/accounts/abi/bind/topics.go:47.13,49.6 1 0
github.com/XinFinOrg/XDPoSChain/accounts/abi/bind/topics.go:86.93,87.77 1 0
github.com/XinFinOrg/XDPoSChain/accounts/abi/bind/topics.go:89.13,90.66 1 0
github.com/XinFinOrg/XDPoSChain/accounts/abi/bind/topics.go:110.85,112.32 1 0
github.com/XinFinOrg/XDPoSChain/accounts/abi/bind/topics.go:116.2,116.29 1 0
github.com/XinFinOrg/XDPoSChain/accounts/abi/bind/topics.go:188.2,188.12 1 0
github.com/XinFinOrg/XDPoSChain/accounts/abi/bind/topics.go:112.32,114.3 1 0
github.com/XinFinOrg/XDPoSChain/accounts/abi/bind/topics.go:116.29,117.19 1 0
github.com/XinFinOrg/XDPoSChain/accounts/abi/bind/topics.go:120.3,123.23 2 0
github.com/XinFinOrg/XDPoSChain/accounts/abi/bind/topics.go:186.3,186.22 1 0
github.com/XinFinOrg/XDPoSChain/accounts/abi/bind/topics.go:117.19,119.4 1 0
github.com/XinFinOrg/XDPoSChain/accounts/abi/bind/topics.go:124.21,125.43 1 0
github.com/XinFinOrg/XDPoSChain/accounts/abi/bind/topics.go:128.21,130.49 2 0
github.com/XinFinOrg/XDPoSChain/accounts/abi/bind/topics.go:132.22,134.50 2 0
github.com/XinFinOrg/XDPoSChain/accounts/abi/bind/topics.go:136.22,138.50 2 0
github.com/XinFinOrg/XDPoSChain/accounts/abi/bind/topics.go:140.22,142.43 2 0
github.com/XinFinOrg/XDPoSChain/accounts/abi/bind/topics.go:144.22,146.51 2 0
github.com/XinFinOrg/XDPoSChain/accounts/abi/bind/topics.go:148.23,150.52 2 0
github.com/XinFinOrg/XDPoSChain/accounts/abi/bind/topics.go:152.23,154.52 2 0
github.com/XinFinOrg/XDPoSChain/accounts/abi/bind/topics.go:156.23,158.44 2 0
github.com/XinFinOrg/XDPoSChain/accounts/abi/bind/topics.go:160.11,162.24 1 0
github.com/XinFinOrg/XDPoSChain/accounts/abi/bind/topics.go:125.43,127.5 1 0
github.com/XinFinOrg/XDPoSChain/accounts/abi/bind/topics.go:163.21,164.42 1 0
github.com/XinFinOrg/XDPoSChain/accounts/abi/bind/topics.go:166.24,169.37 3 0
github.com/XinFinOrg/XDPoSChain/accounts/abi/bind/topics.go:171.23,173.36 2 0
github.com/XinFinOrg/XDPoSChain/accounts/abi/bind/topics.go:175.12,177.12 1 0
github.com/XinFinOrg/XDPoSChain/accounts/abi/bind/topics.go:178.41,179.87 1 0
github.com/XinFinOrg/XDPoSChain/accounts/abi/bind/topics.go:181.13,182.65 1 0
github.com/XinFinOrg/XDPoSChain/accounts/abi/bind/util.go:31.101,36.6 4 2
github.com/XinFinOrg/XDPoSChain/accounts/abi/bind/util.go:36.6,38.21 2 4
github.com/XinFinOrg/XDPoSChain/accounts/abi/bind/util.go:41.3,41.17 1 2
github.com/XinFinOrg/XDPoSChain/accounts/abi/bind/util.go:47.3,47.10 1 2
github.com/XinFinOrg/XDPoSChain/accounts/abi/bind/util.go:38.21,40.4 1 2
github.com/XinFinOrg/XDPoSChain/accounts/abi/bind/util.go:41.17,43.4 1 0
github.com/XinFinOrg/XDPoSChain/accounts/abi/bind/util.go:43.9,45.4 1 2
github.com/XinFinOrg/XDPoSChain/accounts/abi/bind/util.go:48.21,49.25 1 0
github.com/XinFinOrg/XDPoSChain/accounts/abi/bind/util.go:50.24,50.24 0 2
github.com/XinFinOrg/XDPoSChain/accounts/abi/bind/util.go:57.104,58.20 1 2
github.com/XinFinOrg/XDPoSChain/accounts/abi/bind/util.go:61.2,62.16 2 2
github.com/XinFinOrg/XDPoSChain/accounts/abi/bind/util.go:65.2,65.51 1 2
github.com/XinFinOrg/XDPoSChain/accounts/abi/bind/util.go:71.2,72.34 2 2
github.com/XinFinOrg/XDPoSChain/accounts/abi/bind/util.go:75.2,75.37 1 2
github.com/XinFinOrg/XDPoSChain/accounts/abi/bind/util.go:58.20,60.3 1 0
github.com/XinFinOrg/XDPoSChain/accounts/abi/bind/util.go:62.16,64.3 1 0
github.com/XinFinOrg/XDPoSChain/accounts/abi/bind/util.go:65.51,67.3 1 0
github.com/XinFinOrg/XDPoSChain/accounts/abi/bind/util.go:72.34,74.3 1 1
github.com/XinFinOrg/XDPoSChain/accounts/abi/bind/auth.go:33.79,35.16 2 0
github.com/XinFinOrg/XDPoSChain/accounts/abi/bind/auth.go:38.2,39.16 2 0
github.com/XinFinOrg/XDPoSChain/accounts/abi/bind/auth.go:42.2,42.48 1 0
github.com/XinFinOrg/XDPoSChain/accounts/abi/bind/auth.go:35.16,37.3 1 0
github.com/XinFinOrg/XDPoSChain/accounts/abi/bind/auth.go:39.16,41.3 1 0
github.com/XinFinOrg/XDPoSChain/accounts/abi/bind/auth.go:47.62,51.112 2 0
github.com/XinFinOrg/XDPoSChain/accounts/abi/bind/auth.go:51.112,52.26 1 0
github.com/XinFinOrg/XDPoSChain/accounts/abi/bind/auth.go:55.4,56.18 2 0
github.com/XinFinOrg/XDPoSChain/accounts/abi/bind/auth.go:59.4,59.46 1 0
github.com/XinFinOrg/XDPoSChain/accounts/abi/bind/auth.go:52.26,54.5 1 0
github.com/XinFinOrg/XDPoSChain/accounts/abi/bind/auth.go:56.18,58.5 1 0
github.com/XinFinOrg/XDPoSChain/accounts/keystore/account_cache.go:43.44,43.61 1 3
github.com/XinFinOrg/XDPoSChain/accounts/keystore/account_cache.go:44.44,44.81 1 4858
github.com/XinFinOrg/XDPoSChain/accounts/keystore/account_cache.go:45.44,45.71 1 1644
github.com/XinFinOrg/XDPoSChain/accounts/keystore/account_cache.go:54.47,56.32 2 0
github.com/XinFinOrg/XDPoSChain/accounts/keystore/account_cache.go:62.2,62.63 1 0
github.com/XinFinOrg/XDPoSChain/accounts/keystore/account_cache.go:56.32,58.29 2 0
github.com/XinFinOrg/XDPoSChain/accounts/keystore/account_cache.go:58.29,60.4 1 0
github.com/XinFinOrg/XDPoSChain/accounts/keystore/account_cache.go:77.68,86.2 3 14
github.com/XinFinOrg/XDPoSChain/accounts/keystore/account_cache.go:88.55,95.2 6 1067
github.com/XinFinOrg/XDPoSChain/accounts/keystore/account_cache.go:97.62,102.2 4 14
github.com/XinFinOrg/XDPoSChain/accounts/keystore/account_cache.go:104.58,108.49 3 811
github.com/XinFinOrg/XDPoSChain/accounts/keystore/account_cache.go:109.2,109.48 1 811
github.com/XinFinOrg/XDPoSChain/accounts/keystore/account_cache.go:113.2,116.83 4 809
github.com/XinFinOrg/XDPoSChain/accounts/keystore/account_cache.go:108.49,108.98 1 5570
github.com/XinFinOrg/XDPoSChain/accounts/keystore/account_cache.go:109.48,111.3 1 2
github.com/XinFinOrg/XDPoSChain/accounts/keystore/account_cache.go:120.58,125.76 4 248
github.com/XinFinOrg/XDPoSChain/accounts/keystore/account_cache.go:125.76,127.3 1 248
github.com/XinFinOrg/XDPoSChain/accounts/keystore/account_cache.go:127.8,129.3 1 0
github.com/XinFinOrg/XDPoSChain/accounts/keystore/account_cache.go:133.51,136.49 3 3
github.com/XinFinOrg/XDPoSChain/accounts/keystore/account_cache.go:138.2,138.51 1 3
github.com/XinFinOrg/XDPoSChain/accounts/keystore/account_cache.go:136.49,136.86 1 3
github.com/XinFinOrg/XDPoSChain/accounts/keystore/account_cache.go:138.51,141.77 3 3
github.com/XinFinOrg/XDPoSChain/accounts/keystore/account_cache.go:141.77,143.4 1 3
github.com/XinFinOrg/XDPoSChain/accounts/keystore/account_cache.go:143.9,145.4 1 0
github.com/XinFinOrg/XDPoSChain/accounts/keystore/account_cache.go:149.88,150.23 1 499
github.com/XinFinOrg/XDPoSChain/accounts/keystore/account_cache.go:155.2,155.14 1 2
github.com/XinFinOrg/XDPoSChain/accounts/keystore/account_cache.go:150.23,151.23 1 28539
github.com/XinFinOrg/XDPoSChain/accounts/keystore/account_cache.go:151.23,153.4 1 497
github.com/XinFinOrg/XDPoSChain/accounts/keystore/account_cache.go:161.76,164.37 2 261
github.com/XinFinOrg/XDPoSChain/accounts/keystore/account_cache.go:167.2,167.22 1 261
github.com/XinFinOrg/XDPoSChain/accounts/keystore/account_cache.go:181.2,181.22 1 4
github.com/XinFinOrg/XDPoSChain/accounts/keystore/account_cache.go:164.37,166.3 1 257
github.com/XinFinOrg/XDPoSChain/accounts/keystore/account_cache.go:167.22,169.60 1 258
github.com/XinFinOrg/XDPoSChain/accounts/keystore/account_cache.go:172.3,172.26 1 258
github.com/XinFinOrg/XDPoSChain/accounts/keystore/account_cache.go:177.3,177.38 1 3
github.com/XinFinOrg/XDPoSChain/accounts/keystore/account_cache.go:169.60,171.4 1 2
github.com/XinFinOrg/XDPoSChain/accounts/keystore/account_cache.go:172.26,173.31 1 263
github.com/XinFinOrg/XDPoSChain/accounts/keystore/account_cache.go:173.31,175.5 1 255
github.com/XinFinOrg/XDPoSChain/accounts/keystore/account_cache.go:177.38,179.4 1 2
github.com/XinFinOrg/XDPoSChain/accounts/keystore/account_cache.go:182.9,183.25 1 1
github.com/XinFinOrg/XDPoSChain/accounts/keystore/account_cache.go:184.9,185.40 1 2
github.com/XinFinOrg/XDPoSChain/accounts/keystore/account_cache.go:186.10,190.33 4 1
github.com/XinFinOrg/XDPoSChain/accounts/keystore/account_cache.go:194.39,197.24 2 1332
github.com/XinFinOrg/XDPoSChain/accounts/keystore/account_cache.go:201.2,201.24 1 17
github.com/XinFinOrg/XDPoSChain/accounts/keystore/account_cache.go:212.2,215.19 4 14
github.com/XinFinOrg/XDPoSChain/accounts/keystore/account_cache.go:197.24,200.3 2 1315
github.com/XinFinOrg/XDPoSChain/accounts/keystore/account_cache.go:201.24,203.3 1 12
github.com/XinFinOrg/XDPoSChain/accounts/keystore/account_cache.go:203.8,204.10 1 5
github.com/XinFinOrg/XDPoSChain/accounts/keystore/account_cache.go:205.24,205.24 0 2
github.com/XinFinOrg/XDPoSChain/accounts/keystore/account_cache.go:206.11,208.10 2 3
github.com/XinFinOrg/XDPoSChain/accounts/keystore/account_cache.go:218.33,221.24 3 3
github.com/XinFinOrg/XDPoSChain/accounts/keystore/account_cache.go:224.2,224.22 1 3
github.com/XinFinOrg/XDPoSChain/accounts/keystore/account_cache.go:228.2,228.16 1 3
github.com/XinFinOrg/XDPoSChain/accounts/keystore/account_cache.go:221.24,223.3 1 3
github.com/XinFinOrg/XDPoSChain/accounts/keystore/account_cache.go:224.22,227.3 2 3
github.com/XinFinOrg/XDPoSChain/accounts/keystore/account_cache.go:233.46,236.16 2 27
github.com/XinFinOrg/XDPoSChain/accounts/keystore/account_cache.go:240.2,240.92 1 16
github.com/XinFinOrg/XDPoSChain/accounts/keystore/account_cache.go:244.2,250.53 2 7
github.com/XinFinOrg/XDPoSChain/accounts/keystore/account_cache.go:273.2,275.38 2 7
github.com/XinFinOrg/XDPoSChain/accounts/keystore/account_cache.go:280.2,280.38 1 7
github.com/XinFinOrg/XDPoSChain/accounts/keystore/account_cache.go:283.2,283.38 1 7
github.com/XinFinOrg/XDPoSChain/accounts/keystore/account_cache.go:290.2,292.9 2 7
github.com/XinFinOrg/XDPoSChain/accounts/keystore/account_cache.go:296.2,297.12 2 7
github.com/XinFinOrg/XDPoSChain/accounts/keystore/account_cache.go:236.16,239.3 2 11
github.com/XinFinOrg/XDPoSChain/accounts/keystore/account_cache.go:240.92,242.3 1 9
github.com/XinFinOrg/XDPoSChain/accounts/keystore/account_cache.go:250.53,252.17 2 16
github.com/XinFinOrg/XDPoSChain/accounts/keystore/account_cache.go:256.3,262.10 6 16
github.com/XinFinOrg/XDPoSChain/accounts/keystore/account_cache.go:270.3,270.13 1 6
github.com/XinFinOrg/XDPoSChain/accounts/keystore/account_cache.go:252.17,255.4 2 0
github.com/XinFinOrg/XDPoSChain/accounts/keystore/account_cache.go:263.19,264.72 1 4
github.com/XinFinOrg/XDPoSChain/accounts/keystore/account_cache.go:265.35,266.94 1 2
github.com/XinFinOrg/XDPoSChain/accounts/keystore/account_cache.go:267.11,268.98 1 10
github.com/XinFinOrg/XDPoSChain/accounts/keystore/account_cache.go:275.38,276.45 1 13
github.com/XinFinOrg/XDPoSChain/accounts/keystore/account_cache.go:276.45,278.4 1 8
github.com/XinFinOrg/XDPoSChain/accounts/keystore/account_cache.go:280.38,282.3 1 0
github.com/XinFinOrg/XDPoSChain/accounts/keystore/account_cache.go:283.38,286.39 3 3
github.com/XinFinOrg/XDPoSChain/accounts/keystore/account_cache.go:286.39,288.4 1 2
github.com/XinFinOrg/XDPoSChain/accounts/keystore/account_cache.go:293.31,293.31 0 7
github.com/XinFinOrg/XDPoSChain/accounts/keystore/account_cache.go:294.10,294.10 0 0
github.com/XinFinOrg/XDPoSChain/accounts/keystore/key.go:94.51,103.2 3 785
github.com/XinFinOrg/XDPoSChain/accounts/keystore/key.go:105.51,108.16 3 246
github.com/XinFinOrg/XDPoSChain/accounts/keystore/key.go:112.2,116.16 5 246
github.com/XinFinOrg/XDPoSChain/accounts/keystore/key.go:119.2,120.16 2 246
github.com/XinFinOrg/XDPoSChain/accounts/keystore/key.go:124.2,127.12 3 246
github.com/XinFinOrg/XDPoSChain/accounts/keystore/key.go:108.16,110.3 1 0
github.com/XinFinOrg/XDPoSChain/accounts/keystore/key.go:116.16,118.3 1 0
github.com/XinFinOrg/XDPoSChain/accounts/keystore/key.go:120.16,122.3 1 0
github.com/XinFinOrg/XDPoSChain/accounts/keystore/key.go:130.62,138.2 3 1329
github.com/XinFinOrg/XDPoSChain/accounts/keystore/key.go:143.47,146.16 3 538
github.com/XinFinOrg/XDPoSChain/accounts/keystore/key.go:149.2,151.16 3 538
github.com/XinFinOrg/XDPoSChain/accounts/keystore/key.go:154.2,155.51 2 538
github.com/XinFinOrg/XDPoSChain/accounts/keystore/key.go:158.2,158.12 1 1
github.com/XinFinOrg/XDPoSChain/accounts/keystore/key.go:146.16,147.77 1 0
github.com/XinFinOrg/XDPoSChain/accounts/keystore/key.go:151.16,152.68 1 0
github.com/XinFinOrg/XDPoSChain/accounts/keystore/key.go:155.51,157.3 1 537
github.com/XinFinOrg/XDPoSChain/accounts/keystore/key.go:161.43,163.16 2 791
github.com/XinFinOrg/XDPoSChain/accounts/keystore/key.go:166.2,166.46 1 791
github.com/XinFinOrg/XDPoSChain/accounts/keystore/key.go:163.16,165.3 1 0
github.com/XinFinOrg/XDPoSChain/accounts/keystore/key.go:169.92,171.16 2 791
github.com/XinFinOrg/XDPoSChain/accounts/keystore/key.go:174.2,175.59 2 791
github.com/XinFinOrg/XDPoSChain/accounts/keystore/key.go:179.2,179.20 1 791
github.com/XinFinOrg/XDPoSChain/accounts/keystore/key.go:171.16,173.3 1 0
github.com/XinFinOrg/XDPoSChain/accounts/keystore/key.go:175.59,178.3 2 0
github.com/XinFinOrg/XDPoSChain/accounts/keystore/key.go:182.54,186.65 2 793
github.com/XinFinOrg/XDPoSChain/accounts/keystore/key.go:191.2,192.16 2 793
github.com/XinFinOrg/XDPoSChain/accounts/keystore/key.go:195.2,195.44 1 793
github.com/XinFinOrg/XDPoSChain/accounts/keystore/key.go:200.2,201.34 2 793
github.com/XinFinOrg/XDPoSChain/accounts/keystore/key.go:186.65,188.3 1 0
github.com/XinFinOrg/XDPoSChain/accounts/keystore/key.go:192.16,194.3 1 0
github.com/XinFinOrg/XDPoSChain/accounts/keystore/key.go:195.44,199.3 3 0
github.com/XinFinOrg/XDPoSChain/accounts/keystore/key.go:206.49,209.2 2 792
github.com/XinFinOrg/XDPoSChain/accounts/keystore/key.go:211.36,214.19 3 792
github.com/XinFinOrg/XDPoSChain/accounts/keystore/key.go:219.2,219.144 1 792
github.com/XinFinOrg/XDPoSChain/accounts/keystore/key.go:214.19,216.3 1 792
github.com/XinFinOrg/XDPoSChain/accounts/keystore/key.go:216.8,218.3 1 0
github.com/XinFinOrg/XDPoSChain/accounts/keystore/keystore.go:79.65,84.2 4 6
github.com/XinFinOrg/XDPoSChain/accounts/keystore/keystore.go:88.52,93.2 4 5
github.com/XinFinOrg/XDPoSChain/accounts/keystore/keystore.go:95.41,107.45 5 11
github.com/XinFinOrg/XDPoSChain/accounts/keystore/keystore.go:111.2,113.33 3 11
github.com/XinFinOrg/XDPoSChain/accounts/keystore/keystore.go:107.45,109.3 1 3
github.com/XinFinOrg/XDPoSChain/accounts/keystore/keystore.go:113.33,115.3 1 0
github.com/XinFinOrg/XDPoSChain/accounts/keystore/keystore.go:120.49,130.2 6 1
github.com/XinFinOrg/XDPoSChain/accounts/keystore/keystore.go:134.38,143.31 5 1035
github.com/XinFinOrg/XDPoSChain/accounts/keystore/keystore.go:165.2,165.36 1 1035
github.com/XinFinOrg/XDPoSChain/accounts/keystore/keystore.go:168.2,172.31 3 1035
github.com/XinFinOrg/XDPoSChain/accounts/keystore/keystore.go:143.31,145.71 1 269168
github.com/XinFinOrg/XDPoSChain/accounts/keystore/keystore.go:150.3,150.71 1 269168
github.com/XinFinOrg/XDPoSChain/accounts/keystore/keystore.go:158.3,158.45 1 268380
github.com/XinFinOrg/XDPoSChain/accounts/keystore/keystore.go:145.71,148.4 2 241
github.com/XinFinOrg/XDPoSChain/accounts/keystore/keystore.go:150.71,155.12 4 788
github.com/XinFinOrg/XDPoSChain/accounts/keystore/keystore.go:158.45,161.12 3 268380
github.com/XinFinOrg/XDPoSChain/accounts/keystore/keystore.go:165.36,167.3 1 2
github.com/XinFinOrg/XDPoSChain/accounts/keystore/keystore.go:172.31,174.3 1 1031
github.com/XinFinOrg/XDPoSChain/accounts/keystore/keystore.go:179.84,188.18 4 3
github.com/XinFinOrg/XDPoSChain/accounts/keystore/keystore.go:192.2,192.12 1 3
github.com/XinFinOrg/XDPoSChain/accounts/keystore/keystore.go:188.18,191.3 2 2
github.com/XinFinOrg/XDPoSChain/accounts/keystore/keystore.go:200.31,201.6 1 2
github.com/XinFinOrg/XDPoSChain/accounts/keystore/keystore.go:201.6,203.10 1 3
github.com/XinFinOrg/XDPoSChain/accounts/keystore/keystore.go:208.3,212.34 3 3
github.com/XinFinOrg/XDPoSChain/accounts/keystore/keystore.go:217.3,217.17 1 1
github.com/XinFinOrg/XDPoSChain/accounts/keystore/keystore.go:204.21,204.21 0 0
github.com/XinFinOrg/XDPoSChain/accounts/keystore/keystore.go:205.41,205.41 0 3
github.com/XinFinOrg/XDPoSChain/accounts/keystore/keystore.go:212.34,216.4 3 2
github.com/XinFinOrg/XDPoSChain/accounts/keystore/keystore.go:222.58,224.2 1 2
github.com/XinFinOrg/XDPoSChain/accounts/keystore/keystore.go:227.51,229.2 1 18
github.com/XinFinOrg/XDPoSChain/accounts/keystore/keystore.go:233.73,238.16 2 243
github.com/XinFinOrg/XDPoSChain/accounts/keystore/keystore.go:241.2,241.16 1 243
github.com/XinFinOrg/XDPoSChain/accounts/keystore/keystore.go:247.2,248.16 2 243
github.com/XinFinOrg/XDPoSChain/accounts/keystore/keystore.go:252.2,252.12 1 243
github.com/XinFinOrg/XDPoSChain/accounts/keystore/keystore.go:238.16,240.3 1 243
github.com/XinFinOrg/XDPoSChain/accounts/keystore/keystore.go:241.16,243.3 1 0
github.com/XinFinOrg/XDPoSChain/accounts/keystore/keystore.go:248.16,251.3 2 243
github.com/XinFinOrg/XDPoSChain/accounts/keystore/keystore.go:257.79,263.12 4 21
github.com/XinFinOrg/XDPoSChain/accounts/keystore/keystore.go:267.2,267.50 1 17
github.com/XinFinOrg/XDPoSChain/accounts/keystore/keystore.go:263.12,265.3 1 4
github.com/XinFinOrg/XDPoSChain/accounts/keystore/keystore.go:271.117,277.12 4 0
github.com/XinFinOrg/XDPoSChain/accounts/keystore/keystore.go:281.2,281.20 1 0
github.com/XinFinOrg/XDPoSChain/accounts/keystore/keystore.go:284.2,284.74 1 0
github.com/XinFinOrg/XDPoSChain/accounts/keystore/keystore.go:277.12,279.3 1 0
github.com/XinFinOrg/XDPoSChain/accounts/keystore/keystore.go:281.20,283.3 1 0
github.com/XinFinOrg/XDPoSChain/accounts/keystore/keystore.go:290.126,292.16 2 2
github.com/XinFinOrg/XDPoSChain/accounts/keystore/keystore.go:295.2,296.42 2 1
github.com/XinFinOrg/XDPoSChain/accounts/keystore/keystore.go:292.16,294.3 1 1
github.com/XinFinOrg/XDPoSChain/accounts/keystore/keystore.go:301.150,303.16 2 0
github.com/XinFinOrg/XDPoSChain/accounts/keystore/keystore.go:306.2,309.20 2 0
github.com/XinFinOrg/XDPoSChain/accounts/keystore/keystore.go:312.2,312.66 1 0
github.com/XinFinOrg/XDPoSChain/accounts/keystore/keystore.go:303.16,305.3 1 0
github.com/XinFinOrg/XDPoSChain/accounts/keystore/keystore.go:309.20,311.3 1 0
github.com/XinFinOrg/XDPoSChain/accounts/keystore/keystore.go:316.73,318.2 1 1
github.com/XinFinOrg/XDPoSChain/accounts/keystore/keystore.go:321.53,323.44 2 0
github.com/XinFinOrg/XDPoSChain/accounts/keystore/keystore.go:329.2,329.12 1 0
github.com/XinFinOrg/XDPoSChain/accounts/keystore/keystore.go:323.44,326.3 2 0
github.com/XinFinOrg/XDPoSChain/accounts/keystore/keystore.go:326.8,328.3 1 0
github.com/XinFinOrg/XDPoSChain/accounts/keystore/keystore.go:339.101,341.16 2 5
github.com/XinFinOrg/XDPoSChain/accounts/keystore/keystore.go:345.2,348.11 4 5
github.com/XinFinOrg/XDPoSChain/accounts/keystore/keystore.go:358.2,358.17 1 5
github.com/XinFinOrg/XDPoSChain/accounts/keystore/keystore.go:364.2,365.12 2 5
github.com/XinFinOrg/XDPoSChain/accounts/keystore/keystore.go:341.16,343.3 1 0
github.com/XinFinOrg/XDPoSChain/accounts/keystore/keystore.go:348.11,349.21 1 1
github.com/XinFinOrg/XDPoSChain/accounts/keystore/keystore.go:356.3,356.17 1 1
github.com/XinFinOrg/XDPoSChain/accounts/keystore/keystore.go:349.21,354.4 2 0
github.com/XinFinOrg/XDPoSChain/accounts/keystore/keystore.go:358.17,361.3 2 4
github.com/XinFinOrg/XDPoSChain/accounts/keystore/keystore.go:361.8,363.3 1 1
github.com/XinFinOrg/XDPoSChain/accounts/keystore/keystore.go:369.72,375.2 5 251
github.com/XinFinOrg/XDPoSChain/accounts/keystore/keystore.go:377.102,379.16 2 251
github.com/XinFinOrg/XDPoSChain/accounts/keystore/keystore.go:382.2,383.20 2 251
github.com/XinFinOrg/XDPoSChain/accounts/keystore/keystore.go:379.16,381.3 1 0
github.com/XinFinOrg/XDPoSChain/accounts/keystore/keystore.go:386.85,389.9 3 4
github.com/XinFinOrg/XDPoSChain/accounts/keystore/keystore.go:390.17,390.17 0 1
github.com/XinFinOrg/XDPoSChain/accounts/keystore/keystore.go:392.13,398.29 2 3
github.com/XinFinOrg/XDPoSChain/accounts/keystore/keystore.go:402.3,402.17 1 3
github.com/XinFinOrg/XDPoSChain/accounts/keystore/keystore.go:398.29,401.4 2 3
github.com/XinFinOrg/XDPoSChain/accounts/keystore/keystore.go:408.77,410.16 2 788
github.com/XinFinOrg/XDPoSChain/accounts/keystore/keystore.go:415.2,417.21 3 788
github.com/XinFinOrg/XDPoSChain/accounts/keystore/keystore.go:410.16,412.3 1 0
github.com/XinFinOrg/XDPoSChain/accounts/keystore/keystore.go:421.110,423.16 2 0
github.com/XinFinOrg/XDPoSChain/accounts/keystore/keystore.go:426.2,427.55 2 0
github.com/XinFinOrg/XDPoSChain/accounts/keystore/keystore.go:432.2,432.45 1 0
github.com/XinFinOrg/XDPoSChain/accounts/keystore/keystore.go:423.16,425.3 1 0
github.com/XinFinOrg/XDPoSChain/accounts/keystore/keystore.go:427.55,429.3 1 0
github.com/XinFinOrg/XDPoSChain/accounts/keystore/keystore.go:429.8,431.3 1 0
github.com/XinFinOrg/XDPoSChain/accounts/keystore/keystore.go:436.104,438.41 2 0
github.com/XinFinOrg/XDPoSChain/accounts/keystore/keystore.go:441.2,441.16 1 0
github.com/XinFinOrg/XDPoSChain/accounts/keystore/keystore.go:444.2,444.41 1 0
github.com/XinFinOrg/XDPoSChain/accounts/keystore/keystore.go:438.41,440.3 1 0
github.com/XinFinOrg/XDPoSChain/accounts/keystore/keystore.go:441.16,443.3 1 0
github.com/XinFinOrg/XDPoSChain/accounts/keystore/keystore.go:448.102,450.38 2 0
github.com/XinFinOrg/XDPoSChain/accounts/keystore/keystore.go:453.2,453.38 1 0
github.com/XinFinOrg/XDPoSChain/accounts/keystore/keystore.go:450.38,452.3 1 0
github.com/XinFinOrg/XDPoSChain/accounts/keystore/keystore.go:456.86,458.73 2 0
github.com/XinFinOrg/XDPoSChain/accounts/keystore/keystore.go:461.2,463.15 3 0
github.com/XinFinOrg/XDPoSChain/accounts/keystore/keystore.go:458.73,460.3 1 0
github.com/XinFinOrg/XDPoSChain/accounts/keystore/keystore.go:467.88,469.16 2 1
github.com/XinFinOrg/XDPoSChain/accounts/keystore/keystore.go:472.2,472.60 1 1
github.com/XinFinOrg/XDPoSChain/accounts/keystore/keystore.go:469.16,471.3 1 0
github.com/XinFinOrg/XDPoSChain/accounts/keystore/keystore.go:477.99,479.16 2 0
github.com/XinFinOrg/XDPoSChain/accounts/keystore/keystore.go:482.2,484.15 3 0
github.com/XinFinOrg/XDPoSChain/accounts/keystore/keystore.go:479.16,481.3 1 0
github.com/XinFinOrg/XDPoSChain/accounts/keystore/keystore.go:488.35,490.19 2 247
github.com/XinFinOrg/XDPoSChain/accounts/keystore/keystore.go:490.19,492.3 1 988
github.com/XinFinOrg/XDPoSChain/accounts/keystore/presale.go:35.107,37.16 2 1
github.com/XinFinOrg/XDPoSChain/accounts/keystore/presale.go:40.2,43.20 4 1
github.com/XinFinOrg/XDPoSChain/accounts/keystore/presale.go:37.16,39.3 1 0
github.com/XinFinOrg/XDPoSChain/accounts/keystore/presale.go:46.83,54.16 3 1
github.com/XinFinOrg/XDPoSChain/accounts/keystore/presale.go:57.2,58.16 2 1
github.com/XinFinOrg/XDPoSChain/accounts/keystore/presale.go:61.2,61.28 1 1
github.com/XinFinOrg/XDPoSChain/accounts/keystore/presale.go:64.2,76.16 6 1
github.com/XinFinOrg/XDPoSChain/accounts/keystore/presale.go:79.2,89.33 6 1
github.com/XinFinOrg/XDPoSChain/accounts/keystore/presale.go:92.2,92.17 1 1
github.com/XinFinOrg/XDPoSChain/accounts/keystore/presale.go:54.16,56.3 1 0
github.com/XinFinOrg/XDPoSChain/accounts/keystore/presale.go:58.16,60.3 1 0
github.com/XinFinOrg/XDPoSChain/accounts/keystore/presale.go:61.28,63.3 1 0
github.com/XinFinOrg/XDPoSChain/accounts/keystore/presale.go:76.16,78.3 1 0
github.com/XinFinOrg/XDPoSChain/accounts/keystore/presale.go:89.33,91.3 1 0
github.com/XinFinOrg/XDPoSChain/accounts/keystore/presale.go:95.56,98.16 2 28
github.com/XinFinOrg/XDPoSChain/accounts/keystore/presale.go:101.2,104.21 4 28
github.com/XinFinOrg/XDPoSChain/accounts/keystore/presale.go:98.16,100.3 1 0
github.com/XinFinOrg/XDPoSChain/accounts/keystore/presale.go:107.64,109.16 2 3
github.com/XinFinOrg/XDPoSChain/accounts/keystore/presale.go:112.2,116.22 5 3
github.com/XinFinOrg/XDPoSChain/accounts/keystore/presale.go:119.2,119.23 1 3
github.com/XinFinOrg/XDPoSChain/accounts/keystore/presale.go:109.16,111.3 1 0
github.com/XinFinOrg/XDPoSChain/accounts/keystore/presale.go:116.22,118.3 1 0
github.com/XinFinOrg/XDPoSChain/accounts/keystore/presale.go:123.35,124.18 1 3
github.com/XinFinOrg/XDPoSChain/accounts/keystore/presale.go:128.2,129.55 2 3
github.com/XinFinOrg/XDPoSChain/accounts/keystore/presale.go:135.2,135.56 1 3
github.com/XinFinOrg/XDPoSChain/accounts/keystore/presale.go:140.2,140.34 1 3
github.com/XinFinOrg/XDPoSChain/accounts/keystore/presale.go:124.18,126.3 1 0
github.com/XinFinOrg/XDPoSChain/accounts/keystore/presale.go:129.55,131.3 1 0
github.com/XinFinOrg/XDPoSChain/accounts/keystore/presale.go:131.8,131.25 1 3
github.com/XinFinOrg/XDPoSChain/accounts/keystore/presale.go:131.25,133.3 1 0
github.com/XinFinOrg/XDPoSChain/accounts/keystore/presale.go:135.56,136.23 1 48
github.com/XinFinOrg/XDPoSChain/accounts/keystore/presale.go:136.23,138.4 1 0
github.com/XinFinOrg/XDPoSChain/accounts/keystore/watch.go:36.44,42.2 1 14
github.com/XinFinOrg/XDPoSChain/accounts/keystore/watch.go:47.27,48.29 1 14
github.com/XinFinOrg/XDPoSChain/accounts/keystore/watch.go:51.2,52.13 2 14
github.com/XinFinOrg/XDPoSChain/accounts/keystore/watch.go:48.29,50.3 1 0
github.com/XinFinOrg/XDPoSChain/accounts/keystore/watch.go:55.27,57.2 1 3
github.com/XinFinOrg/XDPoSChain/accounts/keystore/watch.go:59.26,60.15 1 14
github.com/XinFinOrg/XDPoSChain/accounts/keystore/watch.go:66.2,68.68 2 14
github.com/XinFinOrg/XDPoSChain/accounts/keystore/watch.go:72.2,89.22 8 12
github.com/XinFinOrg/XDPoSChain/accounts/keystore/watch.go:92.2,93.6 2 12
github.com/XinFinOrg/XDPoSChain/accounts/keystore/watch.go:60.15,65.3 4 5
github.com/XinFinOrg/XDPoSChain/accounts/keystore/watch.go:68.68,71.3 2 2
github.com/XinFinOrg/XDPoSChain/accounts/keystore/watch.go:89.22,91.3 1 0
github.com/XinFinOrg/XDPoSChain/accounts/keystore/watch.go:93.6,94.10 1 3995
github.com/XinFinOrg/XDPoSChain/accounts/keystore/watch.go:95.17,96.10 1 3
github.com/XinFinOrg/XDPoSChain/accounts/keystore/watch.go:97.15,99.24 1 3970
github.com/XinFinOrg/XDPoSChain/accounts/keystore/watch.go:103.21,105.27 2 13
github.com/XinFinOrg/XDPoSChain/accounts/keystore/watch.go:99.24,102.5 2 15
github.com/XinFinOrg/XDPoSChain/accounts/keystore/file_cache.go:40.86,45.16 3 27
github.com/XinFinOrg/XDPoSChain/accounts/keystore/file_cache.go:48.2,58.27 7 16
github.com/XinFinOrg/XDPoSChain/accounts/keystore/file_cache.go:76.2,88.39 8 16
github.com/XinFinOrg/XDPoSChain/accounts/keystore/file_cache.go:45.16,47.3 1 11
github.com/XinFinOrg/XDPoSChain/accounts/keystore/file_cache.go:58.27,61.22 2 18
github.com/XinFinOrg/XDPoSChain/accounts/keystore/file_cache.go:66.3,69.33 3 16
github.com/XinFinOrg/XDPoSChain/accounts/keystore/file_cache.go:72.3,72.33 1 16
github.com/XinFinOrg/XDPoSChain/accounts/keystore/file_cache.go:61.22,63.12 2 2
github.com/XinFinOrg/XDPoSChain/accounts/keystore/file_cache.go:69.33,71.4 1 16
github.com/XinFinOrg/XDPoSChain/accounts/keystore/file_cache.go:72.33,74.4 1 7
github.com/XinFinOrg/XDPoSChain/accounts/keystore/file_cache.go:92.39,94.76 1 18
github.com/XinFinOrg/XDPoSChain/accounts/keystore/file_cache.go:98.2,98.46 1 17
github.com/XinFinOrg/XDPoSChain/accounts/keystore/file_cache.go:101.2,101.14 1 16
github.com/XinFinOrg/XDPoSChain/accounts/keystore/file_cache.go:94.76,96.3 1 1
github.com/XinFinOrg/XDPoSChain/accounts/keystore/file_cache.go:98.46,100.3 1 1
github.com/XinFinOrg/XDPoSChain/accounts/keystore/keystore_passphrase.go:77.95,80.16 2 9
github.com/XinFinOrg/XDPoSChain/accounts/keystore/keystore_passphrase.go:83.2,84.16 2 9
github.com/XinFinOrg/XDPoSChain/accounts/keystore/keystore_passphrase.go:88.2,88.25 1 7
github.com/XinFinOrg/XDPoSChain/accounts/keystore/keystore_passphrase.go:91.2,91.17 1 7
github.com/XinFinOrg/XDPoSChain/accounts/keystore/keystore_passphrase.go:80.16,82.3 1 0
github.com/XinFinOrg/XDPoSChain/accounts/keystore/keystore_passphrase.go:84.16,86.3 1 2
github.com/XinFinOrg/XDPoSChain/accounts/keystore/keystore_passphrase.go:88.25,90.3 1 0
github.com/XinFinOrg/XDPoSChain/accounts/keystore/keystore_passphrase.go:95.79,98.2 2 0
github.com/XinFinOrg/XDPoSChain/accounts/keystore/keystore_passphrase.go:100.85,102.16 2 8
github.com/XinFinOrg/XDPoSChain/accounts/keystore/keystore_passphrase.go:105.2,105.40 1 8
github.com/XinFinOrg/XDPoSChain/accounts/keystore/keystore_passphrase.go:102.16,104.3 1 0
github.com/XinFinOrg/XDPoSChain/accounts/keystore/keystore_passphrase.go:108.63,109.30 1 7
github.com/XinFinOrg/XDPoSChain/accounts/keystore/keystore_passphrase.go:109.30,111.3 1 0
github.com/XinFinOrg/XDPoSChain/accounts/keystore/keystore_passphrase.go:111.8,113.3 1 7
github.com/XinFinOrg/XDPoSChain/accounts/keystore/keystore_passphrase.go:118.78,122.16 4 11
github.com/XinFinOrg/XDPoSChain/accounts/keystore/keystore_passphrase.go:125.2,130.16 5 11
github.com/XinFinOrg/XDPoSChain/accounts/keystore/keystore_passphrase.go:133.2,160.41 11 11
github.com/XinFinOrg/XDPoSChain/accounts/keystore/keystore_passphrase.go:122.16,124.3 1 0
github.com/XinFinOrg/XDPoSChain/accounts/keystore/keystore_passphrase.go:130.16,132.3 1 0
github.com/XinFinOrg/XDPoSChain/accounts/keystore/keystore_passphrase.go:164.60,167.52 2 15
github.com/XinFinOrg/XDPoSChain/accounts/keystore/keystore_passphrase.go:171.2,175.64 2 15
github.com/XinFinOrg/XDPoSChain/accounts/keystore/keystore_passphrase.go:189.2,189.16 1 15
github.com/XinFinOrg/XDPoSChain/accounts/keystore/keystore_passphrase.go:192.2,198.8 2 10
github.com/XinFinOrg/XDPoSChain/accounts/keystore/keystore_passphrase.go:167.52,169.3 1 0
github.com/XinFinOrg/XDPoSChain/accounts/keystore/keystore_passphrase.go:175.64,177.52 2 1
github.com/XinFinOrg/XDPoSChain/accounts/keystore/keystore_passphrase.go:180.3,180.47 1 1
github.com/XinFinOrg/XDPoSChain/accounts/keystore/keystore_passphrase.go:177.52,179.4 1 0
github.com/XinFinOrg/XDPoSChain/accounts/keystore/keystore_passphrase.go:181.8,183.52 2 14
github.com/XinFinOrg/XDPoSChain/accounts/keystore/keystore_passphrase.go:186.3,186.47 1 14
github.com/XinFinOrg/XDPoSChain/accounts/keystore/keystore_passphrase.go:183.52,185.4 1 0
github.com/XinFinOrg/XDPoSChain/accounts/keystore/keystore_passphrase.go:189.16,191.3 1 5
github.com/XinFinOrg/XDPoSChain/accounts/keystore/keystore_passphrase.go:201.109,202.37 1 22
github.com/XinFinOrg/XDPoSChain/accounts/keystore/keystore_passphrase.go:206.2,206.49 1 22
github.com/XinFinOrg/XDPoSChain/accounts/keystore/keystore_passphrase.go:210.2,212.16 3 22
github.com/XinFinOrg/XDPoSChain/accounts/keystore/keystore_passphrase.go:216.2,217.16 2 22
github.com/XinFinOrg/XDPoSChain/accounts/keystore/keystore_passphrase.go:221.2,222.16 2 22
github.com/XinFinOrg/XDPoSChain/accounts/keystore/keystore_passphrase.go:226.2,227.16 2 22
github.com/XinFinOrg/XDPoSChain/accounts/keystore/keystore_passphrase.go:231.2,232.38 2 22
github.com/XinFinOrg/XDPoSChain/accounts/keystore/keystore_passphrase.go:236.2,237.16 2 17
github.com/XinFinOrg/XDPoSChain/accounts/keystore/keystore_passphrase.go:240.2,240.30 1 17
github.com/XinFinOrg/XDPoSChain/accounts/keystore/keystore_passphrase.go:202.37,204.3 1 0
github.com/XinFinOrg/XDPoSChain/accounts/keystore/keystore_passphrase.go:206.49,208.3 1 0
github.com/XinFinOrg/XDPoSChain/accounts/keystore/keystore_passphrase.go:212.16,214.3 1 0
github.com/XinFinOrg/XDPoSChain/accounts/keystore/keystore_passphrase.go:217.16,219.3 1 0
github.com/XinFinOrg/XDPoSChain/accounts/keystore/keystore_passphrase.go:222.16,224.3 1 0
github.com/XinFinOrg/XDPoSChain/accounts/keystore/keystore_passphrase.go:227.16,229.3 1 0
github.com/XinFinOrg/XDPoSChain/accounts/keystore/keystore_passphrase.go:232.38,234.3 1 5
github.com/XinFinOrg/XDPoSChain/accounts/keystore/keystore_passphrase.go:237.16,239.3 1 0
github.com/XinFinOrg/XDPoSChain/accounts/keystore/keystore_passphrase.go:243.109,246.16 3 2
github.com/XinFinOrg/XDPoSChain/accounts/keystore/keystore_passphrase.go:250.2,251.16 2 2
github.com/XinFinOrg/XDPoSChain/accounts/keystore/keystore_passphrase.go:255.2,256.16 2 2
github.com/XinFinOrg/XDPoSChain/accounts/keystore/keystore_passphrase.go:260.2,261.16 2 2
github.com/XinFinOrg/XDPoSChain/accounts/keystore/keystore_passphrase.go:265.2,266.38 2 2
github.com/XinFinOrg/XDPoSChain/accounts/keystore/keystore_passphrase.go:270.2,271.16 2 2
github.com/XinFinOrg/XDPoSChain/accounts/keystore/keystore_passphrase.go:274.2,274.30 1 2
github.com/XinFinOrg/XDPoSChain/accounts/keystore/keystore_passphrase.go:246.16,248.3 1 0
github.com/XinFinOrg/XDPoSChain/accounts/keystore/keystore_passphrase.go:251.16,253.3 1 0
github.com/XinFinOrg/XDPoSChain/accounts/keystore/keystore_passphrase.go:256.16,258.3 1 0
github.com/XinFinOrg/XDPoSChain/accounts/keystore/keystore_passphrase.go:261.16,263.3 1 0
github.com/XinFinOrg/XDPoSChain/accounts/keystore/keystore_passphrase.go:266.38,268.3 1 0
github.com/XinFinOrg/XDPoSChain/accounts/keystore/keystore_passphrase.go:271.16,273.3 1 0
github.com/XinFinOrg/XDPoSChain/accounts/keystore/keystore_passphrase.go:277.68,280.16 3 24
github.com/XinFinOrg/XDPoSChain/accounts/keystore/keystore_passphrase.go:283.2,285.36 2 24
github.com/XinFinOrg/XDPoSChain/accounts/keystore/keystore_passphrase.go:301.2,301.63 1 0
[...]
github.com/XinFinOrg/XDPoSChain/contracts/utils.go:135.117,137.18 2 0
github.com/XinFinOrg/XDPoSChain/contracts/utils.go:142.4,143.18 2 0
github.com/XinFinOrg/XDPoSChain/contracts/utils.go:147.4,148.18 2 0
github.com/XinFinOrg/XDPoSChain/contracts/utils.go:153.4,154.18 2 0
github.com/XinFinOrg/XDPoSChain/contracts/utils.go:160.4,160.36 1 0
github.com/XinFinOrg/XDPoSChain/contracts/utils.go:137.18,140.5 2 0
github.com/XinFinOrg/XDPoSChain/contracts/utils.go:143.18,146.5 2 0
github.com/XinFinOrg/XDPoSChain/contracts/utils.go:148.18,151.5 2 0
github.com/XinFinOrg/XDPoSChain/contracts/utils.go:154.18,157.5 2 0
github.com/XinFinOrg/XDPoSChain/contracts/utils.go:168.125,175.2 5 30
github.com/XinFinOrg/XDPoSChain/contracts/utils.go:178.141,192.33 10 0
github.com/XinFinOrg/XDPoSChain/contracts/utils.go:196.2,198.16 2 0
github.com/XinFinOrg/XDPoSChain/contracts/utils.go:192.33,195.3 2 0
github.com/XinFinOrg/XDPoSChain/contracts/utils.go:202.123,208.2 4 0
github.com/XinFinOrg/XDPoSChain/contracts/utils.go:211.105,213.2 1 0
github.com/XinFinOrg/XDPoSChain/contracts/utils.go:216.141,218.16 2 0
github.com/XinFinOrg/XDPoSChain/contracts/utils.go:222.2,224.16 3 0
github.com/XinFinOrg/XDPoSChain/contracts/utils.go:228.2,228.19 1 0
github.com/XinFinOrg/XDPoSChain/contracts/utils.go:218.16,221.3 2 0
github.com/XinFinOrg/XDPoSChain/contracts/utils.go:224.16,227.3 2 0
github.com/XinFinOrg/XDPoSChain/contracts/utils.go:232.106,234.16 2 0
github.com/XinFinOrg/XDPoSChain/contracts/utils.go:237.2,239.16 3 0
github.com/XinFinOrg/XDPoSChain/contracts/utils.go:242.2,243.16 2 0
github.com/XinFinOrg/XDPoSChain/contracts/utils.go:247.2,247.64 1 0
github.com/XinFinOrg/XDPoSChain/contracts/utils.go:234.16,236.3 1 0
github.com/XinFinOrg/XDPoSChain/contracts/utils.go:239.16,241.3 1 0
github.com/XinFinOrg/XDPoSChain/contracts/utils.go:243.16,245.3 1 0
github.com/XinFinOrg/XDPoSChain/contracts/utils.go:251.80,256.31 5 1
github.com/XinFinOrg/XDPoSChain/contracts/utils.go:259.2,260.48 2 1
github.com/XinFinOrg/XDPoSChain/contracts/utils.go:273.2,273.24 1 1
github.com/XinFinOrg/XDPoSChain/contracts/utils.go:256.31,258.3 1 11
github.com/XinFinOrg/XDPoSChain/contracts/utils.go:260.48,262.23 2 150
github.com/XinFinOrg/XDPoSChain/contracts/utils.go:265.3,270.23 6 150
github.com/XinFinOrg/XDPoSChain/contracts/utils.go:262.23,264.4 1 2
github.com/XinFinOrg/XDPoSChain/contracts/utils.go:277.50,279.34 2 1
github.com/XinFinOrg/XDPoSChain/contracts/utils.go:285.2,285.23 1 1
github.com/XinFinOrg/XDPoSChain/contracts/utils.go:279.34,283.3 2 150
github.com/XinFinOrg/XDPoSChain/contracts/utils.go:289.69,291.16 2 1
github.com/XinFinOrg/XDPoSChain/contracts/utils.go:295.2,295.61 1 1
github.com/XinFinOrg/XDPoSChain/contracts/utils.go:291.16,293.3 1 0
github.com/XinFinOrg/XDPoSChain/contracts/utils.go:299.97,301.22 2 0
github.com/XinFinOrg/XDPoSChain/contracts/utils.go:316.2,316.20 1 0
github.com/XinFinOrg/XDPoSChain/contracts/utils.go:301.22,302.34 1 0
github.com/XinFinOrg/XDPoSChain/contracts/utils.go:302.34,305.28 3 0
github.com/XinFinOrg/XDPoSChain/contracts/utils.go:305.28,307.19 2 0
github.com/XinFinOrg/XDPoSChain/contracts/utils.go:311.5,311.30 1 0
github.com/XinFinOrg/XDPoSChain/contracts/utils.go:307.19,310.6 2 0
github.com/XinFinOrg/XDPoSChain/contracts/utils.go:320.174,330.78 8 0
github.com/XinFinOrg/XDPoSChain/contracts/utils.go:352.2,355.54 3 0
github.com/XinFinOrg/XDPoSChain/contracts/utils.go:385.2,387.21 2 0
github.com/XinFinOrg/XDPoSChain/contracts/utils.go:330.78,334.10 4 0
github.com/XinFinOrg/XDPoSChain/contracts/utils.go:345.3,346.26 2 0
github.com/XinFinOrg/XDPoSChain/contracts/utils.go:334.10,338.51 4 0
github.com/XinFinOrg/XDPoSChain/contracts/utils.go:338.51,341.5 2 0
github.com/XinFinOrg/XDPoSChain/contracts/utils.go:341.10,343.5 1 0
github.com/XinFinOrg/XDPoSChain/contracts/utils.go:346.26,350.4 3 0
github.com/XinFinOrg/XDPoSChain/contracts/utils.go:355.54,356.86 1 0
github.com/XinFinOrg/XDPoSChain/contracts/utils.go:356.86,359.22 2 0
github.com/XinFinOrg/XDPoSChain/contracts/utils.go:359.22,361.44 2 0
github.com/XinFinOrg/XDPoSChain/contracts/utils.go:372.5,372.35 1 0
github.com/XinFinOrg/XDPoSChain/contracts/utils.go:361.44,362.33 1 0
github.com/XinFinOrg/XDPoSChain/contracts/utils.go:362.33,363.29 1 0
github.com/XinFinOrg/XDPoSChain/contracts/utils.go:363.29,364.43 1 0
github.com/XinFinOrg/XDPoSChain/contracts/utils.go:367.8,367.13 1 0
github.com/XinFinOrg/XDPoSChain/contracts/utils.go:364.43,366.9 1 0
github.com/XinFinOrg/XDPoSChain/contracts/utils.go:372.35,374.15 2 0
github.com/XinFinOrg/XDPoSChain/contracts/utils.go:379.6,379.20 1 0
github.com/XinFinOrg/XDPoSChain/contracts/utils.go:374.15,376.7 1 0
github.com/XinFinOrg/XDPoSChain/contracts/utils.go:376.12,378.7 1 0
github.com/XinFinOrg/XDPoSChain/contracts/utils.go:391.149,394.21 2 0
github.com/XinFinOrg/XDPoSChain/contracts/utils.go:405.2,406.16 2 0
github.com/XinFinOrg/XDPoSChain/contracts/utils.go:410.2,412.27 2 0
github.com/XinFinOrg/XDPoSChain/contracts/utils.go:394.21,395.37 1 0
github.com/XinFinOrg/XDPoSChain/contracts/utils.go:395.37,403.4 5 0
github.com/XinFinOrg/XDPoSChain/contracts/utils.go:406.16,409.3 2 0
github.com/XinFinOrg/XDPoSChain/contracts/utils.go:416.97,419.2 2 0
github.com/XinFinOrg/XDPoSChain/contracts/utils.go:421.192,423.16 2 0
github.com/XinFinOrg/XDPoSChain/contracts/utils.go:426.2,426.21 1 0
github.com/XinFinOrg/XDPoSChain/contracts/utils.go:423.16,425.3 1 0
github.com/XinFinOrg/XDPoSChain/contracts/utils.go:429.193,438.21 7 0
github.com/XinFinOrg/XDPoSChain/contracts/utils.go:468.2,473.16 5 0
github.com/XinFinOrg/XDPoSChain/contracts/utils.go:477.2,479.22 2 0
github.com/XinFinOrg/XDPoSChain/contracts/utils.go:438.21,444.35 5 0
github.com/XinFinOrg/XDPoSChain/contracts/utils.go:452.3,452.49 1 0
github.com/XinFinOrg/XDPoSChain/contracts/utils.go:444.35,445.87 1 0
github.com/XinFinOrg/XDPoSChain/contracts/utils.go:448.4,450.34 3 0
github.com/XinFinOrg/XDPoSChain/contracts/utils.go:445.87,446.13 1 0
github.com/XinFinOrg/XDPoSChain/contracts/utils.go:452.49,453.41 1 0
github.com/XinFinOrg/XDPoSChain/contracts/utils.go:453.41,455.50 1 0
github.com/XinFinOrg/XDPoSChain/contracts/utils.go:455.50,458.31 3 0
github.com/XinFinOrg/XDPoSChain/contracts/utils.go:458.31,460.7 1 0
github.com/XinFinOrg/XDPoSChain/contracts/utils.go:460.12,462.7 1 0
github.com/XinFinOrg/XDPoSChain/contracts/utils.go:473.16,476.3 2 0
github.com/XinFinOrg/XDPoSChain/contracts/utils.go:483.59,485.19 2 3
github.com/XinFinOrg/XDPoSChain/contracts/utils.go:490.2,490.10 1 3
github.com/XinFinOrg/XDPoSChain/contracts/utils.go:485.19,488.3 2 310
github.com/XinFinOrg/XDPoSChain/contracts/utils.go:494.37,498.36 3 1
github.com/XinFinOrg/XDPoSChain/contracts/utils.go:506.2,506.17 1 1
github.com/XinFinOrg/XDPoSChain/contracts/utils.go:498.36,504.3 5 9
github.com/XinFinOrg/XDPoSChain/contracts/utils.go:510.46,515.16 3 1
github.com/XinFinOrg/XDPoSChain/contracts/utils.go:522.2,524.62 3 1
github.com/XinFinOrg/XDPoSChain/contracts/utils.go:529.2,533.54 3 1
github.com/XinFinOrg/XDPoSChain/contracts/utils.go:515.16,518.3 2 0
github.com/XinFinOrg/XDPoSChain/contracts/utils.go:524.62,527.3 2 0
github.com/XinFinOrg/XDPoSChain/contracts/utils.go:537.52,541.16 3 1
github.com/XinFinOrg/XDPoSChain/contracts/utils.go:548.2,548.37 1 1
github.com/XinFinOrg/XDPoSChain/contracts/utils.go:552.2,560.38 5 1
github.com/XinFinOrg/XDPoSChain/contracts/utils.go:541.16,544.3 2 0
github.com/XinFinOrg/XDPoSChain/contracts/utils.go:548.37,551.3 2 0
github.com/XinFinOrg/XDPoSChain/contracts/utils.go:564.35,567.19 3 1
github.com/XinFinOrg/XDPoSChain/contracts/utils.go:571.2,571.10 1 1
github.com/XinFinOrg/XDPoSChain/contracts/utils.go:567.19,570.3 2 32
github.com/XinFinOrg/XDPoSChain/contracts/utils.go:575.35,576.51 1 0
github.com/XinFinOrg/XDPoSChain/contracts/utils.go:576.51,578.3 1 0
github.com/XinFinOrg/XDPoSChain/contracts/utils.go:578.8,580.3 1 0
github.com/XinFinOrg/XDPoSChain/contracts/blocksigner/blocksigner.go:30.143,32.16 2 1
github.com/XinFinOrg/XDPoSChain/contracts/blocksigner/blocksigner.go:36.2,42.8 1 1
github.com/XinFinOrg/XDPoSChain/contracts/blocksigner/blocksigner.go:32.16,34.3 1 0
github.com/XinFinOrg/XDPoSChain/contracts/blocksigner/blocksigner.go:45.155,47.16 2 1
github.com/XinFinOrg/XDPoSChain/contracts/blocksigner/blocksigner.go:51.2,52.16 2 1
github.com/XinFinOrg/XDPoSChain/contracts/blocksigner/blocksigner.go:56.2,56.42 1 1
github.com/XinFinOrg/XDPoSChain/contracts/blocksigner/blocksigner.go:47.16,49.3 1 0
github.com/XinFinOrg/XDPoSChain/contracts/blocksigner/blocksigner.go:52.16,54.3 1 0
github.com/XinFinOrg/XDPoSChain/contracts/chequebook/api.go:34.41,36.2 1 0
github.com/XinFinOrg/XDPoSChain/contracts/chequebook/api.go:38.44,40.15 2 0
github.com/XinFinOrg/XDPoSChain/contracts/chequebook/api.go:43.2,43.35 1 0
github.com/XinFinOrg/XDPoSChain/contracts/chequebook/api.go:40.15,42.3 1 0
github.com/XinFinOrg/XDPoSChain/contracts/chequebook/api.go:46.97,48.15 2 0
github.com/XinFinOrg/XDPoSChain/contracts/chequebook/api.go:51.2,51.38 1 0
github.com/XinFinOrg/XDPoSChain/contracts/chequebook/api.go:48.15,50.3 1 0
github.com/XinFinOrg/XDPoSChain/contracts/chequebook/api.go:54.66,56.15 2 0
github.com/XinFinOrg/XDPoSChain/contracts/chequebook/api.go:59.2,59.24 1 0
github.com/XinFinOrg/XDPoSChain/contracts/chequebook/api.go:56.15,58.3 1 0
github.com/XinFinOrg/XDPoSChain/contracts/chequebook/api.go:62.70,64.15 2 0
github.com/XinFinOrg/XDPoSChain/contracts/chequebook/api.go:67.2,67.27 1 0
github.com/XinFinOrg/XDPoSChain/contracts/chequebook/api.go:64.15,66.3 1 0
github.com/XinFinOrg/XDPoSChain/contracts/chequebook/cheque.go:78.37,80.2 1 0
github.com/XinFinOrg/XDPoSChain/contracts/chequebook/cheque.go:112.41,114.2 1 0
github.com/XinFinOrg/XDPoSChain/contracts/chequebook/cheque.go:117.135,122.16 4 7
github.com/XinFinOrg/XDPoSChain/contracts/chequebook/cheque.go:125.2,144.40 4 7
github.com/XinFinOrg/XDPoSChain/contracts/chequebook/cheque.go:148.2,148.8 1 7
github.com/XinFinOrg/XDPoSChain/contracts/chequebook/cheque.go:122.16,124.3 1 0
github.com/XinFinOrg/XDPoSChain/contracts/chequebook/cheque.go:144.40,147.3 2 6
github.com/XinFinOrg/XDPoSChain/contracts/chequebook/cheque.go:151.52,153.16 2 6
github.com/XinFinOrg/XDPoSChain/contracts/chequebook/cheque.go:153.16,155.3 1 0
github.com/XinFinOrg/XDPoSChain/contracts/chequebook/cheque.go:155.8,157.3 1 6
github.com/XinFinOrg/XDPoSChain/contracts/chequebook/cheque.go:161.126,164.16 3 1
github.com/XinFinOrg/XDPoSChain/contracts/chequebook/cheque.go:167.2,170.16 3 1
github.com/XinFinOrg/XDPoSChain/contracts/chequebook/cheque.go:173.2,173.18 1 1
github.com/XinFinOrg/XDPoSChain/contracts/chequebook/cheque.go:176.2,178.8 2 1
github.com/XinFinOrg/XDPoSChain/contracts/chequebook/cheque.go:164.16,166.3 1 0
github.com/XinFinOrg/XDPoSChain/contracts/chequebook/cheque.go:170.16,172.3 1 0
github.com/XinFinOrg/XDPoSChain/contracts/chequebook/cheque.go:173.18,175.3 1 0
github.com/XinFinOrg/XDPoSChain/contracts/chequebook/cheque.go:190.58,193.16 3 1
github.com/XinFinOrg/XDPoSChain/contracts/chequebook/cheque.go:196.2,197.9 2 1
github.com/XinFinOrg/XDPoSChain/contracts/chequebook/cheque.go:200.2,201.36 2 1
github.com/XinFinOrg/XDPoSChain/contracts/chequebook/cheque.go:207.2,207.12 1 1
github.com/XinFinOrg/XDPoSChain/contracts/chequebook/cheque.go:193.16,195.3 1 0
github.com/XinFinOrg/XDPoSChain/contracts/chequebook/cheque.go:197.9,199.3 1 0
github.com/XinFinOrg/XDPoSChain/contracts/chequebook/cheque.go:201.36,203.10 2 1
github.com/XinFinOrg/XDPoSChain/contracts/chequebook/cheque.go:203.10,205.4 1 0
github.com/XinFinOrg/XDPoSChain/contracts/chequebook/cheque.go:211.55,218.36 2 2
github.com/XinFinOrg/XDPoSChain/contracts/chequebook/cheque.go:221.2,221.27 1 2
github.com/XinFinOrg/XDPoSChain/contracts/chequebook/cheque.go:218.36,220.3 1 2
github.com/XinFinOrg/XDPoSChain/contracts/chequebook/cheque.go:226.44,228.16 2 2
github.com/XinFinOrg/XDPoSChain/contracts/chequebook/cheque.go:231.2,233.55 2 2
github.com/XinFinOrg/XDPoSChain/contracts/chequebook/cheque.go:228.16,230.3 1 0
github.com/XinFinOrg/XDPoSChain/contracts/chequebook/cheque.go:237.32,240.22 3 1
github.com/XinFinOrg/XDPoSChain/contracts/chequebook/cheque.go:240.22,243.3 2 1
github.com/XinFinOrg/XDPoSChain/contracts/chequebook/cheque.go:248.100,252.24 3 27
github.com/XinFinOrg/XDPoSChain/contracts/chequebook/cheque.go:255.2,255.34 1 26
github.com/XinFinOrg/XDPoSChain/contracts/chequebook/cheque.go:283.2,283.27 1 26
github.com/XinFinOrg/XDPoSChain/contracts/chequebook/cheque.go:290.2,290.8 1 26
github.com/XinFinOrg/XDPoSChain/contracts/chequebook/cheque.go:252.24,254.3 1 1
github.com/XinFinOrg/XDPoSChain/contracts/chequebook/cheque.go:255.34,257.3 1 1
github.com/XinFinOrg/XDPoSChain/contracts/chequebook/cheque.go:257.8,260.13 3 25
github.com/XinFinOrg/XDPoSChain/contracts/chequebook/cheque.go:264.3,268.17 4 25
github.com/XinFinOrg/XDPoSChain/contracts/chequebook/cheque.go:260.13,263.4 2 3
github.com/XinFinOrg/XDPoSChain/contracts/chequebook/cheque.go:268.17,277.4 3 25
github.com/XinFinOrg/XDPoSChain/contracts/chequebook/cheque.go:283.27,284.43 1 11
github.com/XinFinOrg/XDPoSChain/contracts/chequebook/cheque.go:284.43,287.4 2 3
github.com/XinFinOrg/XDPoSChain/contracts/chequebook/cheque.go:294.69,296.2 1 0
github.com/XinFinOrg/XDPoSChain/contracts/chequebook/cheque.go:299.73,301.25 2 35
github.com/XinFinOrg/XDPoSChain/contracts/chequebook/cheque.go:304.2,308.32 5 35
github.com/XinFinOrg/XDPoSChain/contracts/chequebook/cheque.go:301.25,303.3 1 0
github.com/XinFinOrg/XDPoSChain/contracts/chequebook/cheque.go:312.44,316.2 3 12
github.com/XinFinOrg/XDPoSChain/contracts/chequebook/cheque.go:319.48,321.2 1 0
github.com/XinFinOrg/XDPoSChain/contracts/chequebook/cheque.go:324.50,326.2 1 0
github.com/XinFinOrg/XDPoSChain/contracts/chequebook/cheque.go:329.66,333.2 3 1
github.com/XinFinOrg/XDPoSChain/contracts/chequebook/cheque.go:337.66,343.16 5 5
github.com/XinFinOrg/XDPoSChain/contracts/chequebook/cheque.go:348.2,350.29 3 5
github.com/XinFinOrg/XDPoSChain/contracts/chequebook/cheque.go:343.16,346.3 2 0
github.com/XinFinOrg/XDPoSChain/contracts/chequebook/cheque.go:356.89,362.2 5 5
github.com/XinFinOrg/XDPoSChain/contracts/chequebook/cheque.go:366.61,367.22 1 5
github.com/XinFinOrg/XDPoSChain/contracts/chequebook/cheque.go:372.2,372.121 1 5
github.com/XinFinOrg/XDPoSChain/contracts/chequebook/cheque.go:376.2,380.12 4 3
github.com/XinFinOrg/XDPoSChain/contracts/chequebook/cheque.go:367.22,370.3 2 2
github.com/XinFinOrg/XDPoSChain/contracts/chequebook/cheque.go:372.121,374.3 1 2
github.com/XinFinOrg/XDPoSChain/contracts/chequebook/cheque.go:380.12,381.7 1 3
github.com/XinFinOrg/XDPoSChain/contracts/chequebook/cheque.go:381.7,382.11 1 7
github.com/XinFinOrg/XDPoSChain/contracts/chequebook/cheque.go:383.16,384.11 1 3
github.com/XinFinOrg/XDPoSChain/contracts/chequebook/cheque.go:385.20,387.42 2 4
github.com/XinFinOrg/XDPoSChain/contracts/chequebook/cheque.go:394.5,394.23 1 4
github.com/XinFinOrg/XDPoSChain/contracts/chequebook/cheque.go:387.42,390.20 3 1
github.com/XinFinOrg/XDPoSChain/contracts/chequebook/cheque.go:390.20,392.7 1 1
github.com/XinFinOrg/XDPoSChain/contracts/chequebook/cheque.go:407.72,409.2 1 0
github.com/XinFinOrg/XDPoSChain/contracts/chequebook/cheque.go:412.66,414.2 1 0
github.com/XinFinOrg/XDPoSChain/contracts/chequebook/cheque.go:417.85,419.2 1 0
github.com/XinFinOrg/XDPoSChain/contracts/chequebook/cheque.go:422.29,422.30 0 0
github.com/XinFinOrg/XDPoSChain/contracts/chequebook/cheque.go:425.37,427.2 1 0
github.com/XinFinOrg/XDPoSChain/contracts/chequebook/cheque.go:448.162,449.19 1 3
github.com/XinFinOrg/XDPoSChain/contracts/chequebook/cheque.go:452.2,453.16 2 3
github.com/XinFinOrg/XDPoSChain/contracts/chequebook/cheque.go:456.2,474.8 7 3
github.com/XinFinOrg/XDPoSChain/contracts/chequebook/cheque.go:449.19,451.3 1 0
github.com/XinFinOrg/XDPoSChain/contracts/chequebook/cheque.go:453.16,455.3 1 0
github.com/XinFinOrg/XDPoSChain/contracts/chequebook/cheque.go:477.36,479.2 1 0
github.com/XinFinOrg/XDPoSChain/contracts/chequebook/cheque.go:482.27,485.22 3 1
github.com/XinFinOrg/XDPoSChain/contracts/chequebook/cheque.go:485.22,488.3 2 1
github.com/XinFinOrg/XDPoSChain/contracts/chequebook/cheque.go:492.54,493.24 1 4
github.com/XinFinOrg/XDPoSChain/contracts/chequebook/cheque.go:498.2,498.8 1 4
github.com/XinFinOrg/XDPoSChain/contracts/chequebook/cheque.go:493.24,497.3 3 4
github.com/XinFinOrg/XDPoSChain/contracts/chequebook/cheque.go:503.79,508.2 4 3
github.com/XinFinOrg/XDPoSChain/contracts/chequebook/cheque.go:513.57,514.22 1 3
github.com/XinFinOrg/XDPoSChain/contracts/chequebook/cheque.go:519.2,519.97 1 3
github.com/XinFinOrg/XDPoSChain/contracts/chequebook/cheque.go:523.2,527.12 4 1
github.com/XinFinOrg/XDPoSChain/contracts/chequebook/cheque.go:514.22,517.3 2 0
github.com/XinFinOrg/XDPoSChain/contracts/chequebook/cheque.go:519.97,521.3 1 2
github.com/XinFinOrg/XDPoSChain/contracts/chequebook/cheque.go:527.12,528.7 1 1
github.com/XinFinOrg/XDPoSChain/contracts/chequebook/cheque.go:528.7,529.11 1 5
github.com/XinFinOrg/XDPoSChain/contracts/chequebook/cheque.go:530.16,531.11 1 1
github.com/XinFinOrg/XDPoSChain/contracts/chequebook/cheque.go:532.20,534.71 2 4
github.com/XinFinOrg/XDPoSChain/contracts/chequebook/cheque.go:540.5,540.23 1 4
github.com/XinFinOrg/XDPoSChain/contracts/chequebook/cheque.go:534.71,536.20 2 1
github.com/XinFinOrg/XDPoSChain/contracts/chequebook/cheque.go:536.20,538.7 1 1
github.com/XinFinOrg/XDPoSChain/contracts/chequebook/cheque.go:548.68,555.24 5 13
github.com/XinFinOrg/XDPoSChain/contracts/chequebook/cheque.go:566.2,568.16 3 13
github.com/XinFinOrg/XDPoSChain/contracts/chequebook/cheque.go:580.2,580.20 1 13
github.com/XinFinOrg/XDPoSChain/contracts/chequebook/cheque.go:555.24,558.17 2 3
github.com/XinFinOrg/XDPoSChain/contracts/chequebook/cheque.go:561.3,561.14 1 3
github.com/XinFinOrg/XDPoSChain/contracts/chequebook/cheque.go:558.17,560.4 1 0
github.com/XinFinOrg/XDPoSChain/contracts/chequebook/cheque.go:562.8,564.3 1 10
github.com/XinFinOrg/XDPoSChain/contracts/chequebook/cheque.go:568.16,571.30 2 10
github.com/XinFinOrg/XDPoSChain/contracts/chequebook/cheque.go:577.3,577.96 1 10
github.com/XinFinOrg/XDPoSChain/contracts/chequebook/cheque.go:571.30,573.42 2 4
github.com/XinFinOrg/XDPoSChain/contracts/chequebook/cheque.go:573.42,575.5 1 3
github.com/XinFinOrg/XDPoSChain/contracts/chequebook/cheque.go:584.126,586.16 2 13
github.com/XinFinOrg/XDPoSChain/contracts/chequebook/cheque.go:590.2,590.37 1 13
github.com/XinFinOrg/XDPoSChain/contracts/chequebook/cheque.go:593.2,593.31 1 12
github.com/XinFinOrg/XDPoSChain/contracts/chequebook/cheque.go:597.2,598.16 2 11
github.com/XinFinOrg/XDPoSChain/contracts/chequebook/cheque.go:605.2,606.16 2 10
github.com/XinFinOrg/XDPoSChain/contracts/chequebook/cheque.go:609.2,609.79 1 10
github.com/XinFinOrg/XDPoSChain/contracts/chequebook/cheque.go:612.2,612.20 1 10
github.com/XinFinOrg/XDPoSChain/contracts/chequebook/cheque.go:586.16,588.3 1 0
github.com/XinFinOrg/XDPoSChain/contracts/chequebook/cheque.go:590.37,592.3 1 1
github.com/XinFinOrg/XDPoSChain/contracts/chequebook/cheque.go:593.31,595.3 1 1
github.com/XinFinOrg/XDPoSChain/contracts/chequebook/cheque.go:598.16,600.25 2 11
github.com/XinFinOrg/XDPoSChain/contracts/chequebook/cheque.go:600.25,602.4 1 1
github.com/XinFinOrg/XDPoSChain/contracts/chequebook/cheque.go:606.16,608.3 1 0
github.com/XinFinOrg/XDPoSChain/contracts/chequebook/cheque.go:609.79,611.3 1 0
github.com/XinFinOrg/XDPoSChain/contracts/chequebook/cheque.go:616.50,621.2 4 5
github.com/XinFinOrg/XDPoSChain/contracts/chequebook/cheque.go:624.79,627.16 3 5
github.com/XinFinOrg/XDPoSChain/contracts/chequebook/cheque.go:630.2,630.29 1 5
github.com/XinFinOrg/XDPoSChain/contracts/chequebook/cheque.go:627.16,629.3 1 0
github.com/XinFinOrg/XDPoSChain/contracts/chequebook/cheque.go:635.96,637.16 2 0
github.com/XinFinOrg/XDPoSChain/contracts/chequebook/cheque.go:640.2,640.78 1 0
github.com/XinFinOrg/XDPoSChain/contracts/chequebook/cheque.go:637.16,639.3 1 0
