<?xml version="1.0" encoding="UTF-8"?>
<testsuite tests="6204" skipped="0" errors="0" failures="0" id="0" name="SolidityTests" time="430.339">
<testcase assertions="5" classname="TemporaryDirectoryTest" name="TemporaryDirectory_should_create_and_delete_a_unique_and_empty_directory" time="0.00165">
</testcase>
<testcase assertions="2" classname="TemporaryDirectoryTest" name="TemporaryDirectory_should_delete_its_directory_even_if_not_empty" time="0.001067">
</testcase>
<testcase assertions="2" classname="TemporaryDirectoryTest" name="TemporaryWorkingDirectory_should_change_and_restore_working_directory" time="0.000594">
</testcase>
<testcase assertions="3" classname="SolidityAuctionRegistrar" name="creation" time="0.248062">
</testcase>
<testcase assertions="18" classname="SolidityAuctionRegistrar" name="reserve" time="0.000769">
</testcase>
<testcase assertions="10" classname="SolidityAuctionRegistrar" name="double_reserve_long" time="0.000409">
</testcase>
<testcase assertions="89" classname="SolidityAuctionRegistrar" name="properties" time="0.003055">
</testcase>
<testcase assertions="10" classname="SolidityAuctionRegistrar" name="transfer" time="0.000454">
</testcase>
<testcase assertions="30" classname="SolidityAuctionRegistrar" name="disown" time="0.001048">
</testcase>
<testcase assertions="10" classname="SolidityAuctionRegistrar" name="auction_simple" time="0.000463">
</testcase>
<testcase assertions="15" classname="SolidityAuctionRegistrar" name="auction_bidding" time="0.000665">
</testcase>
<testcase assertions="5" classname="SolidityWallet" name="creation" time="0.609267">
</testcase>
<testcase assertions="11" classname="SolidityWallet" name="add_owners" time="0.001066">
</testcase>
<testcase assertions="7" classname="SolidityWallet" name="change_owners" time="0.000573">
</testcase>
<testcase assertions="62" classname="SolidityWallet" name="remove_owner" time="0.005005">
</testcase>
<testcase assertions="11" classname="SolidityWallet" name="initial_owners" time="0.000798">
</testcase>
<testcase assertions="10" classname="SolidityWallet" name="multisig_value_transfer" time="0.000939">
</testcase>
<testcase assertions="15" classname="SolidityWallet" name="revoke_addOwner" time="0.001344">
</testcase>
<testcase assertions="12" classname="SolidityWallet" name="revoke_transaction" time="0.001089">
</testcase>
<testcase assertions="16" classname="SolidityWallet" name="daylimit" time="0.00113">
</testcase>
<testcase assertions="5" classname="SolidityWallet" name="daylimit_constructor" time="0.000378">
</testcase>
<testcase assertions="15" classname="Checksum" name="calculate" time="0.000226">
</testcase>
<testcase assertions="4" classname="Checksum" name="regular" time="3.7e-05">
</testcase>
<testcase assertions="4" classname="Checksum" name="regular_negative" time="3.4e-05">
</testcase>
<testcase assertions="8" classname="Checksum" name="regular_invalid_length" time="4.8e-05">
</testcase>
<testcase assertions="4" classname="Checksum" name="homocaps_valid" time="3.3e-05">
</testcase>
<testcase assertions="4" classname="Checksum" name="homocaps_invalid" time="2.2e-05">
</testcase>
<testcase assertions="7" classname="CommonData" name="fromhex_char" time="3.3e-05">
</testcase>
<testcase assertions="12" classname="CommonData" name="fromhex_string" time="4e-05">
</testcase>
<testcase assertions="5" classname="CommonData" name="tohex_uint8" time="2.2e-05">
</testcase>
<testcase assertions="8" classname="CommonData" name="tohex_bytes" time="1.7e-05">
</testcase>
<testcase assertions="17" classname="CommonData" name="test_format_number" time="4.3e-05">
</testcase>
<testcase assertions="1" classname="CommonIOTest" name="readFileAsString_regular_file" time="0.001359">
</testcase>
<testcase assertions="1" classname="CommonIOTest" name="readFileAsString_directory" time="0.000415">
</testcase>
<testcase assertions="1" classname="CommonIOTest" name="readFileAsString_symlink" time="0.001587">
</testcase>
<testcase assertions="8" classname="FixedHashTest" name="default_constructor" time="2.9e-05">
</testcase>
<testcase assertions="8" classname="FixedHashTest" name="bytes_constructor" time="1.7e-05">
</testcase>
<testcase assertions="10" classname="FixedHashTest" name="string_constructor_fromhex" time="1.9e-05">
</testcase>
<testcase assertions="8" classname="FixedHashTest" name="string_constructor_frombytes" time="1.3e-05">
</testcase>
<testcase assertions="8" classname="FixedHashTest" name="converting_constructor" time="1.5e-05">
</testcase>
<testcase assertions="1" classname="FixedHashTest" name="arith_constructor" time="7e-06">
</testcase>
<testcase assertions="1" classname="FixedHashTest" name="to_arith" time="1e-05">
</testcase>
<testcase assertions="13" classname="FixedHashTest" name="comparison" time="2.5e-05">
</testcase>
<testcase assertions="6" classname="FixedHashTest" name="indexing" time="1e-05">
</testcase>
<testcase assertions="5" classname="FixedHashTest" name="misc" time="1.1e-05">
</testcase>
<testcase assertions="1" classname="FixedHashTest" name="tostream" time="3e-05">
</testcase>
<testcase assertions="1" classname="IndentedWriterTest" name="empty" time="8e-06">
</testcase>
<testcase assertions="1" classname="IndentedWriterTest" name="new_lines" time="7e-06">
</testcase>
<testcase assertions="1" classname="IndentedWriterTest" name="text_without_newline" time="6e-06">
</testcase>
<testcase assertions="1" classname="IndentedWriterTest" name="text_with_newline" time="9e-06">
</testcase>
<testcase assertions="1" classname="IndentedWriterTest" name="indent" time="8e-06">
</testcase>
<testcase assertions="7" classname="IpfsHash" name="test_small" time="0.004045">
</testcase>
<testcase assertions="2" classname="IpfsHash" name="test_medium" time="0.002519">
</testcase>
<testcase assertions="2" classname="IpfsHash" name="test_largest_unchunked" time="0.004974">
</testcase>
<testcase assertions="2" classname="IpfsHash" name="test_smallest_chunked" time="0.004951">
</testcase>
<testcase assertions="2" classname="IpfsHash" name="test_large" time="0.024506">
</testcase>
<testcase assertions="2" classname="IpfsHash" name="test_largest_one_level" time="0.835039">
</testcase>
<testcase assertions="2" classname="IpfsHash" name="test_smallest_multi_level" time="0.831537">
</testcase>
<testcase assertions="2" classname="IpfsHash" name="test_multi_level_tree" time="0.773324">
</testcase>
<testcase assertions="1" classname="IterateReplacing" name="no_replacement" time="4e-05">
</testcase>
<testcase assertions="1" classname="IterateReplacing" name="empty_input" time="1.4e-05">
</testcase>
<testcase assertions="1" classname="IterateReplacing" name="delete_some" time="1.3e-05">
</testcase>
<testcase assertions="1" classname="IterateReplacing" name="inject_some_start" time="1.4e-05">
</testcase>
<testcase assertions="1" classname="IterateReplacing" name="inject_some_end" time="1.3e-05">
</testcase>
<testcase assertions="1" classname="JsonTest" name="json_pretty_print" time="6.2e-05">
</testcase>
<testcase assertions="1" classname="JsonTest" name="json_compact_print" time="3.4e-05">
</testcase>
<testcase assertions="17" classname="JsonTest" name="parse_json_strict" time="0.000147">
</testcase>
<testcase assertions="1" classname="Keccak256" name="empty" time="1.7e-05">
</testcase>
<testcase assertions="4" classname="Keccak256" name="zeros" time="2.8e-05">
</testcase>
<testcase assertions="2" classname="Keccak256" name="strings" time="1.5e-05">
</testcase>
<testcase assertions="2" classname="LazyInitTests" name="default_constructed_is_empty" time="1.1e-05">
</testcase>
<testcase assertions="1" classname="LazyInitTests" name="initialized_is_not_empty" time="1.3e-05">
</testcase>
<testcase assertions="2" classname="LazyInitTests" name="init_returns_init_value" time="1.3e-05">
</testcase>
<testcase assertions="2" classname="LazyInitTests" name="moved_from_is_empty" time="1e-05">
</testcase>
<testcase assertions="1" classname="LazyInitTests" name="move_constructed_has_same_value_as_original" time="1e-05">
</testcase>
<testcase assertions="15" classname="LEB128Test" name="encode_unsigned" time="6.6e-05">
</testcase>
<testcase assertions="23" classname="LEB128Test" name="encode_signed" time="5.9e-05">
</testcase>
<testcase assertions="16" classname="StringUtils" name="test_similarity" time="4.3e-05">
</testcase>
<testcase assertions="12" classname="StringUtils" name="test_dldistance" time="4.8e-05">
</testcase>
<testcase assertions="5" classname="StringUtils" name="test_alternatives_list" time="2.1e-05">
</testcase>
<testcase assertions="12" classname="StringUtils" name="test_human_readable_join" time="3.4e-05">
</testcase>
<testcase assertions="20" classname="StringUtils" name="test_format_number_readable" time="8.1e-05">
</testcase>
<testcase assertions="11" classname="SwarmHash" name="test_zeros" time="0.10851">
</testcase>
<testcase assertions="7" classname="SwarmHash" name="bzz_hash_short" time="0.000768">
</testcase>
<testcase assertions="5" classname="SwarmHash" name="bzz_hash_large" time="0.081178">
</testcase>
<testcase assertions="6" classname="SwarmHash" name="bzz_hash_nonzero" time="0.071498">
</testcase>
<testcase assertions="16" classname="UTF8" name="valid" time="4.8e-05">
</testcase>
<testcase assertions="13" classname="UTF8" name="invalid" time="2.5e-05">
</testcase>
<testcase assertions="1" classname="UTF8" name="corpus" time="1.2e-05">
</testcase>
<testcase assertions="1" classname="WhiskersTest" name="no_templates" time="2.2e-05">
</testcase>
<testcase assertions="1" classname="WhiskersTest" name="basic_replacement" time="3.7e-05">
</testcase>
<testcase assertions="1" classname="WhiskersTest" name="tag_unavailable" time="6.9e-05">
</testcase>
<testcase assertions="1" classname="WhiskersTest" name="list_unavailable" time="2.8e-05">
</testcase>
<testcase assertions="1" classname="WhiskersTest" name="name_type_collision" time="2.2e-05">
</testcase>
<testcase assertions="2" classname="WhiskersTest" name="conditional" time="2.7e-05">
</testcase>
<testcase assertions="2" classname="WhiskersTest" name="conditional_with_else" time="3.2e-05">
</testcase>
<testcase assertions="2" classname="WhiskersTest" name="conditional_plus_params" time="4.6e-05">
</testcase>
<testcase assertions="1" classname="WhiskersTest" name="conditional_plus_list" time="6.1e-05">
</testcase>
<testcase assertions="2" classname="WhiskersTest" name="string_as_conditional" time="3.7e-05">
</testcase>
<testcase assertions="1" classname="WhiskersTest" name="string_as_conditional_wrong" time="2.4e-05">
</testcase>
<testcase assertions="1" classname="WhiskersTest" name="complicated_replacement" time="2.1e-05">
</testcase>
<testcase assertions="1" classname="WhiskersTest" name="non_existing_list" time="2.3e-05">
</testcase>
<testcase assertions="1" classname="WhiskersTest" name="empty_list" time="1.5e-05">
</testcase>
<testcase assertions="1" classname="WhiskersTest" name="list" time="3.7e-05">
</testcase>
<testcase assertions="1" classname="WhiskersTest" name="recursive_list" time="2.4e-05">
</testcase>
<testcase assertions="1" classname="WhiskersTest" name="list_can_access_upper" time="2.2e-05">
</testcase>
<testcase assertions="2" classname="WhiskersTest" name="parameter_collision" time="3.9e-05">
</testcase>
<testcase assertions="1" classname="WhiskersTest" name="invalid_param" time="1.5e-05">
</testcase>
<testcase assertions="1" classname="WhiskersTest" name="invalid_param_rendered" time="9e-06">
</testcase>
<testcase assertions="6" classname="CharStreamTest" name="test_fail" time="3.1e-05">
</testcase>
<testcase assertions="1" classname="ScannerTest" name="test_empty" time="1.4e-05">
</testcase>
<testcase assertions="13" classname="ScannerTest" name="smoke_test" time="2.6e-05">
</testcase>
<testcase assertions="6" classname="ScannerTest" name="assembly_assign" time="1.6e-05">
</testcase>
<testcase assertions="10" classname="ScannerTest" name="assembly_multiple_assign" time="1.5e-05">
</testcase>
<testcase assertions="380" classname="ScannerTest" name="string_printable" time="0.000256">
</testcase>
<testcase assertions="640" classname="ScannerTest" name="string_nonprintable" time="0.00042">
</testcase>
<testcase assertions="3" classname="ScannerTest" name="string_escapes" time="1.2e-05">
</testcase>
<testcase assertions="3" classname="ScannerTest" name="string_escapes_all" time="8e-06">
</testcase>
<testcase assertions="12" classname="ScannerTest" name="string_escapes_legal_before_080" time="1.9e-05">
</testcase>
<testcase assertions="3" classname="ScannerTest" name="string_escapes_with_zero" time="9e-06">
</testcase>
<testcase assertions="8" classname="ScannerTest" name="string_escape_illegal" time="1.4e-05">
</testcase>
<testcase assertions="10" classname="ScannerTest" name="hex_numbers" time="2.3e-05">
</testcase>
<testcase assertions="8" classname="ScannerTest" name="octal_numbers" time="2.1e-05">
</testcase>
<testcase assertions="7" classname="ScannerTest" name="scientific_notation" time="1.2e-05">
</testcase>
<testcase assertions="10" classname="ScannerTest" name="leading_dot_in_identifier" time="2.5e-05">
</testcase>
<testcase assertions="11" classname="ScannerTest" name="middle_dot_in_identifier" time="2.1e-05">
</testcase>
<testcase assertions="9" classname="ScannerTest" name="trailing_dot_in_identifier" time="1.8e-05">
</testcase>
<testcase assertions="11" classname="ScannerTest" name="trailing_dot_in_numbers" time="3.2e-05">
</testcase>
<testcase assertions="3" classname="ScannerTest" name="leading_underscore_decimal_is_identifier" time="1.3e-05">
</testcase>
<testcase assertions="4" classname="ScannerTest" name="leading_underscore_decimal_after_dot_illegal" time="1.9e-05">
</testcase>
<testcase assertions="2" classname="ScannerTest" name="leading_underscore_exp_are_identifier" time="1.4e-05">
</testcase>
<testcase assertions="3" classname="ScannerTest" name="leading_underscore_exp_after_e_illegal" time="1.1e-05">
</testcase>
<testcase assertions="3" classname="ScannerTest" name="leading_underscore_hex_illegal" time="1.6e-05">
</testcase>
<testcase assertions="2" classname="ScannerTest" name="fixed_number_invalid_underscore_front" time="1.1e-05">
</testcase>
<testcase assertions="6" classname="ScannerTest" name="number_literals_with_trailing_underscore_at_eos" time="1.2e-05">
</testcase>
<testcase assertions="22" classname="ScannerTest" name="negative_numbers" time="2.8e-05">
</testcase>
<testcase assertions="17" classname="ScannerTest" name="locations" time="2.2e-05">
</testcase>
<testcase assertions="16" classname="ScannerTest" name="ambiguities" time="1.9e-05">
</testcase>
<testcase assertions="2" classname="ScannerTest" name="documentation_comments_parsed_begin" time="1.4e-05">
</testcase>
<testcase assertions="2" classname="ScannerTest" name="multiline_documentation_comments_parsed_begin" time="1.2e-05">
</testcase>
<testcase assertions="5" classname="ScannerTest" name="documentation_comments_parsed" time="1.2e-05">
</testcase>
<testcase assertions="5" classname="ScannerTest" name="multiline_documentation_comments_parsed" time="1.1e-05">
</testcase>
<testcase assertions="5" classname="ScannerTest" name="multiline_documentation_no_stars" time="1e-05">
</testcase>
<testcase assertions="5" classname="ScannerTest" name="multiline_documentation_whitespace_hell" time="1e-05">
</testcase>
<testcase assertions="2" classname="ScannerTest" name="comment_before_eos" time="7e-06">
</testcase>
<testcase assertions="2" classname="ScannerTest" name="documentation_comment_before_eos" time="8e-06">
</testcase>
<testcase assertions="2" classname="ScannerTest" name="empty_multiline_comment" time="9e-06">
</testcase>
<testcase assertions="2" classname="ScannerTest" name="empty_multiline_documentation_comment_before_eos" time="8e-06">
</testcase>
<testcase assertions="3" classname="ScannerTest" name="comments_mixed_in_sequence" time="1e-05">
</testcase>
<testcase assertions="3" classname="ScannerTest" name="ether_subdenominations" time="9e-06">
</testcase>
<testcase assertions="6" classname="ScannerTest" name="time_subdenominations" time="1.2e-05">
</testcase>
<testcase assertions="4" classname="ScannerTest" name="empty_comment" time="9e-06">
</testcase>
<testcase assertions="3" classname="ScannerTest" name="valid_unicode_string_escape" time="1.5e-05">
</testcase>
<testcase assertions="3" classname="ScannerTest" name="valid_unicode_string_escape_7f" time="1e-05">
</testcase>
<testcase assertions="3" classname="ScannerTest" name="valid_unicode_string_escape_7ff" time="1e-05">
</testcase>
<testcase assertions="3" classname="ScannerTest" name="valid_unicode_string_escape_ffff" time="8e-06">
</testcase>
<testcase assertions="2" classname="ScannerTest" name="invalid_short_unicode_string_escape" time="1.4e-05">
</testcase>
<testcase assertions="6" classname="ScannerTest" name="unicode_prefix_only" time="1.5e-05">
</testcase>
<testcase assertions="3" classname="ScannerTest" name="unicode_invalid_space" time="8e-06">
</testcase>
<testcase assertions="8" classname="ScannerTest" name="unicode_invalid_token" time="1.3e-05">
</testcase>
<testcase assertions="3" classname="ScannerTest" name="valid_unicode_literal" time="9e-06">
</testcase>
<testcase assertions="3" classname="ScannerTest" name="valid_nonprintable_in_unicode_literal" time="9e-06">
</testcase>
<testcase assertions="5" classname="ScannerTest" name="hex_prefix_only" time="1.2e-05">
</testcase>
<testcase assertions="3" classname="ScannerTest" name="hex_invalid_space" time="8e-06">
</testcase>
<testcase assertions="6" classname="ScannerTest" name="hex_invalid_token" time="1.1e-05">
</testcase>
<testcase assertions="3" classname="ScannerTest" name="valid_hex_literal" time="8e-06">
</testcase>
<testcase assertions="3" classname="ScannerTest" name="invalid_short_hex_literal" time="1.1e-05">
</testcase>
<testcase assertions="3" classname="ScannerTest" name="invalid_hex_literal_with_space" time="9e-06">
</testcase>
<testcase assertions="3" classname="ScannerTest" name="invalid_hex_literal_with_wrong_quotes" time="8e-06">
</testcase>
<testcase assertions="3" classname="ScannerTest" name="invalid_hex_literal_nonhex_string" time="8e-06">
</testcase>
<testcase assertions="2" classname="ScannerTest" name="invalid_multiline_comment_close" time="1.4e-05">
</testcase>
<testcase assertions="2" classname="ScannerTest" name="multiline_doc_comment_at_eos" time="8e-06">
</testcase>
<testcase assertions="2" classname="ScannerTest" name="multiline_comment_at_eos" time="7e-06">
</testcase>
<testcase assertions="12" classname="ScannerTest" name="regular_line_break_in_single_line_comment" time="2e-05">
</testcase>
<testcase assertions="24" classname="ScannerTest" name="irregular_line_breaks_in_single_line_comment" time="2.6e-05">
</testcase>
<testcase assertions="12" classname="ScannerTest" name="regular_line_breaks_in_single_line_doc_comment" time="2e-05">
</testcase>
<testcase assertions="15" classname="ScannerTest" name="regular_line_breaks_in_multiline_doc_comment" time="1.8e-05">
</testcase>
<testcase assertions="24" classname="ScannerTest" name="irregular_line_breaks_in_single_line_doc_comment" time="2.7e-05">
</testcase>
<testcase assertions="15" classname="ScannerTest" name="regular_line_breaks_in_strings" time="1.7e-05">
</testcase>
<testcase assertions="28" classname="ScannerTest" name="irregular_line_breaks_in_strings" time="2.6e-05">
</testcase>
<testcase assertions="26" classname="ScannerTest" name="solidity_keywords" time="3.4e-05">
</testcase>
<testcase assertions="6" classname="ScannerTest" name="yul_keyword_like" time="1.5e-05">
</testcase>
<testcase assertions="10" classname="ScannerTest" name="yul_identifier_with_dots" time="1.7e-05">
</testcase>
<testcase assertions="24" classname="ScannerTest" name="yul_function" time="3.1e-05">
</testcase>
<testcase assertions="26" classname="ScannerTest" name="yul_function_with_whitespace" time="3e-05">
</testcase>
<testcase assertions="6" classname="SourceLocationTest" name="test_fail" time="1.6e-05">
</testcase>
<testcase assertions="5" classname="Assembler" name="all_assembly_items" time="0.000367">
</testcase>
<testcase assertions="5" classname="Assembler" name="immutable" time="0.000184">
</testcase>
<testcase assertions="4" classname="Assembler" name="subobject_encode_decode" time="6.6e-05">
</testcase>
<testcase assertions="4" classname="Optimiser" name="cse_push_immutable_same" time="4.1e-05">
</testcase>
<testcase assertions="4" classname="Optimiser" name="cse_push_immutable_different" time="2e-05">
</testcase>
<testcase assertions="7" classname="Optimiser" name="cse_assign_immutable" time="3.1e-05">
</testcase>
<testcase assertions="1" classname="Optimiser" name="cse_assign_immutable_breaks" time="1e-05">
</testcase>
<testcase assertions="2" classname="Optimiser" name="cse_intermediate_swap" time="9.4e-05">
</testcase>
<testcase assertions="4" classname="Optimiser" name="cse_negative_stack_access" time="3.1e-05">
</testcase>
<testcase assertions="3" classname="Optimiser" name="cse_negative_stack_end" time="2.6e-05">
</testcase>
<testcase assertions="5" classname="Optimiser" name="cse_intermediate_negative_stack" time="3.2e-05">
</testcase>
<testcase assertions="3" classname="Optimiser" name="cse_pop" time="1.8e-05">
</testcase>
<testcase assertions="7" classname="Optimiser" name="cse_unneeded_items" time="4.7e-05">
</testcase>
<testcase assertions="3" classname="Optimiser" name="cse_constant_addition" time="3.4e-05">
</testcase>
<testcase assertions="3" classname="Optimiser" name="cse_invariants" time="3.1e-05">
</testcase>
<testcase assertions="4" classname="Optimiser" name="cse_subself" time="2.5e-05">
</testcase>
<testcase assertions="3" classname="Optimiser" name="cse_subother" time="3.1e-05">
</testcase>
<testcase assertions="3" classname="Optimiser" name="cse_double_negation" time="4.9e-05">
</testcase>
<testcase assertions="10" classname="Optimiser" name="cse_double_iszero" time="7.6e-05">
</testcase>
<testcase assertions="3" classname="Optimiser" name="cse_associativity" time="2.6e-05">
</testcase>
<testcase assertions="7" classname="Optimiser" name="cse_associativity2" time="7.7e-05">
</testcase>
<testcase assertions="3" classname="Optimiser" name="cse_double_shift_right_overflow" time="3e-05">
</testcase>
<testcase assertions="3" classname="Optimiser" name="cse_double_shift_left_overflow" time="2.6e-05">
</testcase>
<testcase assertions="5" classname="Optimiser" name="cse_byte_ordering_bug" time="2.8e-05">
</testcase>
<testcase assertions="5" classname="Optimiser" name="cse_byte_ordering_fix" time="3.2e-05">
</testcase>
<testcase assertions="9" classname="Optimiser" name="cse_storage" time="5.6e-05">
</testcase>
<testcase assertions="6" classname="Optimiser" name="cse_noninterleaved_storage" time="4.5e-05">
</testcase>
<testcase assertions="10" classname="Optimiser" name="cse_interleaved_storage" time="8.4e-05">
</testcase>
<testcase assertions="7" classname="Optimiser" name="cse_interleaved_storage_same_value" time="5.3e-05">
</testcase>
<testcase assertions="7" classname="Optimiser" name="cse_interleaved_storage_at_known_location" time="5.2e-05">
</testcase>
<testcase assertions="11" classname="Optimiser" name="cse_interleaved_storage_at_known_location_offset" time="0.000107">
</testcase>
<testcase assertions="19" classname="Optimiser" name="cse_deep_stack" time="0.000122">
</testcase>
<testcase assertions="4" classname="Optimiser" name="cse_jumpi_no_jump" time="2.9e-05">
</testcase>
<testcase assertions="6" classname="Optimiser" name="cse_jumpi_jump" time="4.5e-05">
</testcase>
<testcase assertions="3" classname="Optimiser" name="cse_empty_keccak256" time="2.7e-05">
</testcase>
<testcase assertions="6" classname="Optimiser" name="cse_partial_keccak256" time="4.5e-05">
</testcase>
<testcase assertions="9" classname="Optimiser" name="cse_keccak256_twice_same_location" time="7.5e-05">
</testcase>
<testcase assertions="14" classname="Optimiser" name="cse_keccak256_twice_same_content" time="8.7e-05">
</testcase>
<testcase assertions="21" classname="Optimiser" name="cse_keccak256_twice_same_content_dynamic_store_in_between" time="0.000179">
</testcase>
<testcase assertions="24" classname="Optimiser" name="cse_keccak256_twice_same_content_noninterfering_store_in_between" time="0.000187">
</testcase>
<testcase assertions="3" classname="Optimiser" name="cse_with_initially_known_stack" time="2.9e-05">
</testcase>
<testcase assertions="6" classname="Optimiser" name="cse_equality_on_initially_known_stack" time="2.9e-05">
</testcase>
<testcase assertions="2" classname="Optimiser" name="cse_access_previous_sequence" time="6.6e-05">
</testcase>
<testcase assertions="3" classname="Optimiser" name="cse_optimise_return" time="1.8e-05">
</testcase>
<testcase assertions="1" classname="Optimiser" name="control_flow_graph_remove_unused" time="3.1e-05">
</testcase>
<testcase assertions="1" classname="Optimiser" name="control_flow_graph_remove_unused_loop" time="3.4e-05">
</testcase>
<testcase assertions="1" classname="Optimiser" name="control_flow_graph_reconnect_single_jump_source" time="6.6e-05">
</testcase>
<testcase assertions="1" classname="Optimiser" name="control_flow_graph_do_not_remove_returned_to" time="4.7e-05">
</testcase>
<testcase assertions="1" classname="Optimiser" name="block_deduplicator" time="2.8e-05">
</testcase>
<testcase assertions="1" classname="Optimiser" name="block_deduplicator_assign_immutable_same" time="1.9e-05">
</testcase>
<testcase assertions="1" classname="Optimiser" name="block_deduplicator_assign_immutable_different_value" time="1.3e-05">
</testcase>
<testcase assertions="1" classname="Optimiser" name="block_deduplicator_assign_immutable_different_hash" time="1.1e-05">
</testcase>
<testcase assertions="1" classname="Optimiser" name="block_deduplicator_loops" time="1.8e-05">
</testcase>
<testcase assertions="2" classname="Optimiser" name="clear_unreachable_code" time="1.5e-05">
</testcase>
<testcase assertions="2" classname="Optimiser" name="peephole_double_push" time="1.8e-05">
</testcase>
<testcase assertions="4" classname="Optimiser" name="peephole_pop_calldatasize" time="1.8e-05">
</testcase>
<testcase assertions="12" classname="Optimiser" name="peephole_commutative_swap1" time="3.9e-05">
</testcase>
<testcase assertions="12" classname="Optimiser" name="peephole_noncommutative_swap1" time="4e-05">
</testcase>
<testcase assertions="8" classname="Optimiser" name="peephole_swap_comparison" time="2.9e-05">
</testcase>
<testcase assertions="2" classname="Optimiser" name="peephole_truthy_and" time="1.3e-05">
</testcase>
<testcase assertions="2" classname="Optimiser" name="peephole_iszero_iszero_jumpi" time="1.3e-05">
</testcase>
<testcase assertions="2" classname="Optimiser" name="jumpdest_removal" time="1.3e-05">
</testcase>
<testcase assertions="2" classname="Optimiser" name="jumpdest_removal_subassemblies" time="0.000105">
</testcase>
<testcase assertions="9" classname="Optimiser" name="cse_sub_zero" time="5e-05">
</testcase>
<testcase assertions="4" classname="Optimiser" name="cse_simple_verbatim" time="2.4e-05">
</testcase>
<testcase assertions="3" classname="Optimiser" name="cse_mload_pop" time="2.9e-05">
</testcase>
<testcase assertions="1" classname="Optimiser" name="cse_verbatim_mload" time="3.8e-05">
</testcase>
<testcase assertions="7" classname="Optimiser" name="cse_sload_verbatim_dup" time="4.3e-05">
</testcase>
<testcase assertions="1" classname="Optimiser" name="cse_verbatim_sload_sideeffect" time="2.4e-05">
</testcase>
<testcase assertions="1" classname="Optimiser" name="cse_verbatim_eq" time="2.8e-05">
</testcase>
<testcase assertions="26" classname="Optimiser" name="verbatim_knownstate" time="5.2e-05">
</testcase>
<testcase assertions="6111" classname="Optimiser" name="cse_remove_redundant_shift_masking" time="0.02794">
</testcase>
<testcase assertions="74" classname="Optimiser" name="cse_remove_unwanted_masking_of_address" time="0.000337">
</testcase>
<testcase assertions="16" classname="Optimiser" name="cse_replace_too_large_shift" time="7.4e-05">
</testcase>
<testcase assertions="1" classname="Optimiser" name="inliner" time="3.7e-05">
</testcase>
<testcase assertions="1" classname="Optimiser" name="inliner_no_inline_type" time="1.7e-05">
</testcase>
<testcase assertions="1" classname="Optimiser" name="inliner_no_inline" time="1.1e-05">
</testcase>
<testcase assertions="1" classname="Optimiser" name="inliner_single_jump" time="2.3e-05">
</testcase>
<testcase assertions="1" classname="Optimiser" name="inliner_end_of_bytecode" time="1e-05">
</testcase>
<testcase assertions="1" classname="Optimiser" name="inliner_cse_break" time="1.2e-05">
</testcase>
<testcase assertions="1" classname="Optimiser" name="inliner_stop" time="9e-06">
</testcase>
<testcase assertions="1" classname="Optimiser" name="inliner_stop_jumpi" time="1e-05">
</testcase>
<testcase assertions="1" classname="Optimiser" name="inliner_revert" time="1.2e-05">
</testcase>
<testcase assertions="1" classname="Optimiser" name="inliner_revert_increased_datagas" time="1e-05">
</testcase>
<testcase assertions="1" classname="Optimiser" name="inliner_invalid" time="9e-06">
</testcase>
<testcase assertions="2" classname="CompilabilityChecker" name="smoke_test" time="0.000459">
</testcase>
<testcase assertions="2" classname="CompilabilityChecker" name="simple_function" time="0.000229">
</testcase>
<testcase assertions="2" classname="CompilabilityChecker" name="many_variables_few_uses" time="0.00038">
</testcase>
<testcase assertions="2" classname="CompilabilityChecker" name="many_variables_many_uses" time="0.000373">
</testcase>
<testcase assertions="2" classname="CompilabilityChecker" name="many_return_variables_unused_arguments" time="0.00026">
</testcase>
<testcase assertions="2" classname="CompilabilityChecker" name="many_return_variables_used_arguments" time="0.000282">
</testcase>
<testcase assertions="2" classname="CompilabilityChecker" name="multiple_functions_used_arguments" time="0.000574">
</testcase>
<testcase assertions="2" classname="CompilabilityChecker" name="multiple_functions_unused_arguments" time="0.000538">
</testcase>
<testcase assertions="2" classname="CompilabilityChecker" name="nested_used_arguments" time="0.000596">
</testcase>
<testcase assertions="2" classname="CompilabilityChecker" name="nested_unused_arguments" time="0.000544">
</testcase>
<testcase assertions="2" classname="CompilabilityChecker" name="also_in_outer_block_used_arguments" time="0.000441">
</testcase>
<testcase assertions="2" classname="CompilabilityChecker" name="also_in_outer_block_unused_arguments" time="0.000425">
</testcase>
<testcase assertions="1" classname="YulInlinableFunctionFilter" name="smoke_test" time="0.000245">
</testcase>
<testcase assertions="2" classname="YulInlinableFunctionFilter" name="simple" time="9.4e-05">
</testcase>
<testcase assertions="2" classname="YulInlinableFunctionFilter" name="simple_inside_structures" time="0.000122">
</testcase>
<testcase assertions="7" classname="YulInlinableFunctionFilter" name="negative" time="0.00017">
</testcase>
<testcase assertions="0" classname="KnowledgeBase" name="basic" time="0.000162">
</testcase>
<testcase assertions="2" classname="KnowledgeBase" name="difference" time="0.00028">
</testcase>
<testcase assertions="2" classname="YulCodeSize" name="empty_code" time="2.2e-05">
</testcase>
<testcase assertions="2" classname="YulCodeSize" name="empty_code_custom_weights" time="1.5e-05">
</testcase>
<testcase assertions="2" classname="YulCodeSize" name="nested_blocks" time="2.2e-05">
</testcase>
<testcase assertions="2" classname="YulCodeSize" name="nested_blocks_custom_weights" time="2e-05">
</testcase>
<testcase assertions="2" classname="YulCodeSize" name="instruction" time="2.3e-05">
</testcase>
<testcase assertions="2" classname="YulCodeSize" name="instruction_custom_weights" time="1.9e-05">
</testcase>
<testcase assertions="2" classname="YulCodeSize" name="variables_are_free" time="2.8e-05">
</testcase>
<testcase assertions="2" classname="YulCodeSize" name="variables_custom_weights" time="2.4e-05">
</testcase>
<testcase assertions="2" classname="YulCodeSize" name="constants_cost_one" time="2e-05">
</testcase>
<testcase assertions="2" classname="YulCodeSize" name="constants_custom_weights" time="1.7e-05">
</testcase>
<testcase assertions="2" classname="YulCodeSize" name="functions_are_skipped" time="3.3e-05">
</testcase>
<testcase assertions="2" classname="YulCodeSize" name="functions_are_skipped_custom_weights" time="2.8e-05">
</testcase>
<testcase assertions="2" classname="YulCodeSize" name="function_with_arguments" time="3.6e-05">
</testcase>
<testcase assertions="2" classname="YulCodeSize" name="function_with_arguments_custom_weights" time="2.7e-05">
</testcase>
<testcase assertions="2" classname="YulCodeSize" name="function_with_variables_as_arguments" time="3e-05">
</testcase>
<testcase assertions="2" classname="YulCodeSize" name="function_with_variables_as_arguments_custom_weights" time="2.9e-05">
</testcase>
<testcase assertions="2" classname="YulCodeSize" name="function_with_variables_and_constants_as_arguments" time="4.2e-05">
</testcase>
<testcase assertions="2" classname="YulCodeSize" name="function_with_variables_and_constants_as_arguments_custom_weights" time="4e-05">
</testcase>
<testcase assertions="2" classname="YulCodeSize" name="assignment" time="2.5e-05">
</testcase>
<testcase assertions="2" classname="YulCodeSize" name="assignment_custom_weights" time="1.9e-05">
</testcase>
<testcase assertions="2" classname="YulCodeSize" name="assignments_between_vars_are_free" time="2.5e-05">
</testcase>
<testcase assertions="2" classname="YulCodeSize" name="assignments_between_vars_are_free_custom_weights" time="2.2e-05">
</testcase>
<testcase assertions="2" classname="YulCodeSize" name="assignment_complex" time="2.7e-05">
</testcase>
<testcase assertions="2" classname="YulCodeSize" name="assignment_complex_custom_weights" time="2.6e-05">
</testcase>
<testcase assertions="2" classname="YulCodeSize" name="empty_for_loop" time="2e-05">
</testcase>
<testcase assertions="2" classname="YulCodeSize" name="empty_for_loop_custom_weights" time="1.9e-05">
</testcase>
<testcase assertions="2" classname="YulCodeSize" name="break_statement" time="1.9e-05">
</testcase>
<testcase assertions="2" classname="YulCodeSize" name="break_statement_custom_weights" time="1.9e-05">
</testcase>
<testcase assertions="2" classname="YulCodeSize" name="continue_statement" time="1.8e-05">
</testcase>
<testcase assertions="2" classname="YulCodeSize" name="continue_statement_custom_weights" time="1.8e-05">
</testcase>
<testcase assertions="2" classname="YulCodeSize" name="regular_for_loop" time="4.2e-05">
</testcase>
<testcase assertions="2" classname="YulCodeSize" name="regular_for_loop_custom_weights" time="3.6e-05">
</testcase>
<testcase assertions="2" classname="YulCodeSize" name="if_statement" time="1.7e-05">
</testcase>
<testcase assertions="2" classname="YulCodeSize" name="if_statement_custom_weights" time="1.6e-05">
</testcase>
<testcase assertions="2" classname="YulCodeSize" name="switch_statement_tiny" time="2.2e-05">
</testcase>
<testcase assertions="2" classname="YulCodeSize" name="switch_statement_small" time="2.2e-05">
</testcase>
<testcase assertions="2" classname="YulCodeSize" name="switch_statement_small_custom_weights" time="2.4e-05">
</testcase>
<testcase assertions="2" classname="YulCodeSize" name="switch_statement_medium" time="2.5e-05">
</testcase>
<testcase assertions="2" classname="YulCodeSize" name="switch_statement_large" time="2.7e-05">
</testcase>
<testcase assertions="2" classname="YulCodeSize" name="switch_statement_large_custom_weights" time="2.5e-05">
</testcase>
<testcase assertions="1" classname="YulObjectParser" name="empty_code" time="1.6e-05">
</testcase>
<testcase assertions="4" classname="YulObjectParser" name="recursion_depth" time="0.008552">
</testcase>
<testcase assertions="2" classname="YulObjectParser" name="to_string" time="0.000129">
</testcase>
<testcase assertions="1" classname="YulObjectParser" name="use_src_empty" time="0.000176">
</testcase>
<testcase assertions="3" classname="YulObjectParser" name="use_src_simple" time="6.8e-05">
</testcase>
<testcase assertions="4" classname="YulObjectParser" name="use_src_multiple" time="5.9e-05">
</testcase>
<testcase assertions="4" classname="YulObjectParser" name="use_src_escaped_filenames" time="5.1e-05">
</testcase>
<testcase assertions="2" classname="YulObjectParser" name="use_src_invalid_syntax_malformed_param_1" time="1.9e-05">
</testcase>
<testcase assertions="2" classname="YulObjectParser" name="use_src_invalid_syntax_malformed_param_2" time="1.6e-05">
</testcase>
<testcase assertions="2" classname="YulObjectParser" name="use_src_error_unexpected_trailing_tokens" time="1.8e-05">
</testcase>
<testcase assertions="4" classname="YulObjectParser" name="use_src_multiline" time="6.3e-05">
</testcase>
<testcase assertions="2" classname="YulObjectParser" name="use_src_empty_body" time="2.3e-05">
</testcase>
<testcase assertions="5" classname="YulObjectParser" name="use_src_leading_text" time="7e-05">
</testcase>
<testcase assertions="11" classname="YulParser" name="builtins_analysis" time="7.6e-05">
</testcase>
<testcase assertions="3" classname="YulParser" name="default_types_set" time="6.5e-05">
</testcase>
<testcase assertions="4" classname="YulParser" name="customSourceLocations_empty_block" time="3e-05">
</testcase>
<testcase assertions="14" classname="YulParser" name="customSourceLocations_block_with_children" time="5.9e-05">
</testcase>
<testcase assertions="14" classname="YulParser" name="customSourceLocations_block_different_sources" time="5.8e-05">
</testcase>
<testcase assertions="8" classname="YulParser" name="customSourceLocations_block_nested" time="4.9e-05">
</testcase>
<testcase assertions="17" classname="YulParser" name="customSourceLocations_block_switch_case" time="7.6e-05">
</testcase>
<testcase assertions="19" classname="YulParser" name="customSourceLocations_inherit_into_outer_scope" time="6.4e-05">
</testcase>
<testcase assertions="8" classname="YulParser" name="customSourceLocations_assign_empty" time="4.2e-05">
</testcase>
<testcase assertions="1" classname="YulParser" name="customSourceLocations_invalid_source_index" time="5e-05">
</testcase>
<testcase assertions="9" classname="YulParser" name="customSourceLocations_mixed_locations_1" time="4.3e-05">
</testcase>
<testcase assertions="18" classname="YulParser" name="customSourceLocations_mixed_locations_2" time="5.7e-05">
</testcase>
<testcase assertions="20" classname="YulParser" name="customSourceLocations_mixed_locations_3" time="6.1e-05">
</testcase>
<testcase assertions="9" classname="YulParser" name="customSourceLocations_invalid_comments_after_valid" time="4.6e-05">
</testcase>
<testcase assertions="4" classname="YulParser" name="customSourceLocations_invalid_suffix" time="3.8e-05">
</testcase>
<testcase assertions="4" classname="YulParser" name="customSourceLocations_unspecified" time="2.1e-05">
</testcase>
<testcase assertions="5" classname="YulParser" name="customSourceLocations_ensure_last_match" time="4e-05">
</testcase>
<testcase assertions="5" classname="YulParser" name="customSourceLocations_reference_original_sloc" time="3.2e-05">
</testcase>
<testcase assertions="8" classname="ABIDecoderTest" name="value_types" time="0.053626">
</testcase>
<testcase assertions="16" classname="ABIDecoderTest" name="decode_from_memory_simple" time="0.070197">
</testcase>
<testcase assertions="10" classname="ABIDecoderTest" name="decode_function_type" time="0.089319">
</testcase>
<testcase assertions="14" classname="ABIDecoderTest" name="decode_function_type_array" time="0.411538">
</testcase>
<testcase assertions="11" classname="ABIDecoderTest" name="decode_from_memory_complex" time="0.166116">
</testcase>
<testcase assertions="12" classname="ABIDecoderTest" name="short_input_value_type" time="0.015229">
</testcase>
<testcase assertions="16" classname="ABIDecoderTest" name="short_input_array" time="0.059153">
</testcase>
<testcase assertions="4" classname="ABIDecoderTest" name="short_dynamic_input_array" time="0.077961">
</testcase>
<testcase assertions="11" classname="ABIDecoderTest" name="short_input_bytes" time="0.062226">
</testcase>
<testcase assertions="12" classname="ABIDecoderTest" name="validation_int_inside_arrays" time="0.103653">
</testcase>
<testcase assertions="22" classname="ABIDecoderTest" name="validation_function_type" time="0.082393">
</testcase>
<testcase assertions="6" classname="ABIDecoderTest" name="struct_short" time="0.042641">
</testcase>
<testcase assertions="5" classname="ABIDecoderTest" name="complex_struct" time="0.202264">
</testcase>
<testcase assertions="12" classname="ABIEncoderTest" name="value_types" time="0.036034">
</testcase>
<testcase assertions="12" classname="ABIEncoderTest" name="string_literal" time="0.024346">
</testcase>
<testcase assertions="12" classname="ABIEncoderTest" name="enum_type_cleanup" time="0.016839">
</testcase>
<testcase assertions="12" classname="ABIEncoderTest" name="conversion" time="0.024427">
</testcase>
<testcase assertions="6" classname="ABIEncoderTest" name="memory_array_one_dim" time="0.031697">
</testcase>
<testcase assertions="6" classname="ABIEncoderTest" name="memory_array_two_dim" time="0.068874">
</testcase>
<testcase assertions="6" classname="ABIEncoderTest" name="memory_byte_array" time="0.075415">
</testcase>
<testcase assertions="12" classname="ABIEncoderTest" name="storage_byte_array" time="0.051461">
</testcase>
<testcase assertions="12" classname="ABIEncoderTest" name="storage_array" time="0.033104">
</testcase>
<testcase assertions="12" classname="ABIEncoderTest" name="storage_array_dyn" time="0.031456">
</testcase>
<testcase assertions="12" classname="ABIEncoderTest" name="storage_array_compact" time="0.105805">
</testcase>
<testcase assertions="12" classname="ABIEncoderTest" name="external_function" time="0.024086">
</testcase>
<testcase assertions="12" classname="ABIEncoderTest" name="external_function_cleanup" time="0.028593">
</testcase>
<testcase assertions="18" classname="ABIEncoderTest" name="calldata" time="0.028413">
</testcase>
<testcase assertions="10" classname="ABIEncoderTest" name="function_name_collision" time="0.013585">
</testcase>
<testcase assertions="8" classname="ABIEncoderTest" name="structs" time="0.172657">
</testcase>
<testcase assertions="4" classname="ABIEncoderTest" name="structs2" time="0.219429">
</testcase>
<testcase assertions="14" classname="ABIEncoderTest" name="bool_arrays" time="0.588094">
</testcase>
<testcase assertions="16" classname="ABIEncoderTest" name="bool_arrays_split" time="0.612175">
</testcase>
<testcase assertions="2240" classname="ABIEncoderTest" name="bytesNN_arrays" time="29.7144">
</testcase>
<testcase assertions="2400" classname="ABIEncoderTest" name="bytesNN_arrays_dyn" time="42.5594">
</testcase>
<testcase assertions="8" classname="ABIEncoderTest" name="packed_structs" time="0.055164">
</testcase>
<testcase assertions="4" classname="ABIEncoderTest" name="struct_in_constructor" time="0.104443">
</testcase>
<testcase assertions="4" classname="ABIEncoderTest" name="struct_in_constructor_indirect" time="0.194904">
</testcase>
<testcase assertions="2" classname="ABIEncoderTest" name="struct_in_constructor_data_short" time="0.103837">
</testcase>
<testcase assertions="8" classname="Assembly" name="location_test" time="0.001874">
</testcase>
<testcase assertions="8" classname="Assembly" name="jump_type" time="0.001734">
</testcase>
<testcase assertions="6" classname="GasCostTests" name="string_storage" time="0.011875">
</testcase>
<testcase assertions="4" classname="GasCostTests" name="single_callvaluecheck" time="0.056029">
</testcase>
<testcase assertions="3" classname="GasMeterTests" name="simple_contract" time="0.01456">
</testcase>
<testcase assertions="3" classname="GasMeterTests" name="store_keccak256" time="0.014801">
</testcase>
<testcase assertions="3" classname="GasMeterTests" name="updating_store" time="0.001488">
</testcase>
<testcase assertions="5" classname="GasMeterTests" name="branches" time="0.007647">
</testcase>
<testcase assertions="5" classname="GasMeterTests" name="function_calls" time="0.008703">
</testcase>
<testcase assertions="6" classname="GasMeterTests" name="multiple_external_functions" time="0.011615">
</testcase>
<testcase assertions="6" classname="GasMeterTests" name="exponent_size" time="0.012033">
</testcase>
<testcase assertions="5" classname="GasMeterTests" name="balance_gas" time="0.01209">
</testcase>
<testcase assertions="4" classname="GasMeterTests" name="extcodesize_gas" time="0.005101">
</testcase>
<testcase assertions="4" classname="GasMeterTests" name="regular_functions_exclude_fallback" time="0.00519">
</testcase>
<testcase assertions="7" classname="GasMeterTests" name="complex_control_flow" time="0.03241">
</testcase>
<testcase assertions="1" classname="SolidityImports" name="remappings" time="0.001839">
</testcase>
<testcase assertions="1" classname="SolidityImports" name="context_dependent_remappings" time="0.001638">
</testcase>
<testcase assertions="1" classname="SolidityImports" name="context_dependent_remappings_ensure_default_and_module_preserved" time="0.001734">
</testcase>
<testcase assertions="1" classname="SolidityImports" name="context_dependent_remappings_order_independent_1" time="0.001672">
</testcase>
<testcase assertions="1" classname="SolidityImports" name="context_dependent_remappings_order_independent_2" time="0.001643">
</testcase>
<testcase assertions="3" classname="SolidityInlineAssembly.Printing" name="print_smoke" time="4.3e-05">
</testcase>
<testcase assertions="3" classname="SolidityInlineAssembly.Printing" name="print_instructions" time="3.3e-05">
</testcase>
<testcase assertions="3" classname="SolidityInlineAssembly.Printing" name="print_subblock" time="2.5e-05">
</testcase>
<testcase assertions="3" classname="SolidityInlineAssembly.Printing" name="print_functional" time="4.2e-05">
</testcase>
<testcase assertions="3" classname="SolidityInlineAssembly.Printing" name="print_assignments" time="4.6e-05">
</testcase>
<testcase assertions="3" classname="SolidityInlineAssembly.Printing" name="print_multi_assignments" time="4.2e-05">
</testcase>
<testcase assertions="3" classname="SolidityInlineAssembly.Printing" name="print_string_literals" time="3.4e-05">
</testcase>
<testcase assertions="6" classname="SolidityInlineAssembly.Printing" name="print_string_literal_unicode" time="4.9e-05">
</testcase>
<testcase assertions="3" classname="SolidityInlineAssembly.Printing" name="print_if" time="2.8e-05">
</testcase>
<testcase assertions="3" classname="SolidityInlineAssembly.Printing" name="print_switch" time="3.7e-05">
</testcase>
<testcase assertions="3" classname="SolidityInlineAssembly.Printing" name="print_for" time="6.3e-05">
</testcase>
<testcase assertions="3" classname="SolidityInlineAssembly.Printing" name="function_definitions_multiple_args" time="5.8e-05">
</testcase>
<testcase assertions="3" classname="SolidityInlineAssembly.Printing" name="function_calls" time="7.6e-05">
</testcase>
<testcase assertions="1" classname="SolidityInlineAssembly.Analysis" name="string_literals" time="6.1e-05">
</testcase>
<testcase assertions="4" classname="SolidityInlineAssembly.Analysis" name="oversize_string_literals" time="3.1e-05">
</testcase>
<testcase assertions="9" classname="SolidityInlineAssembly.Analysis" name="magic_variables" time="9.1e-05">
</testcase>
<testcase assertions="1" classname="SolidityInlineAssembly.Analysis" name="stack_variables" time="5.3e-05">
</testcase>
<testcase assertions="1" classname="SolidityInlineAssembly.Analysis" name="designated_invalid_instruction" time="2.7e-05">
</testcase>
<testcase assertions="4" classname="SolidityInlineAssembly.Analysis" name="inline_assembly_shadowed_instruction_declaration" time="7.1e-05">
</testcase>
<testcase assertions="1" classname="SolidityInlineAssembly.Analysis" name="revert" time="3.7e-05">
</testcase>
<testcase assertions="1" classname="SolidityInlineAssembly.Analysis" name="large_constant" time="6.3e-05">
</testcase>
<testcase assertions="1" classname="SolidityInlineAssembly.Analysis" name="keccak256" time="3.8e-05">
</testcase>
<testcase assertions="1" classname="SolidityInlineAssembly.Analysis" name="returndatasize" time="3.3e-05">
</testcase>
<testcase assertions="1" classname="SolidityInlineAssembly.Analysis" name="returndatacopy" time="3.7e-05">
</testcase>
<testcase assertions="1" classname="SolidityInlineAssembly.Analysis" name="staticcall" time="5.8e-05">
</testcase>
<testcase assertions="1" classname="SolidityInlineAssembly.Analysis" name="create2" time="4.5e-05">
</testcase>
<testcase assertions="3" classname="SolidityInlineAssembly.Analysis" name="shift" time="9.5e-05">
</testcase>
<testcase assertions="0" classname="SolidityInlineAssembly.Analysis" name="shift_constantinople_warning" time="6e-06">
</testcase>
<testcase assertions="1" classname="LibSolc" name="read_version" time="1.3e-05">
</testcase>
<testcase assertions="1" classname="LibSolc" name="read_license" time="8.7e-05">
</testcase>
<testcase assertions="4" classname="LibSolc" name="standard_compilation" time="0.042874">
</testcase>
<testcase assertions="9" classname="LibSolc" name="missing_callback" time="0.00017">
</testcase>
<testcase assertions="30" classname="LibSolc" name="with_callback" time="0.000263">
</testcase>
<testcase assertions="246" classname="SemVerMatcher" name="positive_range" time="0.00064">
</testcase>
<testcase assertions="174" classname="SemVerMatcher" name="negative_range" time="0.000455">
</testcase>
<testcase assertions="6" classname="SolidityCompiler" name="does_not_include_creation_time_only_internal_functions" time="0.001447">
</testcase>
<testcase assertions="19" classname="SolidityEndToEndTest" name="exp_operator" time="0.044789">
</testcase>
<testcase assertions="19" classname="SolidityEndToEndTest" name="exp_zero" time="0.045574">
</testcase>
<testcase assertions="16" classname="SolidityEndToEndTest" name="recursive_calls" time="0.080318">
</testcase>
<testcase assertions="16" classname="SolidityEndToEndTest" name="while_loop" time="0.085926">
</testcase>
<testcase assertions="16" classname="SolidityEndToEndTest" name="do_while_loop" time="0.090962">
</testcase>
<testcase assertions="30" classname="SolidityEndToEndTest" name="do_while_loop_multiple_local_vars" time="0.125352">
</testcase>
<testcase assertions="30" classname="SolidityEndToEndTest" name="nested_loops" time="0.108425">
</testcase>
<testcase assertions="30" classname="SolidityEndToEndTest" name="nested_loops_multiple_local_vars" time="0.122286">
</testcase>
<testcase assertions="30" classname="SolidityEndToEndTest" name="for_loop_multiple_local_vars" time="0.132668">
</testcase>
<testcase assertions="30" classname="SolidityEndToEndTest" name="nested_for_loop_multiple_local_vars" time="0.142762">
</testcase>
<testcase assertions="16" classname="SolidityEndToEndTest" name="for_loop" time="0.087222">
</testcase>
<testcase assertions="16" classname="SolidityEndToEndTest" name="for_loop_simple_init_expr" time="0.087382">
</testcase>
<testcase assertions="26" classname="SolidityEndToEndTest" name="for_loop_break_continue" time="0.154047">
</testcase>
<testcase assertions="10" classname="SolidityEndToEndTest" name="short_circuiting" time="0.047693">
</testcase>
<testcase assertions="4" classname="SolidityEndToEndTest" name="high_bits_cleaning" time="0.005728">
</testcase>
<testcase assertions="4" classname="SolidityEndToEndTest" name="sign_extension" time="0.005544">
</testcase>
<testcase assertions="4" classname="SolidityEndToEndTest" name="small_unsigned_types" time="0.006786">
</testcase>
<testcase assertions="16" classname="SolidityEndToEndTest" name="mapping_state_inc_dec" time="0.142381">
</testcase>
<testcase assertions="22" classname="SolidityEndToEndTest" name="multi_level_mapping" time="0.09299">
</testcase>
<testcase assertions="10" classname="SolidityEndToEndTest" name="constructor" time="0.069756">
</testcase>
<testcase assertions="10" classname="SolidityEndToEndTest" name="send_ether" time="0.080862">
</testcase>
<testcase assertions="28" classname="SolidityEndToEndTest" name="transfer_ether" time="0.325055">
</testcase>
<testcase assertions="12" classname="SolidityEndToEndTest" name="selfdestruct" time="0.045464">
</testcase>
<testcase assertions="12" classname="SolidityEndToEndTest" name="keccak256" time="0.064386">
</testcase>
<testcase assertions="12" classname="SolidityEndToEndTest" name="sha256" time="0.127026">
</testcase>
<testcase assertions="12" classname="SolidityEndToEndTest" name="ripemd" time="0.144286">
</testcase>
<testcase assertions="12" classname="SolidityEndToEndTest" name="packed_keccak256" time="0.109679">
</testcase>
<testcase assertions="8" classname="SolidityEndToEndTest" name="packed_keccak256_complex_types" time="0.408242">
</testcase>
<testcase assertions="12" classname="SolidityEndToEndTest" name="packed_sha256" time="0.181305">
</testcase>
<testcase assertions="12" classname="SolidityEndToEndTest" name="packed_ripemd160" time="0.177834">
</testcase>
<testcase assertions="9" classname="SolidityEndToEndTest" name="inter_contract_calls" time="0.105208">
</testcase>
<testcase assertions="10" classname="SolidityEndToEndTest" name="inter_contract_calls_with_complex_parameters" time="0.130678">
</testcase>
<testcase assertions="9" classname="SolidityEndToEndTest" name="inter_contract_calls_accessing_this" time="0.051107">
</testcase>
<testcase assertions="9" classname="SolidityEndToEndTest" name="calls_to_this" time="0.161641">
</testcase>
<testcase assertions="9" classname="SolidityEndToEndTest" name="inter_contract_calls_with_local_vars" time="0.114908">
</testcase>
<testcase assertions="9" classname="SolidityEndToEndTest" name="fixed_bytes_in_calls" time="0.109844">
</testcase>
<testcase assertions="5" classname="SolidityEndToEndTest" name="constructor_with_long_arguments" time="0.072745">
</testcase>
<testcase assertions="5" classname="SolidityEndToEndTest" name="contracts_as_addresses" time="0.008941">
</testcase>
<testcase assertions="258" classname="SolidityEndToEndTest" name="blockhash" time="0.042912">
</testcase>
<testcase assertions="2" classname="SolidityEndToEndTest" name="internal_constructor" time="0.000467">
</testcase>
<testcase assertions="8" classname="SolidityEndToEndTest" name="default_fallback_throws" time="0.021165">
</testcase>
<testcase assertions="10" classname="SolidityEndToEndTest" name="empty_name_input_parameter_with_named_one" time="0.057083">
</testcase>
<testcase assertions="8" classname="SolidityEndToEndTest" name="generic_call" time="0.114591">
</testcase>
<testcase assertions="36" classname="SolidityEndToEndTest" name="generic_delegatecall" time="0.141353">
</testcase>
<testcase assertions="11" classname="SolidityEndToEndTest" name="generic_staticcall" time="0.168296">
</testcase>
<testcase assertions="16" classname="SolidityEndToEndTest" name="library_call_in_homestead" time="0.292394">
</testcase>
<testcase assertions="28" classname="SolidityEndToEndTest" name="library_call_protection" time="0.498598">
</testcase>
<testcase assertions="7" classname="SolidityEndToEndTest" name="library_staticcall_delegatecall" time="0.037545">
</testcase>
<testcase assertions="10" classname="SolidityEndToEndTest" name="bytes_from_calldata_to_memory" time="0.084432">
</testcase>
<testcase assertions="22" classname="SolidityEndToEndTest" name="call_forward_bytes" time="0.639113">
</testcase>
<testcase assertions="18" classname="SolidityEndToEndTest" name="call_forward_bytes_length" time="0.595884">
</testcase>
<testcase assertions="22" classname="SolidityEndToEndTest" name="copying_bytes_multiassign" time="0.843444">
</testcase>
<testcase assertions="16" classname="SolidityEndToEndTest" name="copy_from_calldata_removes_bytes_data" time="0.271502">
</testcase>
<testcase assertions="12" classname="SolidityEndToEndTest" name="storing_invalid_boolean" time="0.011125">
</testcase>
<testcase assertions="30" classname="SolidityEndToEndTest" name="struct_referencing" time="1.12108">
</testcase>
<testcase assertions="26" classname="SolidityEndToEndTest" name="enum_referencing" time="0.439768">
</testcase>
<testcase assertions="8" classname="SolidityEndToEndTest" name="bytes_in_arguments" time="0.301493">
</testcase>
<testcase assertions="14" classname="SolidityEndToEndTest" name="array_copy_storage_abi" time="2.95477">
</testcase>
<testcase assertions="5" classname="SolidityEndToEndTest" name="packed_storage_structs_delete" time="0.011579">
</testcase>
<testcase assertions="10" classname="SolidityEndToEndTest" name="invalid_enum_logged" time="0.013007">
</testcase>
<testcase assertions="3" classname="SolidityEndToEndTest" name="evm_exceptions_in_constructor_out_of_baund" time="0.01068">
</testcase>
<testcase assertions="7" classname="SolidityEndToEndTest" name="failing_send" time="0.034995">
</testcase>
<testcase assertions="7" classname="SolidityEndToEndTest" name="return_string" time="0.043316">
</testcase>
<testcase assertions="259" classname="SolidityEndToEndTest" name="return_multiple_strings_of_various_sizes" time="0.078021">
</testcase>
<testcase assertions="5" classname="SolidityEndToEndTest" name="accessor_involving_strings" time="0.090428">
</testcase>
<testcase assertions="99" classname="SolidityEndToEndTest" name="bytes_in_function_calls" time="0.135528">
</testcase>
<testcase assertions="7" classname="SolidityEndToEndTest" name="return_bytes_internal" time="0.079941">
</testcase>
<testcase assertions="7" classname="SolidityEndToEndTest" name="memory_types_initialisation" time="0.074032">
</testcase>
<testcase assertions="9" classname="SolidityEndToEndTest" name="calldata_struct_short" time="0.010701">
</testcase>
<testcase assertions="5" classname="SolidityEndToEndTest" name="calldata_struct_function_type" time="0.04645">
</testcase>
<testcase assertions="287" classname="SolidityEndToEndTest" name="calldata_array_dynamic_three_dimensional" time="1.18777">
</testcase>
<testcase assertions="8" classname="SolidityEndToEndTest" name="literal_strings" time="0.036503">
</testcase>
<testcase assertions="5" classname="SolidityEndToEndTest" name="initialise_string_constant" time="0.037129">
</testcase>
<testcase assertions="22" classname="SolidityEndToEndTest" name="string_as_mapping_key" time="0.248661">
</testcase>
<testcase assertions="11" classname="SolidityEndToEndTest" name="string_as_public_mapping_key" time="0.061977">
</testcase>
<testcase assertions="11" classname="SolidityEndToEndTest" name="nested_string_as_public_mapping_key" time="0.072304">
</testcase>
<testcase assertions="11" classname="SolidityEndToEndTest" name="nested_mixed_string_as_public_mapping_key" time="0.109357">
</testcase>
<testcase assertions="9" classname="SolidityEndToEndTest" name="constant_string_literal" time="0.026402">
</testcase>
<testcase assertions="14" classname="SolidityEndToEndTest" name="library_call" time="0.341914">
</testcase>
<testcase assertions="14" classname="SolidityEndToEndTest" name="library_function_external" time="0.562768">
</testcase>
<testcase assertions="14" classname="SolidityEndToEndTest" name="library_stray_values" time="0.242678">
</testcase>
<testcase assertions="14" classname="SolidityEndToEndTest" name="internal_types_in_library" time="0.734271">
</testcase>
<testcase assertions="40" classname="SolidityEndToEndTest" name="mapping_arguments_in_library" time="0.20085">
</testcase>
<testcase assertions="100" classname="SolidityEndToEndTest" name="mapping_returns_in_library" time="0.327529">
</testcase>
<testcase assertions="16" classname="SolidityEndToEndTest" name="mapping_returns_in_library_named" time="0.358916">
</testcase>
<testcase assertions="14" classname="SolidityEndToEndTest" name="using_library_mappings_public" time="0.699013">
</testcase>
<testcase assertions="14" classname="SolidityEndToEndTest" name="using_library_mappings_external" time="0.094602">
</testcase>
<testcase assertions="14" classname="SolidityEndToEndTest" name="using_library_mappings_return" time="0.770935">
</testcase>
<testcase assertions="14" classname="SolidityEndToEndTest" name="using_library_structs" time="0.518268">
</testcase>
<testcase assertions="20" classname="SolidityEndToEndTest" name="short_strings" time="2.75783">
</testcase>
<testcase assertions="4" classname="SolidityEndToEndTest" name="calldata_offset" time="0.074964">
</testcase>
<testcase assertions="28" classname="SolidityEndToEndTest" name="reject_ether_sent_to_library" time="0.135893">
</testcase>
<testcase assertions="0" classname="SolidityEndToEndTest" name="create_memory_array_allocation_size" time="5.9e-05">
</testcase>
<testcase assertions="16" classname="SolidityEndToEndTest" name="using_for_function_on_struct" time="0.409251">
</testcase>
<testcase assertions="16" classname="SolidityEndToEndTest" name="using_for_overload" time="0.490145">
</testcase>
<testcase assertions="16" classname="SolidityEndToEndTest" name="using_for_by_name" time="0.415692">
</testcase>
<testcase assertions="14" classname="SolidityEndToEndTest" name="bound_function_in_function" time="0.120273">
</testcase>
<testcase assertions="16" classname="SolidityEndToEndTest" name="bound_function_in_var" time="0.414067">
</testcase>
<testcase assertions="16" classname="SolidityEndToEndTest" name="bound_function_to_string" time="0.813111">
</testcase>
<testcase assertions="4" classname="SolidityEndToEndTest" name="inline_long_string_return" time="0.021771">
</testcase>
<testcase assertions="5" classname="SolidityEndToEndTest" name="index_access_with_type_conversion" time="0.024064">
</testcase>
<testcase assertions="0" classname="SolidityEndToEndTest" name="correctly_initialize_memory_array_in_constructor" time="7.7e-05">
</testcase>
<testcase assertions="13" classname="SolidityEndToEndTest" name="mutex" time="0.130012">
</testcase>
<testcase assertions="9" classname="SolidityEndToEndTest" name="payable_function" time="0.010115">
</testcase>
<testcase assertions="14" classname="SolidityEndToEndTest" name="payable_function_calls_library" time="0.220064">
</testcase>
<testcase assertions="24" classname="SolidityEndToEndTest" name="non_payable_throw" time="0.078926">
</testcase>
<testcase assertions="7" classname="SolidityEndToEndTest" name="mem_resize_is_not_paid_at_call" time="0.145438">
</testcase>
<testcase assertions="8" classname="SolidityEndToEndTest" name="receive_external_function_type" time="0.142923">
</testcase>
<testcase assertions="4" classname="SolidityEndToEndTest" name="return_external_function_type" time="0.010263">
</testcase>
<testcase assertions="5" classname="SolidityEndToEndTest" name="shift_bytes" time="0.017427">
</testcase>
<testcase assertions="12" classname="SolidityEndToEndTest" name="contracts_separated_with_comment" time="0.041203">
</testcase>
<testcase assertions="4" classname="SolidityEndToEndTest" name="include_creation_bytecode_only_once" time="0.034964">
</testcase>
<testcase assertions="8" classname="SolidityEndToEndTest" name="revert_with_cause" time="0.104699">
</testcase>
<testcase assertions="10" classname="SolidityEndToEndTest" name="require_with_message" time="0.1247">
</testcase>
<testcase assertions="5" classname="SolidityEndToEndTest" name="bubble_up_error_messages" time="0.039254">
</testcase>
<testcase assertions="4" classname="SolidityEndToEndTest" name="bubble_up_error_messages_through_transfer" time="0.037337">
</testcase>
<testcase assertions="4" classname="SolidityEndToEndTest" name="bubble_up_error_messages_through_create" time="0.038109">
</testcase>
<testcase assertions="7" classname="SolidityEndToEndTest" name="interface_contract" time="0.051425">
</testcase>
<testcase assertions="9" classname="SolidityEndToEndTest" name="bare_call_invalid_address" time="0.036043">
</testcase>
<testcase assertions="114" classname="SolidityEndToEndTest" name="bare_call_return_data" time="4.0183">
</testcase>
<testcase assertions="40" classname="SolidityEndToEndTest" name="abi_encodePacked" time="0.893701">
</testcase>
<testcase assertions="40" classname="SolidityEndToEndTest" name="abi_encodePacked_from_storage" time="4.47868">
</testcase>
<testcase assertions="32" classname="SolidityEndToEndTest" name="abi_encodePacked_from_memory" time="1.68621">
</testcase>
<testcase assertions="24" classname="SolidityEndToEndTest" name="abi_encodePacked_functionPtr" time="1.09705">
</testcase>
<testcase assertions="22" classname="SolidityEndToEndTest" name="abi_encodePackedV2_structs" time="1.77438">
</testcase>
<testcase assertions="14" classname="SolidityEndToEndTest" name="abi_encodePackedV2_nestedArray" time="0.557945">
</testcase>
<testcase assertions="22" classname="SolidityEndToEndTest" name="abi_encodePackedV2_arrayOfStrings" time="0.6303">
</testcase>
<testcase assertions="5" classname="SolidityEndToEndTest" name="code_access" time="0.04366">
</testcase>
<testcase assertions="17" classname="SolidityEndToEndTest" name="contract_name" time="0.325175">
</testcase>
<testcase assertions="20" classname="SolidityEndToEndTest" name="event_wrong_abi_name" time="0.217744">
</testcase>
<testcase assertions="6" classname="SolidityEndToEndTest" name="dirty_scratch_space_prior_to_constant_optimiser" time="0.009659">
</testcase>
<testcase assertions="30" classname="SolidityEndToEndTest" name="strip_reason_strings" time="0.399196">
</testcase>
<testcase assertions="10" classname="SolidityExpressionCompiler" name="literal_true" time="0.000293">
</testcase>
<testcase assertions="10" classname="SolidityExpressionCompiler" name="literal_false" time="0.000157">
</testcase>
<testcase assertions="10" classname="SolidityExpressionCompiler" name="int_literal" time="0.000161">
</testcase>
<testcase assertions="10" classname="SolidityExpressionCompiler" name="int_with_wei_ether_subdenomination" time="0.000166">
</testcase>
<testcase assertions="10" classname="SolidityExpressionCompiler" name="int_with_gwei_ether_subdenomination" time="0.000152">
</testcase>
<testcase assertions="10" classname="SolidityExpressionCompiler" name="int_with_ether_ether_subdenomination" time="0.000142">
</testcase>
<testcase assertions="10" classname="SolidityExpressionCompiler" name="comparison" time="0.000205">
</testcase>
<testcase assertions="10" classname="SolidityExpressionCompiler" name="short_circuiting" time="0.000202">
</testcase>
<testcase assertions="17" classname="SolidityExpressionCompiler" name="arithmetic" time="0.00049">
</testcase>
<testcase assertions="17" classname="SolidityExpressionCompiler" name="unary_operators" time="0.000256">
</testcase>
<testcase assertions="24" classname="SolidityExpressionCompiler" name="unary_inc_dec" time="0.000241">
</testcase>
<testcase assertions="24" classname="SolidityExpressionCompiler" name="assignment" time="0.000235">
</testcase>
<testcase assertions="10" classname="SolidityExpressionCompiler" name="negative_literals_8bits" time="0.000163">
</testcase>
<testcase assertions="10" classname="SolidityExpressionCompiler" name="negative_literals_16bits" time="0.000154">
</testcase>
<testcase assertions="10" classname="SolidityExpressionCompiler" name="intermediately_overflowing_literals" time="0.000207">
</testcase>
<testcase assertions="10" classname="SolidityExpressionCompiler" name="blockhash" time="0.000153">
</testcase>
<testcase assertions="10" classname="SolidityExpressionCompiler" name="gas_left" time="0.000153">
</testcase>
<testcase assertions="10" classname="SolidityExpressionCompiler" name="selfbalance" time="0.000206">
</testcase>
<testcase assertions="5" classname="SolidityNameAndTypeResolution" name="function_no_implementation" time="0.000479">
</testcase>
<testcase assertions="8" classname="SolidityNameAndTypeResolution" name="abstract_contract" time="0.000351">
</testcase>
<testcase assertions="6" classname="SolidityNameAndTypeResolution" name="abstract_contract_with_overload" time="0.00035">
</testcase>
<testcase assertions="5" classname="SolidityNameAndTypeResolution" name="implement_abstract_via_constructor" time="0.000326">
</testcase>
<testcase assertions="3" classname="SolidityNameAndTypeResolution" name="function_canonical_signature" time="0.000375">
</testcase>
<testcase assertions="3" classname="SolidityNameAndTypeResolution" name="function_canonical_signature_type_aliases" time="0.000319">
</testcase>
<testcase assertions="3" classname="SolidityNameAndTypeResolution" name="function_external_types" time="0.000487">
</testcase>
<testcase assertions="3" classname="SolidityNameAndTypeResolution" name="enum_external_type" time="0.00037">
</testcase>
<testcase assertions="5" classname="SolidityNameAndTypeResolution" name="external_struct_signatures" time="0.000852">
</testcase>
<testcase assertions="5" classname="SolidityNameAndTypeResolution" name="external_struct_signatures_in_libraries" time="0.000459">
</testcase>
<testcase assertions="4" classname="SolidityNameAndTypeResolution" name="struct_with_mapping_in_library" time="0.000391">
</testcase>
<testcase assertions="15" classname="SolidityNameAndTypeResolution" name="state_variable_accessors" time="0.000408">
</testcase>
<testcase assertions="5" classname="SolidityNameAndTypeResolution" name="private_state_variable" time="0.000294">
</testcase>
<testcase assertions="3" classname="SolidityNameAndTypeResolution" name="string" time="0.000299">
</testcase>
<testcase assertions="1" classname="SolidityNameAndTypeResolution" name="dynamic_return_types_not_possible" time="0.000361">
</testcase>
<testcase assertions="3" classname="SolidityNameAndTypeResolution" name="warn_nonpresent_pragma" time="0.000199">
</testcase>
<testcase assertions="4" classname="SolidityNameAndTypeResolution" name="getter_is_memory_type" time="0.000378">
</testcase>
<testcase assertions="1" classname="SolidityNameAndTypeResolution" name="address_staticcall" time="0.000347">
</testcase>
<testcase assertions="3" classname="SolidityNameAndTypeResolution" name="address_staticcall_value" time="0.00036">
</testcase>
<testcase assertions="1" classname="SolidityNameAndTypeResolution" name="address_call_full_return_type" time="0.000344">
</testcase>
<testcase assertions="1" classname="SolidityNameAndTypeResolution" name="address_delegatecall_full_return_type" time="0.000332">
</testcase>
<testcase assertions="1" classname="SolidityNameAndTypeResolution" name="address_staticcall_full_return_type" time="0.000371">
</testcase>
<testcase assertions="2" classname="SolidityNatspecJSON" name="user_empty_natspec_test" time="0.000291">
</testcase>
<testcase assertions="2" classname="SolidityNatspecJSON" name="user_newline_break" time="0.000284">
</testcase>
<testcase assertions="2" classname="SolidityNatspecJSON" name="user_multiline_empty_lines" time="0.000305">
</testcase>
<testcase assertions="2" classname="SolidityNatspecJSON" name="user_basic_test" time="0.000359">
</testcase>
<testcase assertions="4" classname="SolidityNatspecJSON" name="dev_and_user_basic_test" time="0.000678">
</testcase>
<testcase assertions="2" classname="SolidityNatspecJSON" name="user_multiline_comment" time="0.000372">
</testcase>
<testcase assertions="2" classname="SolidityNatspecJSON" name="user_multiple_functions" time="0.000581">
</testcase>
<testcase assertions="2" classname="SolidityNatspecJSON" name="user_empty_contract" time="0.000231">
</testcase>
<testcase assertions="4" classname="SolidityNatspecJSON" name="dev_and_user_no_doc" time="0.000814">
</testcase>
<testcase assertions="4" classname="SolidityNatspecJSON" name="public_state_variable" time="0.000545">
</testcase>
<testcase assertions="4" classname="SolidityNatspecJSON" name="public_state_variable_struct" time="0.000675">
</testcase>
<testcase assertions="2" classname="SolidityNatspecJSON" name="public_state_variable_struct_repeated" time="0.00024">
</testcase>
<testcase assertions="4" classname="SolidityNatspecJSON" name="private_state_variable" time="0.000482">
</testcase>
<testcase assertions="4" classname="SolidityNatspecJSON" name="event" time="0.000581">
</testcase>
<testcase assertions="2" classname="SolidityNatspecJSON" name="dev_desc_after_nl" time="0.000421">
</testcase>
<testcase assertions="2" classname="SolidityNatspecJSON" name="dev_multiple_params" time="0.000376">
</testcase>
<testcase assertions="2" classname="SolidityNatspecJSON" name="dev_multiple_params_mixed_whitespace" time="0.00038">
</testcase>
<testcase assertions="2" classname="SolidityNatspecJSON" name="dev_mutiline_param_description" time="0.000397">
</testcase>
<testcase assertions="2" classname="SolidityNatspecJSON" name="dev_multiple_functions" time="0.000636">
</testcase>
<testcase assertions="2" classname="SolidityNatspecJSON" name="dev_return_no_params" time="0.00039">
</testcase>
<testcase assertions="2" classname="SolidityNatspecJSON" name="dev_return" time="0.000407">
</testcase>
<testcase assertions="2" classname="SolidityNatspecJSON" name="dev_return_desc_after_nl" time="0.000409">
</testcase>
<testcase assertions="2" classname="SolidityNatspecJSON" name="dev_return_desc_multiple_unamed_mixed" time="0.000456">
</testcase>
<testcase assertions="2" classname="SolidityNatspecJSON" name="dev_return_desc_multiple_unamed_mixed_2" time="0.0005">
</testcase>
<testcase assertions="2" classname="SolidityNatspecJSON" name="dev_return_desc_multiple_unamed" time="0.000448">
</testcase>
<testcase assertions="2" classname="SolidityNatspecJSON" name="dev_return_desc_multiple" time="0.000447">
</testcase>
<testcase assertions="2" classname="SolidityNatspecJSON" name="dev_multiline_return" time="0.000401">
</testcase>
<testcase assertions="2" classname="SolidityNatspecJSON" name="dev_multiline_comment" time="0.000392">
</testcase>
<testcase assertions="2" classname="SolidityNatspecJSON" name="dev_documenting_no_return_paramname" time="0.000261">
</testcase>
<testcase assertions="2" classname="SolidityNatspecJSON" name="dev_contract_no_doc" time="0.000359">
</testcase>
<testcase assertions="2" classname="SolidityNatspecJSON" name="dev_contract_doc" time="0.000353">
</testcase>
<testcase assertions="2" classname="SolidityNatspecJSON" name="dev_author_at_function" time="0.00025">
</testcase>
<testcase assertions="2" classname="SolidityNatspecJSON" name="natspec_notice_without_tag" time="0.000319">
</testcase>
<testcase assertions="2" classname="SolidityNatspecJSON" name="natspec_multiline_notice_without_tag" time="0.00032">
</testcase>
<testcase assertions="2" classname="SolidityNatspecJSON" name="empty_comment" time="0.000225">
</testcase>
<testcase assertions="2" classname="SolidityNatspecJSON" name="dev_title_at_function_error" time="0.000224">
</testcase>
<testcase assertions="2" classname="SolidityNatspecJSON" name="dev_documenting_nonexistent_param" time="0.000227">
</testcase>
<testcase assertions="2" classname="SolidityNatspecJSON" name="dev_documenting_no_paramname" time="0.000214">
</testcase>
<testcase assertions="2" classname="SolidityNatspecJSON" name="dev_documenting_no_paramname_end" time="0.000197">
</testcase>
<testcase assertions="2" classname="SolidityNatspecJSON" name="dev_documenting_no_param_description" time="0.000232">
</testcase>
<testcase assertions="2" classname="SolidityNatspecJSON" name="user_constructor" time="0.000274">
</testcase>
<testcase assertions="2" classname="SolidityNatspecJSON" name="user_constructor_and_function" time="0.000632">
</testcase>
<testcase assertions="2" classname="SolidityNatspecJSON" name="dev_constructor" time="0.000353">
</testcase>
<testcase assertions="2" classname="SolidityNatspecJSON" name="dev_constructor_return" time="0.000183">
</testcase>
<testcase assertions="2" classname="SolidityNatspecJSON" name="dev_constructor_and_function" time="0.000485">
</testcase>
<testcase assertions="2" classname="SolidityNatspecJSON" name="slash4" time="0.000248">
</testcase>
<testcase assertions="2" classname="SolidityNatspecJSON" name="star3" time="0.000235">
</testcase>
<testcase assertions="2" classname="SolidityNatspecJSON" name="slash3_slash3" time="0.00024">
</testcase>
<testcase assertions="2" classname="SolidityNatspecJSON" name="slash3_slash4" time="0.000247">
</testcase>
<testcase assertions="4" classname="SolidityNatspecJSON" name="dev_default_inherit_variable" time="0.000775">
</testcase>
<testcase assertions="4" classname="SolidityNatspecJSON" name="user_default_inherit_variable" time="0.000747">
</testcase>
<testcase assertions="4" classname="SolidityNatspecJSON" name="dev_explicit_inherit_variable" time="0.001007">
</testcase>
<testcase assertions="4" classname="SolidityNatspecJSON" name="user_explicit_inherit_variable" time="0.000983">
</testcase>
<testcase assertions="6" classname="SolidityNatspecJSON" name="dev_default_inherit" time="0.001958">
</testcase>
<testcase assertions="6" classname="SolidityNatspecJSON" name="user_default_inherit" time="0.001912">
</testcase>
<testcase assertions="4" classname="SolidityNatspecJSON" name="dev_explicit_inherit" time="0.001306">
</testcase>
<testcase assertions="4" classname="SolidityNatspecJSON" name="user_explicit_inherit" time="0.001241">
</testcase>
<testcase assertions="6" classname="SolidityNatspecJSON" name="dev_explicit_inherit2" time="0.001857">
</testcase>
<testcase assertions="6" classname="SolidityNatspecJSON" name="user_explicit_inherit2" time="0.001882">
</testcase>
<testcase assertions="4" classname="SolidityNatspecJSON" name="dev_explicit_inherit_partial2" time="0.001329">
</testcase>
<testcase assertions="4" classname="SolidityNatspecJSON" name="user_explicit_inherit_partial2" time="0.001273">
</testcase>
<testcase assertions="4" classname="SolidityNatspecJSON" name="dev_explicit_inherit_partial" time="0.001256">
</testcase>
<testcase assertions="4" classname="SolidityNatspecJSON" name="user_explicit_inherit_partial" time="0.001227">
</testcase>
<testcase assertions="6" classname="SolidityNatspecJSON" name="dev_inherit_parameter_mismatch" time="0.001899">
</testcase>
<testcase assertions="6" classname="SolidityNatspecJSON" name="user_inherit_parameter_mismatch" time="0.001855">
</testcase>
<testcase assertions="2" classname="SolidityNatspecJSON" name="dev_explicit_inehrit_complex" time="0.000687">
</testcase>
<testcase assertions="4" classname="SolidityNatspecJSON" name="dev_different_return_name" time="0.000929">
</testcase>
<testcase assertions="4" classname="SolidityNatspecJSON" name="dev_different_return_name_multiple" time="0.001018">
</testcase>
[...]
</testcase>
<testcase assertions="3" classname="semanticTests.viaYul.conditional" name="conditional_true_false_literal" time="0.048389">
</testcase>
<testcase assertions="3" classname="semanticTests.viaYul.conditional" name="conditional_tuple" time="0.081206">
</testcase>
<testcase assertions="3" classname="semanticTests.viaYul.conditional" name="conditional_with_assignment" time="0.061721">
</testcase>
<testcase assertions="3" classname="semanticTests.viaYul.conditional" name="conditional_with_variables" time="0.058376">
</testcase>
<testcase assertions="3" classname="semanticTests.viaYul.conversion" name="explicit_cast_assignment" time="0.037042">
</testcase>
<testcase assertions="3" classname="semanticTests.viaYul.conversion" name="explicit_cast_function_call" time="0.075876">
</testcase>
<testcase assertions="3" classname="semanticTests.viaYul.conversion" name="explicit_cast_local_assignment" time="0.044783">
</testcase>
<testcase assertions="3" classname="semanticTests.viaYul.conversion" name="function_cast" time="0.31556">
</testcase>
<testcase assertions="3" classname="semanticTests.viaYul.conversion" name="implicit_cast_assignment" time="0.035962">
</testcase>
<testcase assertions="3" classname="semanticTests.viaYul.conversion" name="implicit_cast_function_call" time="0.066647">
</testcase>
<testcase assertions="3" classname="semanticTests.viaYul.conversion" name="implicit_cast_local_assignment" time="0.034963">
</testcase>
<testcase assertions="3" classname="semanticTests.viaYul" name="define_tuple_from_function_call" time="0.095094">
</testcase>
<testcase assertions="3" classname="semanticTests.viaYul" name="delete" time="0.077322">
</testcase>
<testcase assertions="3" classname="semanticTests.viaYul" name="detect_add_overflow" time="0.128066">
</testcase>
<testcase assertions="3" classname="semanticTests.viaYul" name="detect_add_overflow_signed" time="0.148644">
</testcase>
<testcase assertions="3" classname="semanticTests.viaYul" name="detect_div_overflow" time="0.146803">
</testcase>
<testcase assertions="3" classname="semanticTests.viaYul" name="detect_mod_zero" time="0.127054">
</testcase>
<testcase assertions="3" classname="semanticTests.viaYul" name="detect_mod_zero_signed" time="0.122503">
</testcase>
<testcase assertions="3" classname="semanticTests.viaYul" name="detect_mul_overflow" time="0.147299">
</testcase>
<testcase assertions="3" classname="semanticTests.viaYul" name="detect_mul_overflow_signed" time="0.200389">
</testcase>
<testcase assertions="3" classname="semanticTests.viaYul" name="detect_sub_overflow" time="0.124842">
</testcase>
<testcase assertions="3" classname="semanticTests.viaYul" name="detect_sub_overflow_signed" time="0.149361">
</testcase>
<testcase assertions="2" classname="semanticTests.viaYul" name="dirty_calldata_struct" time="0.105587">
</testcase>
<testcase assertions="2" classname="semanticTests.viaYul" name="dirty_memory_dynamic_array" time="0.102652">
</testcase>
<testcase assertions="2" classname="semanticTests.viaYul" name="dirty_memory_int32" time="0.076773">
</testcase>
<testcase assertions="2" classname="semanticTests.viaYul" name="dirty_memory_static_array" time="0.07677">
</testcase>
<testcase assertions="2" classname="semanticTests.viaYul" name="dirty_memory_struct" time="0.114396">
</testcase>
<testcase assertions="2" classname="semanticTests.viaYul" name="dirty_memory_uint32" time="0.075017">
</testcase>
<testcase assertions="3" classname="semanticTests.viaYul" name="empty_return_corrupted_free_memory_pointer" time="0.028863">
</testcase>
<testcase assertions="3" classname="semanticTests.viaYul" name="exp" time="0.145663">
</testcase>
<testcase assertions="2" classname="semanticTests.viaYul" name="exp_literals" time="0.163531">
</testcase>
<testcase assertions="3" classname="semanticTests.viaYul" name="exp_literals_success" time="0.245683">
</testcase>
<testcase assertions="3" classname="semanticTests.viaYul" name="exp_neg" time="0.171005">
</testcase>
<testcase assertions="3" classname="semanticTests.viaYul" name="exp_neg_overflow" time="0.267863">
</testcase>
<testcase assertions="3" classname="semanticTests.viaYul" name="exp_overflow" time="0.263732">
</testcase>
<testcase assertions="3" classname="semanticTests.viaYul" name="exp_various" time="0.263546">
</testcase>
<testcase assertions="3" classname="semanticTests.viaYul" name="function_address" time="0.120982">
</testcase>
<testcase assertions="3" classname="semanticTests.viaYul" name="function_entry_checks" time="0.231714">
</testcase>
<testcase assertions="3" classname="semanticTests.viaYul" name="function_pointers" time="0.146755">
</testcase>
<testcase assertions="3" classname="semanticTests.viaYul" name="function_selector" time="0.106038">
</testcase>
<testcase assertions="3" classname="semanticTests.viaYul" name="if" time="0.235935">
</testcase>
<testcase assertions="3" classname="semanticTests.viaYul" name="keccak" time="0.079331">
</testcase>
<testcase assertions="3" classname="semanticTests.viaYul" name="local_address_assignment" time="0.04888">
</testcase>
<testcase assertions="3" classname="semanticTests.viaYul" name="local_assignment" time="0.041328">
</testcase>
<testcase assertions="3" classname="semanticTests.viaYul" name="local_bool_assignment" time="0.046783">
</testcase>
<testcase assertions="3" classname="semanticTests.viaYul" name="local_tuple_assignment" time="0.277121">
</testcase>
<testcase assertions="3" classname="semanticTests.viaYul" name="local_variable_without_init" time="0.0328">
</testcase>
<testcase assertions="3" classname="semanticTests.viaYul.loops" name="break" time="0.12251">
</testcase>
<testcase assertions="3" classname="semanticTests.viaYul.loops" name="continue" time="0.132364">
</testcase>
<testcase assertions="3" classname="semanticTests.viaYul.loops" name="return" time="0.124741">
</testcase>
<testcase assertions="3" classname="semanticTests.viaYul.loops" name="simple" time="0.150976">
</testcase>
<testcase assertions="3" classname="semanticTests.viaYul" name="mapping_enum_key_getter" time="0.132895">
</testcase>
<testcase assertions="3" classname="semanticTests.viaYul" name="mapping_getters" time="0.155263">
</testcase>
<testcase assertions="3" classname="semanticTests.viaYul" name="mapping_string_key" time="0.160972">
</testcase>
<testcase assertions="3" classname="semanticTests.viaYul" name="memory_struct_allow" time="0.073278">
</testcase>
<testcase assertions="3" classname="semanticTests.viaYul" name="msg_sender" time="0.037112">
</testcase>
<testcase assertions="3" classname="semanticTests.viaYul" name="negation_bug" time="0.037496">
</testcase>
<testcase assertions="3" classname="semanticTests.viaYul" name="require" time="0.318192">
</testcase>
<testcase assertions="3" classname="semanticTests.viaYul" name="return" time="0.035373">
</testcase>
<testcase assertions="3" classname="semanticTests.viaYul" name="return_and_convert" time="0.035152">
</testcase>
<testcase assertions="3" classname="semanticTests.viaYul" name="return_storage_pointers" time="0.040261">
</testcase>
<testcase assertions="3" classname="semanticTests.viaYul" name="short_circuit" time="0.098691">
</testcase>
<testcase assertions="3" classname="semanticTests.viaYul" name="simple_assignment" time="0.052549">
</testcase>
<testcase assertions="3" classname="semanticTests.viaYul" name="simple_inline_asm" time="0.050324">
</testcase>
<testcase assertions="3" classname="semanticTests.viaYul" name="smoke_test" time="0.013417">
</testcase>
<testcase assertions="3" classname="semanticTests.viaYul.storage" name="dirty_storage_bytes" time="0.109934">
</testcase>
<testcase assertions="3" classname="semanticTests.viaYul.storage" name="dirty_storage_bytes_long" time="0.093268">
</testcase>
<testcase assertions="3" classname="semanticTests.viaYul.storage" name="dirty_storage_dynamic_array" time="0.119908">
</testcase>
<testcase assertions="3" classname="semanticTests.viaYul.storage" name="dirty_storage_static_array" time="0.066977">
</testcase>
<testcase assertions="3" classname="semanticTests.viaYul.storage" name="dirty_storage_struct" time="0.105567">
</testcase>
<testcase assertions="3" classname="semanticTests.viaYul.storage" name="mappings" time="0.338011">
</testcase>
<testcase assertions="3" classname="semanticTests.viaYul.storage" name="packed_storage" time="0.172006">
</testcase>
<testcase assertions="3" classname="semanticTests.viaYul.storage" name="simple_storage" time="0.069344">
</testcase>
<testcase assertions="3" classname="semanticTests.viaYul" name="string_format" time="0.198641">
</testcase>
<testcase assertions="3" classname="semanticTests.viaYul" name="string_literals" time="0.219619">
</testcase>
<testcase assertions="3" classname="semanticTests.viaYul" name="struct_member_access" time="0.727638">
</testcase>
<testcase assertions="3" classname="semanticTests.viaYul" name="tuple_evaluation_order" time="0.105212">
</testcase>
<testcase assertions="3" classname="semanticTests.viaYul" name="unary_fixedbytes" time="0.504881">
</testcase>
<testcase assertions="2" classname="semanticTests.viaYul" name="unary_operations" time="0.420501">
</testcase>
<testcase assertions="3" classname="semanticTests.viaYul" name="various_inline_asm" time="0.051636">
</testcase>
<testcase assertions="3" classname="semanticTests.viaYul" name="virtual_functions" time="0.114249">
</testcase>
<testcase assertions="3" classname="semanticTests.virtualFunctions" name="internal_virtual_function_calls" time="0.058286">
</testcase>
<testcase assertions="3" classname="semanticTests.virtualFunctions" name="internal_virtual_function_calls_through_dispatch" time="0.053405">
</testcase>
<testcase assertions="3" classname="semanticTests.virtualFunctions" name="virtual_function_calls" time="0.0869">
</testcase>
<testcase assertions="3" classname="semanticTests.virtualFunctions" name="virtual_function_usage_in_constructor_arguments" time="0.181312">
</testcase>
<testcase assertions="1" classname="ASTJSON" name="abstract_contract" time="0.001131">
</testcase>
<testcase assertions="1" classname="ASTJSON" name="address_payable" time="0.005285">
</testcase>
<testcase assertions="1" classname="ASTJSON" name="array_type_name" time="0.001011">
</testcase>
<testcase assertions="1" classname="ASTJSON.assembly" name="call" time="0.001783">
</testcase>
<testcase assertions="1" classname="ASTJSON.assembly" name="empty_block" time="0.001096">
</testcase>
<testcase assertions="1" classname="ASTJSON.assembly" name="function" time="0.001621">
</testcase>
<testcase assertions="1" classname="ASTJSON.assembly" name="leave" time="0.001182">
</testcase>
<testcase assertions="1" classname="ASTJSON.assembly" name="loop" time="0.001653">
</testcase>
<testcase assertions="1" classname="ASTJSON.assembly" name="nested_functions" time="0.001513">
</testcase>
<testcase assertions="1" classname="ASTJSON.assembly" name="slot_offset" time="0.002163">
</testcase>
<testcase assertions="1" classname="ASTJSON.assembly" name="stringlit" time="0.001208">
</testcase>
<testcase assertions="1" classname="ASTJSON.assembly" name="switch" time="0.001835">
</testcase>
<testcase assertions="1" classname="ASTJSON.assembly" name="switch_default" time="0.001366">
</testcase>
<testcase assertions="1" classname="ASTJSON.assembly" name="var_access" time="0.001587">
</testcase>
<testcase assertions="1" classname="ASTJSON" name="base_constructor_call" time="0.001894">
</testcase>
<testcase assertions="1" classname="ASTJSON" name="constructor" time="0.000867">
</testcase>
<testcase assertions="1" classname="ASTJSON" name="contract_dep_order" time="0.00144">
</testcase>
<testcase assertions="1" classname="ASTJSON" name="documentation" time="0.002094">
</testcase>
<testcase assertions="1" classname="ASTJSON" name="documentation_local_variable" time="0.004579">
</testcase>
<testcase assertions="1" classname="ASTJSON" name="documentation_on_statements" time="0.003491">
</testcase>
<testcase assertions="1" classname="ASTJSON" name="documentation_triple" time="0.003516">
</testcase>
<testcase assertions="1" classname="ASTJSON" name="enum_value" time="0.000848">
</testcase>
<testcase assertions="1" classname="ASTJSON" name="enum_value_declaration" time="0.001452">
</testcase>
<testcase assertions="1" classname="ASTJSON" name="event_definition" time="0.000705">
</testcase>
<testcase assertions="1" classname="ASTJSON" name="fallback" time="0.000827">
</testcase>
<testcase assertions="1" classname="ASTJSON" name="fallback_and_reveice_ether" time="0.001087">
</testcase>
<testcase assertions="1" classname="ASTJSON" name="fallback_payable" time="0.000904">
</testcase>
<testcase assertions="1" classname="ASTJSON" name="function_type" time="0.002177">
</testcase>
<testcase assertions="1" classname="ASTJSON" name="global_enum" time="0.000552">
</testcase>
<testcase assertions="1" classname="ASTJSON" name="global_struct" time="0.000695">
</testcase>
<testcase assertions="1" classname="ASTJSON" name="inheritance_specifier" time="0.000779">
</testcase>
<testcase assertions="1" classname="ASTJSON" name="license" time="0.00057">
</testcase>
<testcase assertions="1" classname="ASTJSON" name="long_type_name_binary_operation" time="0.001731">
</testcase>
<testcase assertions="1" classname="ASTJSON" name="long_type_name_identifier" time="0.001759">
</testcase>
<testcase assertions="1" classname="ASTJSON" name="mappings" time="0.001945">
</testcase>
<testcase assertions="1" classname="ASTJSON" name="modifier_definition" time="0.001739">
</testcase>
<testcase assertions="1" classname="ASTJSON" name="modifier_invocation" time="0.001651">
</testcase>
<testcase assertions="1" classname="ASTJSON" name="mutability" time="0.001585">
</testcase>
<testcase assertions="1" classname="ASTJSON" name="non_utf8" time="0.001317">
</testcase>
<testcase assertions="1" classname="ASTJSON" name="not_existing_import" time="0.000712">
</testcase>
<testcase assertions="1" classname="ASTJSON" name="override" time="0.002587">
</testcase>
<testcase assertions="1" classname="ASTJSON" name="placeholder_statement" time="0.000806">
</testcase>
<testcase assertions="1" classname="ASTJSON" name="receive_ether" time="0.000853">
</testcase>
<testcase assertions="1" classname="ASTJSON" name="short_type_name" time="0.00136">
</testcase>
<testcase assertions="1" classname="ASTJSON" name="short_type_name_ref" time="0.001449">
</testcase>
<testcase assertions="1" classname="ASTJSON" name="smoke" time="0.000594">
</testcase>
<testcase assertions="1" classname="ASTJSON" name="source_location" time="0.001656">
</testcase>
<testcase assertions="1" classname="ASTJSON" name="string" time="0.001428">
</testcase>
<testcase assertions="1" classname="ASTJSON" name="two_base_functions" time="0.002091">
</testcase>
<testcase assertions="1" classname="ASTJSON" name="unicode" time="0.001402">
</testcase>
<testcase assertions="1" classname="ASTJSON" name="used_errors" time="0.001953">
</testcase>
<testcase assertions="1" classname="ASTJSON" name="using_for_directive" time="0.000875">
</testcase>
<testcase assertions="1" classname="ASTJSON" name="yul_hex_literal" time="0.001569">
</testcase>
<testcase assertions="1" classname="ABIJson" name="basic_test" time="0.00051">
</testcase>
<testcase assertions="1" classname="ABIJson" name="constructor_abi" time="0.000456">
</testcase>
<testcase assertions="1" classname="ABIJson" name="empty_contract" time="0.000288">
</testcase>
<testcase assertions="1" classname="ABIJson" name="empty_name_input_parameter_with_named_one" time="0.000526">
</testcase>
<testcase assertions="1" classname="ABIJson" name="empty_name_return_parameters" time="0.00044">
</testcase>
<testcase assertions="1" classname="ABIJson" name="errors" time="0.000713">
</testcase>
<testcase assertions="1" classname="ABIJson" name="errors_referenced" time="0.000824">
</testcase>
<testcase assertions="1" classname="ABIJson" name="events" time="0.000625">
</testcase>
<testcase assertions="1" classname="ABIJson" name="events_anonymous" time="0.000329">
</testcase>
<testcase assertions="1" classname="ABIJson" name="event_structs" time="0.000567">
</testcase>
<testcase assertions="1" classname="ABIJson" name="function_type" time="0.00041">
</testcase>
<testcase assertions="1" classname="ABIJson" name="function_type_extended" time="0.000406">
</testcase>
<testcase assertions="1" classname="ABIJson" name="global_struct" time="0.000559">
</testcase>
<testcase assertions="1" classname="ABIJson" name="include_fallback_function" time="0.000333">
</testcase>
<testcase assertions="1" classname="ABIJson" name="inherited" time="0.000839">
</testcase>
<testcase assertions="1" classname="ABIJson" name="internal_constructor" time="0.000408">
</testcase>
<testcase assertions="1" classname="ABIJson" name="library_function" time="0.000737">
</testcase>
<testcase assertions="1" classname="ABIJson" name="multiple_methods" time="0.000571">
</testcase>
<testcase assertions="1" classname="ABIJson" name="multiple_methods_order" time="0.000549">
</testcase>
<testcase assertions="1" classname="ABIJson" name="multiple_params" time="0.000476">
</testcase>
<testcase assertions="1" classname="ABIJson" name="payable_constructor_abi" time="0.000411">
</testcase>
<testcase assertions="1" classname="ABIJson" name="payable_fallback_function" time="0.000316">
</testcase>
<testcase assertions="1" classname="ABIJson" name="payable_function" time="0.000384">
</testcase>
<testcase assertions="1" classname="ABIJson" name="pure_function" time="0.000574">
</testcase>
<testcase assertions="1" classname="ABIJson" name="receive_ether_and_fallback_function" time="0.000376">
</testcase>
<testcase assertions="1" classname="ABIJson" name="receive_ether_function" time="0.000326">
</testcase>
<testcase assertions="1" classname="ABIJson" name="return_param_in_abi" time="0.000527">
</testcase>
<testcase assertions="1" classname="ABIJson" name="return_structs" time="0.000553">
</testcase>
<testcase assertions="1" classname="ABIJson" name="return_structs_with_contracts" time="0.000511">
</testcase>
<testcase assertions="1" classname="ABIJson" name="structs_and_arrays" time="0.000456">
</testcase>
<testcase assertions="1" classname="ABIJson" name="structs_in_libraries" time="0.000644">
</testcase>
<testcase assertions="1" classname="ABIJson" name="view_function" time="0.000576">
</testcase>
<testcase assertions="1" classname="gasTests" name="abiv2" time="0.041993">
</testcase>
<testcase assertions="1" classname="gasTests" name="abiv2_optimised" time="0.776274">
</testcase>
<testcase assertions="1" classname="gasTests" name="data_storage" time="0.00575">
</testcase>
<testcase assertions="1" classname="gasTests" name="dispatch_large" time="0.017355">
</testcase>
<testcase assertions="1" classname="gasTests" name="dispatch_large_optimised" time="0.046783">
</testcase>
<testcase assertions="1" classname="gasTests" name="dispatch_medium" time="0.007648">
</testcase>
<testcase assertions="1" classname="gasTests" name="dispatch_medium_optimised" time="0.025037">
</testcase>
<testcase assertions="1" classname="gasTests" name="dispatch_small" time="0.003765">
</testcase>
<testcase assertions="1" classname="gasTests" name="dispatch_small_optimised" time="0.015389">
</testcase>
<testcase assertions="1" classname="gasTests" name="exp" time="0.003814">
</testcase>
<testcase assertions="1" classname="gasTests" name="exp_optimized" time="0.01394">
</testcase>
<testcase assertions="1" classname="gasTests" name="storage_costs" time="0.010583">
</testcase>
</testsuite>