mode: set
github.com/ethereum/go-ethereum/abi/abi.go:27.39,31.32 4 1
github.com/ethereum/go-ethereum/abi/abi.go:35.2,37.8 2 1
github.com/ethereum/go-ethereum/abi/abi.go:31.32,34.3 2 1
github.com/ethereum/go-ethereum/abi/abi.go:40.29,42.2 1 1
github.com/ethereum/go-ethereum/abi/abi.go:51.53,57.16 3 1
github.com/ethereum/go-ethereum/abi/abi.go:61.2,62.16 2 1
github.com/ethereum/go-ethereum/abi/abi.go:65.2,67.12 2 1
github.com/ethereum/go-ethereum/abi/abi.go:57.16,59.3 1 0
github.com/ethereum/go-ethereum/abi/abi.go:62.16,64.3 1 0
github.com/ethereum/go-ethereum/abi/abi.go:79.71,83.25 3 1
github.com/ethereum/go-ethereum/abi/abi.go:94.2,94.17 1 1
github.com/ethereum/go-ethereum/abi/abi.go:83.25,87.17 3 1
github.com/ethereum/go-ethereum/abi/abi.go:90.3,90.31 1 1
github.com/ethereum/go-ethereum/abi/abi.go:87.17,89.4 1 1
github.com/ethereum/go-ethereum/abi/abi.go:102.71,104.12 2 1
github.com/ethereum/go-ethereum/abi/abi.go:109.2,109.36 1 1
github.com/ethereum/go-ethereum/abi/abi.go:113.2,114.16 2 1
github.com/ethereum/go-ethereum/abi/abi.go:119.2,122.20 3 1
github.com/ethereum/go-ethereum/abi/abi.go:104.12,106.3 1 1
github.com/ethereum/go-ethereum/abi/abi.go:109.36,111.3 1 1
github.com/ethereum/go-ethereum/abi/abi.go:114.16,116.3 1 1
github.com/ethereum/go-ethereum/abi/abi.go:125.50,127.55 2 1
github.com/ethereum/go-ethereum/abi/abi.go:131.2,132.33 2 1
github.com/ethereum/go-ethereum/abi/abi.go:136.2,136.12 1 1
github.com/ethereum/go-ethereum/abi/abi.go:127.55,129.3 1 0
github.com/ethereum/go-ethereum/abi/abi.go:132.33,134.3 1 1
github.com/ethereum/go-ethereum/abi/abi.go:139.42,143.41 3 1
github.com/ethereum/go-ethereum/abi/abi.go:147.2,147.17 1 1
github.com/ethereum/go-ethereum/abi/abi.go:143.41,145.3 1 0
github.com/ethereum/go-ethereum/abi/numbers.go:39.30,41.2 1 1
github.com/ethereum/go-ethereum/abi/numbers.go:43.30,46.32 3 1
github.com/ethereum/go-ethereum/abi/numbers.go:56.2,56.12 1 1
github.com/ethereum/go-ethereum/abi/numbers.go:46.32,47.25 1 1
github.com/ethereum/go-ethereum/abi/numbers.go:47.25,48.14 1 1
github.com/ethereum/go-ethereum/abi/numbers.go:52.4,52.9 1 1
github.com/ethereum/go-ethereum/abi/numbers.go:48.14,50.13 2 1
github.com/ethereum/go-ethereum/abi/numbers.go:59.30,61.2 1 1
github.com/ethereum/go-ethereum/abi/numbers.go:63.29,65.2 1 1
github.com/ethereum/go-ethereum/abi/numbers.go:67.51,68.36 1 1
github.com/ethereum/go-ethereum/abi/numbers.go:91.2,91.12 1 1
github.com/ethereum/go-ethereum/abi/numbers.go:69.2,70.19 1 1
github.com/ethereum/go-ethereum/abi/numbers.go:75.2,76.19 1 1
github.com/ethereum/go-ethereum/abi/numbers.go:81.2,83.19 1 1
github.com/ethereum/go-ethereum/abi/numbers.go:70.19,72.4 1 1
github.com/ethereum/go-ethereum/abi/numbers.go:72.4,74.4 1 1
github.com/ethereum/go-ethereum/abi/numbers.go:76.19,78.4 1 1
github.com/ethereum/go-ethereum/abi/numbers.go:78.4,80.4 1 1
github.com/ethereum/go-ethereum/abi/numbers.go:83.19,85.4 1 1
github.com/ethereum/go-ethereum/abi/numbers.go:85.4,87.4 1 1
github.com/ethereum/go-ethereum/abi/numbers.go:94.37,95.18 1 1
github.com/ethereum/go-ethereum/abi/numbers.go:101.2,101.14 1 1
github.com/ethereum/go-ethereum/abi/numbers.go:96.2,97.14 1 1
github.com/ethereum/go-ethereum/abi/numbers.go:98.2,99.14 1 1
github.com/ethereum/go-ethereum/abi/type.go:32.46,35.16 2 1
github.com/ethereum/go-ethereum/abi/type.go:38.2,43.9 3 1
github.com/ethereum/go-ethereum/abi/type.go:55.2,56.16 2 1
github.com/ethereum/go-ethereum/abi/type.go:60.2,64.55 4 1
github.com/ethereum/go-ethereum/abi/type.go:69.2,69.13 1 1
github.com/ethereum/go-ethereum/abi/type.go:111.2,113.8 2 1
github.com/ethereum/go-ethereum/abi/type.go:35.16,37.3 1 0
github.com/ethereum/go-ethereum/abi/type.go:44.2,47.17 2 1
github.com/ethereum/go-ethereum/abi/type.go:48.2,50.12 2 1
github.com/ethereum/go-ethereum/abi/type.go:51.2,52.60 1 0
github.com/ethereum/go-ethereum/abi/type.go:56.16,58.3 1 0
github.com/ethereum/go-ethereum/abi/type.go:64.55,67.3 2 1
github.com/ethereum/go-ethereum/abi/type.go:69.13,72.16 3 1
github.com/ethereum/go-ethereum/abi/type.go:73.3,74.21 1 0
github.com/ethereum/go-ethereum/abi/type.go:75.3,76.22 1 1
github.com/ethereum/go-ethereum/abi/type.go:77.3,78.66 1 0
github.com/ethereum/go-ethereum/abi/type.go:80.3,81.16 1 1
github.com/ethereum/go-ethereum/abi/type.go:82.3,86.17 4 0
github.com/ethereum/go-ethereum/abi/type.go:87.3,91.18 4 1
github.com/ethereum/go-ethereum/abi/type.go:92.3,93.27 1 1
github.com/ethereum/go-ethereum/abi/type.go:94.3,95.30 1 0
github.com/ethereum/go-ethereum/abi/type.go:96.3,100.21 4 1
github.com/ethereum/go-ethereum/abi/type.go:101.3,104.17 3 1
github.com/ethereum/go-ethereum/abi/type.go:107.3,108.60 1 0
github.com/ethereum/go-ethereum/abi/type.go:104.17,106.5 1 1
github.com/ethereum/go-ethereum/abi/type.go:116.37,118.2 1 1
github.com/ethereum/go-ethereum/abi/type.go:126.51,128.36 2 1
github.com/ethereum/go-ethereum/abi/type.go:179.2,179.20 1 0
github.com/ethereum/go-ethereum/abi/type.go:129.2,130.23 1 1
github.com/ethereum/go-ethereum/abi/type.go:133.3,133.34 1 1
github.com/ethereum/go-ethereum/abi/type.go:134.2,135.23 1 1
github.com/ethereum/go-ethereum/abi/type.go:138.3,138.34 1 1
github.com/ethereum/go-ethereum/abi/type.go:139.2,142.49 1 1
github.com/ethereum/go-ethereum/abi/type.go:145.3,145.34 1 1
github.com/ethereum/go-ethereum/abi/type.go:146.2,147.42 1 1
github.com/ethereum/go-ethereum/abi/type.go:150.3,150.60 1 1
github.com/ethereum/go-ethereum/abi/type.go:151.2,152.42 1 1
github.com/ethereum/go-ethereum/abi/type.go:157.3,157.23 1 1
github.com/ethereum/go-ethereum/abi/type.go:162.3,162.78 1 1
github.com/ethereum/go-ethereum/abi/type.go:166.3,167.36 2 1
github.com/ethereum/go-ethereum/abi/type.go:170.3,170.21 1 1
github.com/ethereum/go-ethereum/abi/type.go:171.2,172.19 1 1
github.com/ethereum/go-ethereum/abi/type.go:130.23,132.4 1 0
github.com/ethereum/go-ethereum/abi/type.go:135.23,137.4 1 0
github.com/ethereum/go-ethereum/abi/type.go:142.49,144.4 1 1
github.com/ethereum/go-ethereum/abi/type.go:147.42,149.4 1 1
github.com/ethereum/go-ethereum/abi/type.go:152.42,154.4 1 1
github.com/ethereum/go-ethereum/abi/type.go:157.23,159.4 1 1
github.com/ethereum/go-ethereum/abi/type.go:162.78,164.4 1 0
github.com/ethereum/go-ethereum/abi/type.go:167.36,169.4 1 1
github.com/ethereum/go-ethereum/abi/type.go:172.19,174.4 1 1
github.com/ethereum/go-ethereum/abi/type.go:174.4,176.4 1 0
